2020-5-21, 15:47:32.320 UTC
[15:47:32.321 UTC] OS: darwin x64
[15:47:32.321 UTC] Adapter node: v12.16.1 x64
[15:47:32.321 UTC] vscode-chrome-debug-core: 6.8.9
[15:47:32.321 UTC] debugger-for-chrome: 4.12.8
[15:47:32.321 UTC] From client: initialize({"adapterID":"chrome","linesStartAt1":true,"columnsStartAt1":true,"pathFormat":"path"})
[15:47:32.321 UTC] To client: {"seq":0,"type":"response","request_seq":1,"command":"initialize","success":true,"body":{"exceptionBreakpointFilters":[{"label":"All Exceptions","filter":"all","default":false},{"label":"Uncaught Exceptions","filter":"uncaught","default":false}],"supportsConfigurationDoneRequest":true,"supportsSetVariable":true,"supportsConditionalBreakpoints":true,"supportsCompletionsRequest":true,"supportsHitConditionalBreakpoints":true,"supportsRestartFrame":true,"supportsExceptionInfoRequest":true,"supportsDelayedStackTraceLoading":true,"supportsValueFormattingOptions":true,"supportsEvaluateForHovers":true,"supportsLoadedSourcesRequest":true,"supportsBreakpointLocationsRequest":true,"supportsRestartRequest":true,"supportsSetExpression":true,"supportsLogPoints":true}}
[15:47:32.321 UTC] To client: {"seq":0,"type":"event","event":"output","body":{"category":"telemetry","output":"ClientRequest/initialize","data":{"Versions.DebugAdapterCore":"6.8.9","Versions.DebugAdapter":"4.12.8","successful":"true","timeTakenInMilliseconds":"1.644047","requestType":"request"}}}
[15:47:32.321 UTC] From client: launch({"url":"http://localhost:7890/index.html","webRoot":"/Users/roblou/code/vscode-chrome-debug/testdata/columns","trace":"verbose","logTimestamps":true,"disableNetworkCache":true,"logFilePath":"/Users/roblou/code/vscode-chrome-debug/logs/darwin-Breakpoints Column BPs BP col is adjusted to correct col-DA.log","runtimeExecutable":"/Users/roblou/code/vscode-chrome-debug/node_modules/puppeteer/.local-chromium/mac-686378/chrome-mac/Chromium.app/Contents/MacOS/Chromium","userDataDir":"/var/folders/tx/p0ycbfpj37786p760wwdg6y80000gn/T/chrome2-3540wuR2KCTWUsCf"})
[15:47:32.321 UTC] To client: {"seq":0,"type":"event","event":"output","body":{"category":"telemetry","output":"debugStarted","data":{"Versions.DebugAdapterCore":"6.8.9","Versions.DebugAdapter":"4.12.8","request":"launch","args":["url","webRoot","trace","logTimestamps","disableNetworkCache","logFilePath","runtimeExecutable","userDataDir","breakOnLoadStrategy","pathMapping","sourceMaps","sourceMapPathOverrides","skipFileRegExps","targetFilter","smartStep","showAsyncStacks"]}}}
[15:47:32.321 UTC] spawn('/Users/roblou/code/vscode-chrome-debug/node_modules/puppeteer/.local-chromium/mac-686378/chrome-mac/Chromium.app/Contents/MacOS/Chromium', ["--remote-debugging-port=9222","--no-first-run","--no-default-browser-check","--user-data-dir=/var/folders/tx/p0ycbfpj37786p760wwdg6y80000gn/T/chrome2-3540wuR2KCTWUsCf","about:blank"])
[15:47:32.321 UTC] Getting browser and debug protocol version via http://127.0.0.1:9222/json/version
[15:47:32.321 UTC] Discovering targets via http://127.0.0.1:9222/json/list
[15:47:32.353 UTC] Got browser version: Chrome/78.0.3882.0
[15:47:32.353 UTC] Got debug protocol version: 1.3
[15:47:32.354 UTC] To client: {"seq":0,"type":"event","event":"output","body":{"category":"telemetry","output":"targetDebugProtocolVersion","data":{"Versions.DebugAdapterCore":"6.8.9","Versions.DebugAdapter":"4.12.8"}}}
[15:47:32.355 UTC] To client: {"seq":0,"type":"event","event":"output","body":{"category":"telemetry","output":"targetCount","data":{"Versions.DebugAdapterCore":"6.8.9","Versions.DebugAdapter":"4.12.8","numTargets":0}}}
[15:47:32.561 UTC] Getting browser and debug protocol version via http://127.0.0.1:9222/json/version
[15:47:32.562 UTC] Discovering targets via http://127.0.0.1:9222/json/list
[15:47:32.564 UTC] HTTP GET failed: Error: connect ECONNREFUSED 127.0.0.1:9222
[15:47:32.564 UTC] There was an error connecting to http://127.0.0.1:9222/json/version : connect ECONNREFUSED 127.0.0.1:9222
[15:47:32.564 UTC] HTTP GET failed: Error: connect ECONNREFUSED 127.0.0.1:9222
[15:47:32.564 UTC] Discovering targets via http://127.0.0.1:9222/json
[15:47:32.565 UTC] HTTP GET failed: Error: connect ECONNREFUSED 127.0.0.1:9222
[15:47:32.768 UTC] Getting browser and debug protocol version via http://127.0.0.1:9222/json/version
[15:47:32.768 UTC] Discovering targets via http://127.0.0.1:9222/json/list
[15:47:37.995 UTC] Got browser version: Chrome/78.0.3882.0
[15:47:37.995 UTC] Got debug protocol version: 1.3
[15:47:37.995 UTC] To client: {"seq":0,"type":"event","event":"output","body":{"category":"telemetry","output":"targetDebugProtocolVersion","data":{"Versions.DebugAdapterCore":"6.8.9","Versions.DebugAdapter":"4.12.8"}}}
[15:47:37.996 UTC] To client: {"seq":0,"type":"event","event":"output","body":{"category":"telemetry","output":"targetCount","data":{"Versions.DebugAdapterCore":"6.8.9","Versions.DebugAdapter":"4.12.8","numTargets":1}}}
[15:47:37.996 UTC] Attaching to target: {"description":"","devtoolsFrontendUrl":"/devtools/inspector.html?ws=localhost/devtools/page/BF8A331C9A379629D5DC5CC89E27AAE3","id":"BF8A331C9A379629D5DC5CC89E27AAE3","title":"","type":"page","url":"about:blank","webSocketDebuggerUrl":"ws://127.0.0.1:9222/devtools/page/BF8A331C9A379629D5DC5CC89E27AAE3","version":{}}
[15:47:37.996 UTC] WebSocket Url: ws://127.0.0.1:9222/devtools/page/BF8A331C9A379629D5DC5CC89E27AAE3
[15:47:38.015 UTC] → To target: "{\"id\":1,\"method\":\"Console.enable\"}"
[15:47:38.015 UTC] → To target: "{\"id\":2,\"method\":\"Debugger.enable\"}"
[15:47:38.016 UTC] → To target: "{\"id\":3,\"method\":\"Runtime.enable\"}"
[15:47:38.016 UTC] → To target: "{\"id\":4,\"method\":\"Log.enable\"}"
[15:47:38.016 UTC] → To target: "{\"id\":5,\"method\":\"Runtime.runIfWaitingForDebugger\"}"
[15:47:38.016 UTC] → To target: "{\"id\":6,\"method\":\"Runtime.run\"}"
[15:47:38.016 UTC] → To target: "{\"id\":7,\"method\":\"Page.enable\"}"
[15:47:38.016 UTC] → To target: "{\"id\":8,\"method\":\"Network.enable\",\"params\":{}}"
[15:47:38.035 UTC] ← From target: {"id":1,"result":{}}
[15:47:38.036 UTC] ← From target: {"id":2,"result":{"debuggerId":"(86027519A189888438D4972E03B36DF8)"}}
[15:47:38.036 UTC] ← From target: {"method":"Runtime.executionContextCreated","params":{"context":{"id":1,"origin":"://","name":"","auxData":{"isDefault":true,"type":"default","frameId":"BF8A331C9A379629D5DC5CC89E27AAE3"}}}}
[15:47:38.036 UTC] ← From target: {"id":3,"result":{}}
[15:47:38.037 UTC] ← From target: {"id":4,"result":{}}
[15:47:38.037 UTC] ← From target: {"id":5,"result":{}}
[15:47:38.037 UTC] ← From target: {"error":{"code":-32601,"message":"'Runtime.run' wasn't found"},"id":6}
[15:47:38.037 UTC] ← From target: {"id":7,"result":{}}
[15:47:38.038 UTC] ← From target: {"id":8,"result":{}}
[15:47:38.038 UTC] → To target: "{\"id\":9,\"method\":\"Debugger.setBlackboxPatterns\",\"params\":{\"patterns\":[\"^chrome-extension:.*\"]}}"
[15:47:38.038 UTC] → To target: "{\"id\":10,\"method\":\"Schema.getDomains\"}"
[15:47:38.039 UTC] ← From target: {"method":"Page.frameResized","params":{}}
[15:47:38.039 UTC] ← From target: {"id":10,"result":{"domains":[{"name":"Inspector","version":"1.2"},{"name":"Memory","version":"1.2"},{"name":"Page","version":"1.2"},{"name":"Emulation","version":"1.2"},{"name":"Security","version":"1.2"},{"name":"Network","version":"1.2"},{"name":"Database","version":"1.2"},{"name":"IndexedDB","version":"1.2"},{"name":"CacheStorage","version":"1.2"},{"name":"DOMStorage","version":"1.2"},{"name":"CSS","version":"1.2"},{"name":"ApplicationCache","version":"1.2"},{"name":"DOM","version":"1.2"},{"name":"IO","version":"1.2"},{"name":"DOMDebugger","version":"1.2"},{"name":"DOMSnapshot","version":"1.2"},{"name":"ServiceWorker","version":"1.2"},{"name":"Input","version":"1.2"},{"name":"LayerTree","version":"1.2"},{"name":"DeviceOrientation","version":"1.2"},{"name":"Tracing","version":"1.2"},{"name":"Animation","version":"1.2"},{"name":"Accessibility","version":"1.2"},{"name":"Storage","version":"1.2"},{"name":"Log","version":"1.2"},{"name":"Runtime","version":"1.2"},{"name":"Debugger","version":"1.2"},{"name":"Profiler","version":"1.2"},{"name":"HeapProfiler","version":"1.2"},{"name":"Schema","version":"1.2"},{"name":"Target","version":"1.2"},{"name":"Overlay","version":"1.2"},{"name":"Performance","version":"1.2"},{"name":"Audits","version":"1.2"},{"name":"HeadlessExperimental","version":"1.2"}]}}
[15:47:38.040 UTC] → To target: "{\"id\":11,\"method\":\"Debugger.setAsyncCallStackDepth\",\"params\":{\"maxDepth\":4}}"
[15:47:38.040 UTC] ← From target: {"id":9,"result":{}}
[15:47:38.040 UTC] ← From target: {"id":11,"result":{}}
[15:47:38.041 UTC] → To target: "{\"id\":12,\"method\":\"Runtime.evaluate\",\"params\":{\"expression\":\"navigator.userAgent\",\"silent\":true}}"
[15:47:38.041 UTC] → To target: "{\"id\":13,\"method\":\"Browser.getVersion\"}"
[15:47:38.041 UTC] To client: {"seq":0,"type":"response","request_seq":2,"command":"launch","success":true}
[15:47:38.042 UTC] To client: {"seq":0,"type":"event","event":"output","body":{"category":"telemetry","output":"ClientRequest/launch","data":{"Versions.DebugAdapterCore":"6.8.9","Versions.DebugAdapter":"4.12.8","successful":"true","timeTakenInMilliseconds":"5742.136684","requestType":"request"}}}
[15:47:38.042 UTC] ← From target: {"id":13,"result":{"protocolVersion":"1.3","product":"Chrome/78.0.3882.0","revision":"@19d4547535ab5aba70b4730443f84e8153052174","userAgent":"Mozilla/5.0 (Macintosh; Intel Mac OS X 10_15_4) AppleWebKit/537.36 (KHTML, like Gecko) Chrome/78.0.3882.0 Safari/537.36","jsVersion":"7.8.89"}}
[15:47:38.042 UTC] To client: {"seq":0,"type":"event","event":"output","body":{"category":"telemetry","output":"target-version","data":{"Versions.DebugAdapterCore":"6.8.9","Versions.DebugAdapter":"4.12.8","Versions.Target.CRDPVersion":"1.3","Versions.Target.Revision":"@19d4547535ab5aba70b4730443f84e8153052174","Versions.Target.UserAgent":"Mozilla/5.0 (Macintosh; Intel Mac OS X 10_15_4) AppleWebKit/537.36 (KHTML, like Gecko) Chrome/78.0.3882.0 Safari/537.36","Versions.Target.V8":"7.8.89","Versions.Target.Project":"Chrome","Versions.Target.Version":"78.0.3882.0"}}}
[15:47:38.045 UTC] ← From target: {"method":"Debugger.scriptParsed","params":{"scriptId":"13","url":"","startLine":0,"startColumn":0,"endLine":0,"endColumn":19,"executionContextId":1,"hash":"3a6f8cb8708878331cc2be2ec90de0ab25738855","executionContextAuxData":{"isDefault":true,"type":"default","frameId":"BF8A331C9A379629D5DC5CC89E27AAE3"},"isLiveEdit":false,"sourceMapURL":"","hasSourceURL":false,"isModule":false,"length":19}}
[15:47:38.047 UTC] → To target: "{\"id\":14,\"method\":\"Debugger.getPossibleBreakpoints\",\"params\":{\"start\":{\"scriptId\":\"13\",\"lineNumber\":0,\"columnNumber\":0},\"end\":{\"scriptId\":\"13\",\"lineNumber\":1,\"columnNumber\":0},\"restrictToFunction\":false}}"
[15:47:38.049 UTC] ← From target: {"id":12,"result":{"result":{"type":"string","value":"Mozilla/5.0 (Macintosh; Intel Mac OS X 10_15_4) AppleWebKit/537.36 (KHTML, like Gecko) Chrome/78.0.3882.0 Safari/537.36"}}}
[15:47:38.049 UTC] Target userAgent: Mozilla/5.0 (Macintosh; Intel Mac OS X 10_15_4) AppleWebKit/537.36 (KHTML, like Gecko) Chrome/78.0.3882.0 Safari/537.36
[15:47:38.049 UTC] → To target: "{\"id\":15,\"method\":\"Network.setCacheDisabled\",\"params\":{\"cacheDisabled\":true}}"
[15:47:38.051 UTC] ← From target: {"id":14,"result":{"locations":[{"scriptId":"13","lineNumber":0,"columnNumber":0}]}}
[15:47:38.051 UTC] To client: {"seq":0,"type":"event","event":"initialized"}
[15:47:38.052 UTC] To client: {"seq":0,"type":"event","event":"loadedSource","body":{"reason":"new","source":{"name":"VM13","path":"<eval>/VM13","sourceReference":1000}}}
[15:47:38.053 UTC] From client: setBreakpoints({"lines":[4],"breakpoints":[{"line":4,"column":19}],"source":{"path":"/Users/roblou/code/vscode-chrome-debug/testdata/columns/src/script.ts"}})
[15:47:38.053 UTC] To client: {"seq":0,"type":"event","event":"output","body":{"category":"telemetry","output":"setBreakpointsRequest","data":{"Versions.DebugAdapterCore":"6.8.9","Versions.DebugAdapter":"4.12.8","Versions.Target.CRDPVersion":"1.3","Versions.Target.Revision":"@19d4547535ab5aba70b4730443f84e8153052174","Versions.Target.UserAgent":"Mozilla/5.0 (Macintosh; Intel Mac OS X 10_15_4) AppleWebKit/537.36 (KHTML, like Gecko) Chrome/78.0.3882.0 Safari/537.36","Versions.Target.V8":"7.8.89","Versions.Target.Project":"Chrome","Versions.Target.Version":"78.0.3882.0","fileExt":".ts"}}}
[15:47:38.054 UTC] SourceMaps.setBP: /Users/roblou/code/vscode-chrome-debug/testdata/columns/src/script.ts can't be resolved to a loaded script. It may just not be loaded yet.
[15:47:38.054 UTC] Paths.setBP: No target url cached yet for client path: /Users/roblou/code/vscode-chrome-debug/testdata/columns/src/script.ts.
[15:47:38.054 UTC] → To target: "{\"id\":16,\"method\":\"DOMDebugger.setInstrumentationBreakpoint\",\"params\":{\"eventName\":\"scriptFirstStatement\"}}"
[15:47:38.055 UTC] ← From target: {"id":15,"result":{}}
[15:47:38.056 UTC] ← From target: {"id":16,"result":{}}
[15:47:38.056 UTC] To client: {"seq":0,"type":"response","request_seq":3,"command":"setBreakpoints","success":true,"body":{"breakpoints":[{"id":1000,"verified":false,"message":"Breakpoint set but not yet bound"}]}}
[15:47:38.057 UTC] To client: {"seq":0,"type":"event","event":"output","body":{"category":"telemetry","output":"ClientRequest/setBreakpoints","data":{"Versions.DebugAdapterCore":"6.8.9","Versions.DebugAdapter":"4.12.8","Versions.Target.CRDPVersion":"1.3","Versions.Target.Revision":"@19d4547535ab5aba70b4730443f84e8153052174","Versions.Target.UserAgent":"Mozilla/5.0 (Macintosh; Intel Mac OS X 10_15_4) AppleWebKit/537.36 (KHTML, like Gecko) Chrome/78.0.3882.0 Safari/537.36","Versions.Target.V8":"7.8.89","Versions.Target.Project":"Chrome","Versions.Target.Version":"78.0.3882.0","successful":"true","timeTakenInMilliseconds":"3.880683","requestType":"request"}}}
[15:47:38.057 UTC] From client: configurationDone(undefined)
[15:47:38.057 UTC] → To target: "{\"id\":17,\"method\":\"Page.navigate\",\"params\":{\"url\":\"http://localhost:7890/index.html\"}}"
[15:47:38.057 UTC] To client: {"seq":0,"type":"response","request_seq":4,"command":"configurationDone","success":true}
[15:47:38.057 UTC] To client: {"seq":0,"type":"event","event":"output","body":{"category":"telemetry","output":"ClientRequest/configurationDone","data":{"Versions.DebugAdapterCore":"6.8.9","Versions.DebugAdapter":"4.12.8","Versions.Target.CRDPVersion":"1.3","Versions.Target.Revision":"@19d4547535ab5aba70b4730443f84e8153052174","Versions.Target.UserAgent":"Mozilla/5.0 (Macintosh; Intel Mac OS X 10_15_4) AppleWebKit/537.36 (KHTML, like Gecko) Chrome/78.0.3882.0 Safari/537.36","Versions.Target.V8":"7.8.89","Versions.Target.Project":"Chrome","Versions.Target.Version":"78.0.3882.0","successful":"true","timeTakenInMilliseconds":"0.477941","requestType":"request"}}}
[15:47:38.064 UTC] ← From target: {"id":17,"result":{"frameId":"BF8A331C9A379629D5DC5CC89E27AAE3","loaderId":"37400DE7CB7AB02DA3E6473CFFE74EAF"}}
[15:47:38.076 UTC] ← From target: {"method":"Page.frameStartedLoading","params":{"frameId":"BF8A331C9A379629D5DC5CC89E27AAE3"}}
[15:47:38.077 UTC] ← From target: {"method":"Runtime.executionContextDestroyed","params":{"executionContextId":1}}
[15:47:38.077 UTC] ← From target: {"method":"Runtime.executionContextsCleared","params":{}}
[15:47:38.078 UTC] To client: {"seq":0,"type":"event","event":"loadedSource","body":{"reason":"removed","source":{"name":"VM13","path":"<eval>/VM13","sourceReference":1000}}}
[15:47:38.078 UTC] ← From target: {"method":"Page.frameNavigated","params":{"frame":{"id":"BF8A331C9A379629D5DC5CC89E27AAE3","loaderId":"37400DE7CB7AB02DA3E6473CFFE74EAF","url":"http://localhost:7890/index.html","securityOrigin":"http://localhost:7890","mimeType":"text/html"}}}
[15:47:38.079 UTC] To client: {"seq":0,"type":"event","event":"output","body":{"category":"telemetry","output":"report-start-up-timings","data":{"Versions.DebugAdapterCore":"6.8.9","Versions.DebugAdapter":"4.12.8","Versions.Target.CRDPVersion":"1.3","Versions.Target.Revision":"@19d4547535ab5aba70b4730443f84e8153052174","Versions.Target.UserAgent":"Mozilla/5.0 (Macintosh; Intel Mac OS X 10_15_4) AppleWebKit/537.36 (KHTML, like Gecko) Chrome/78.0.3882.0 Safari/537.36","Versions.Target.V8":"7.8.89","Versions.Target.Project":"Chrome","Versions.Target.Version":"78.0.3882.0","RequestedContentWasDetected":"true","Steps":"[\"BeforeFirstStep\",\"ClientRequest/initialize\",\"ClientRequest/launch\",\"LaunchTarget.LaunchExe\",\"Attach\",\"Attach.RequestDebuggerTargetsInformation\",\"Attach.ProcessDebuggerTargetsInformation\",\"Attach.RequestDebuggerTargetsInformation\",\"Attach.RequestDebuggerTargetsInformation\",\"Attach.ProcessDebuggerTargetsInformation\",\"Attach.AttachToTargetDebuggerWebsocket\",\"Attach.ConfigureDebuggingSession.Internal\",\"Attach.ConfigureDebuggingSession.Target\",\"Attach.ConfigureDebuggingSession.End\"]","All":"5791.720955","Request.ClientRequest/setBreakpoints.startTime":"[1590076058053]","Request.ClientRequest/setBreakpoints.timeTakenInMilliseconds":"[3.880683]","Request.ClientRequest/configurationDone.startTime":"[1590076058057]","Request.ClientRequest/configurationDone.timeTakenInMilliseconds":"[0.477941]","BeforeFirstStep":"[9.917526]","WaitingAfter.ClientRequest/initialize":"[11.496917]","ClientRequest/initialize":"[2.064749]","ClientRequest/launch":"[2.4049]","LaunchTarget.LaunchExe":"[9.584648]","Attach":"[5.316691]","Attach.RequestDebuggerTargetsInformation":"[37.96441,206.490224,5227.021892]","Attach.ProcessDebuggerTargetsInformation":"[207.318696,1.190891]","Attach.AttachToTargetDebuggerWebsocket":"[2.784856]","Attach.ConfigureDebuggingSession.Internal":"[0.499419]","Attach.ConfigureDebuggingSession.Target":"[40.69122]","WaitingAfter.ClientRequest/launch":"[5754.203861]","WaitingAfter.NotifyInitialized":"[5764.372505]","RequestedNavigateToUserPage":"[5777.118245]","Attach.ConfigureDebuggingSession.End":"[38.189397]"}}}
[15:47:38.079 UTC] ← From target: {"method":"Runtime.executionContextCreated","params":{"context":{"id":2,"origin":"http://localhost:7890","name":"","auxData":{"isDefault":true,"type":"default","frameId":"BF8A331C9A379629D5DC5CC89E27AAE3"}}}}
[15:47:38.085 UTC] ← From target: {"method":"Debugger.scriptParsed","params":{"scriptId":"14","url":"http://localhost:7890/out/script.js","startLine":0,"startColumn":0,"endLine":8,"endColumn":34,"executionContextId":2,"hash":"3f3bc1145385fb5f78864bab02b2cb0530814c35","executionContextAuxData":{"isDefault":true,"type":"default","frameId":"BF8A331C9A379629D5DC5CC89E27AAE3"},"isLiveEdit":false,"sourceMapURL":"script.js.map","hasSourceURL":false,"isModule":false,"length":161}}
[15:47:38.086 UTC] Paths.scriptParsed: resolved http://localhost:7890/out/script.js to /Users/roblou/code/vscode-chrome-debug/testdata/columns/out/script.js. pathMapping/webroot: {"/":"/Users/roblou/code/vscode-chrome-debug/testdata/columns"}
[15:47:38.086 UTC] SourceMaps.getMapForGeneratedPath: Finding SourceMap for /Users/roblou/code/vscode-chrome-debug/testdata/columns/out/script.js by URI: script.js.map and webRoot/pathMapping: {"/":"/Users/roblou/code/vscode-chrome-debug/testdata/columns"}
[15:47:38.087 UTC] SourceMaps.loadSourceMapContents: Reading local sourcemap file from /Users/roblou/code/vscode-chrome-debug/testdata/columns/out/script.js.map
[15:47:38.087 UTC] To client: {"seq":0,"type":"event","event":"loadedSource","body":{"reason":"new","source":{"name":"script.js","path":"http://localhost:7890/out/script.js","sourceReference":1001}}}
[15:47:38.087 UTC] ← From target: {"method":"Debugger.paused","params":{"callFrames":[{"callFrameId":"{\"ordinal\":0,\"injectedScriptId\":2}","functionName":"","functionLocation":{"scriptId":"14","lineNumber":0,"columnNumber":0},"location":{"scriptId":"14","lineNumber":0,"columnNumber":0},"url":"http://localhost:7890/out/script.js","scopeChain":[{"type":"global","object":{"type":"object","className":"Window","description":"Window","objectId":"{\"injectedScriptId\":2,\"id\":1}"}}],"this":{"type":"object","className":"Window","description":"Window","objectId":"{\"injectedScriptId\":2,\"id\":2}"}}],"reason":"EventListener","data":{"eventName":"instrumentation:scriptFirstStatement"},"hitBreakpoints":[]}}
[15:47:38.089 UTC] SourceMap: creating for /Users/roblou/code/vscode-chrome-debug/testdata/columns/out/script.js
[15:47:38.089 UTC] SourceMap: sourceRoot: 
[15:47:38.089 UTC] SourceMap: sources: ["../src/script.ts"]
[15:47:38.089 UTC] SourceMap: pathMapping: {"/":"/Users/roblou/code/vscode-chrome-debug/testdata/columns"}
[15:47:38.089 UTC] SourceMap: no sourceRoot specified, using script dirname: /Users/roblou/code/vscode-chrome-debug/testdata/columns/out
[15:47:38.091 UTC] SourceMaps.scriptParsed: /Users/roblou/code/vscode-chrome-debug/testdata/columns/out/script.js was just loaded and has mapped sources: ["/Users/roblou/code/vscode-chrome-debug/testdata/columns/src/script.ts"]
[15:47:38.091 UTC] OnScriptParsed.resolvePendingBPs: Resolving pending breakpoints: {"args":{"lines":[4],"breakpoints":[{"line":4,"column":19}],"source":{"path":"/Users/roblou/code/vscode-chrome-debug/testdata/columns/src/script.ts"}},"ids":[1000],"requestSeq":3,"setWithPath":""}
[15:47:38.091 UTC] SourceMaps.setBP: Mapped /Users/roblou/code/vscode-chrome-debug/testdata/columns/src/script.ts to /Users/roblou/code/vscode-chrome-debug/testdata/columns/out/script.js
[15:47:38.092 UTC] SourceMaps.setBP: Mapped /Users/roblou/code/vscode-chrome-debug/testdata/columns/src/script.ts:4:19 to /Users/roblou/code/vscode-chrome-debug/testdata/columns/out/script.js:5:12
[15:47:38.093 UTC] Paths.setBP: Resolved /Users/roblou/code/vscode-chrome-debug/testdata/columns/out/script.js to http://localhost:7890/out/script.js
[15:47:38.093 UTC] → To target: "{\"id\":18,\"method\":\"Debugger.getPossibleBreakpoints\",\"params\":{\"start\":{\"scriptId\":\"14\",\"lineNumber\":4,\"columnNumber\":0},\"end\":{\"scriptId\":\"14\",\"lineNumber\":5,\"columnNumber\":0},\"restrictToFunction\":false}}"
[15:47:38.096 UTC] ← From target: {"id":18,"result":{"locations":[{"scriptId":"14","lineNumber":4,"columnNumber":8}]}}
[15:47:38.096 UTC] → To target: "{\"id\":19,\"method\":\"Debugger.setBreakpointByUrl\",\"params\":{\"urlRegex\":\"http:\\\\/\\\\/localhost:7890\\\\/out\\\\/script\\\\.js\",\"lineNumber\":4,\"columnNumber\":8}}"
[15:47:38.097 UTC] ← From target: {"id":19,"result":{"breakpointId":"2:4:8:http:\\/\\/localhost:7890\\/out\\/script\\.js","locations":[{"scriptId":"14","lineNumber":4,"columnNumber":8}]}}
[15:47:38.098 UTC] SourceMaps.setBP: Mapped /Users/roblou/code/vscode-chrome-debug/testdata/columns/out/script.js:5:9 to /Users/roblou/code/vscode-chrome-debug/testdata/columns/src/script.ts:4
[15:47:38.098 UTC] To client: {"seq":0,"type":"event","event":"breakpoint","body":{"reason":"changed","breakpoint":{"id":1000,"verified":true,"line":4,"column":16}}}
[15:47:38.098 UTC] BreakOnLoadHelper: Finished waiting for breakpoints to get resolved.
[15:47:38.099 UTC] Paths.scriptParsed: resolved http://localhost:7890/out/script.js to /Users/roblou/code/vscode-chrome-debug/testdata/columns/out/script.js. pathMapping/webroot: {"/":"/Users/roblou/code/vscode-chrome-debug/testdata/columns"}
[15:47:38.099 UTC] → To target: "{\"id\":20,\"method\":\"Debugger.resume\"}"
[15:47:38.100 UTC] ← From target: {"id":20,"result":{}}
[15:47:38.175 UTC] ← From target: {"method":"Debugger.resumed","params":{}}
[15:47:38.176 UTC] To client: {"seq":0,"type":"event","event":"continued","body":{"threadId":1}}
[15:47:38.176 UTC] ← From target: {"method":"Page.loadEventFired","params":{"timestamp":1398251.292532}}
[15:47:38.176 UTC] ← From target: {"method":"Page.frameStoppedLoading","params":{"frameId":"BF8A331C9A379629D5DC5CC89E27AAE3"}}
[15:47:38.177 UTC] ← From target: {"method":"Page.domContentEventFired","params":{"timestamp":1398251.364356}}
[15:47:38.177 UTC] ← From target: {"method":"Debugger.paused","params":{"callFrames":[{"callFrameId":"{\"ordinal\":0,\"injectedScriptId\":2}","functionName":"","functionLocation":{"scriptId":"14","lineNumber":0,"columnNumber":21},"location":{"scriptId":"14","lineNumber":4,"columnNumber":8},"url":"http://localhost:7890/out/script.js","scopeChain":[{"type":"local","object":{"type":"object","className":"Object","description":"Object","objectId":"{\"injectedScriptId\":2,\"id\":3}"},"startLocation":{"scriptId":"14","lineNumber":0,"columnNumber":21},"endLocation":{"scriptId":"14","lineNumber":7,"columnNumber":1}},{"type":"global","object":{"type":"object","className":"Window","description":"Window","objectId":"{\"injectedScriptId\":2,\"id\":4}"}}],"this":{"type":"object","className":"Window","description":"Window","objectId":"{\"injectedScriptId\":2,\"id\":5}"}}],"reason":"other","hitBreakpoints":["2:4:8:http:\\/\\/localhost:7890\\/out\\/script\\.js"],"asyncStackTrace":{"description":"setInterval","callFrames":[{"functionName":"","scriptId":"14","url":"http://localhost:7890/out/script.js","lineNumber":0,"columnNumber":0}]}}}
[15:47:38.178 UTC] To client: {"seq":0,"type":"event","event":"stopped","body":{"reason":"breakpoint","threadId":1,"description":"Paused on breakpoint"}}
[15:47:38.178 UTC] → To target: "{\"id\":21,\"method\":\"Overlay.setPausedInDebuggerMessage\",\"params\":{\"message\":\"Paused in Visual Studio Code\"}}"
[15:47:38.179 UTC] From client: stackTrace({"threadId":1})
[15:47:38.180 UTC] To client: {"seq":0,"type":"response","request_seq":5,"command":"stackTrace","success":true,"body":{"stackFrames":[{"id":1000,"name":"(anonymous function)","source":{"name":"script.ts","path":"/Users/roblou/code/vscode-chrome-debug/testdata/columns/src/script.ts"},"line":4,"column":16},{"id":1002,"name":"[ setInterval ]","presentationHint":"label"},{"id":1001,"name":"(anonymous function)","source":{"name":"script.ts","path":"/Users/roblou/code/vscode-chrome-debug/testdata/columns/src/script.ts"},"line":1,"column":1}],"totalFrames":3}}
[15:47:38.181 UTC] To client: {"seq":0,"type":"event","event":"output","body":{"category":"telemetry","output":"ClientRequest/stackTrace","data":{"Versions.DebugAdapterCore":"6.8.9","Versions.DebugAdapter":"4.12.8","Versions.Target.CRDPVersion":"1.3","Versions.Target.Revision":"@19d4547535ab5aba70b4730443f84e8153052174","Versions.Target.UserAgent":"Mozilla/5.0 (Macintosh; Intel Mac OS X 10_15_4) AppleWebKit/537.36 (KHTML, like Gecko) Chrome/78.0.3882.0 Safari/537.36","Versions.Target.V8":"7.8.89","Versions.Target.Project":"Chrome","Versions.Target.Version":"78.0.3882.0","successful":"true","timeTakenInMilliseconds":"1.968616","requestType":"request"}}}
[15:47:38.181 UTC] From client: disconnect(undefined)
[15:47:38.182 UTC] To client: {"seq":0,"type":"event","event":"output","body":{"category":"telemetry","output":"FullSessionStatistics/SourceMaps/Overrides","data":{"Versions.DebugAdapterCore":"6.8.9","Versions.DebugAdapter":"4.12.8","Versions.Target.CRDPVersion":"1.3","Versions.Target.Revision":"@19d4547535ab5aba70b4730443f84e8153052174","Versions.Target.UserAgent":"Mozilla/5.0 (Macintosh; Intel Mac OS X 10_15_4) AppleWebKit/537.36 (KHTML, like Gecko) Chrome/78.0.3882.0 Safari/537.36","Versions.Target.V8":"7.8.89","Versions.Target.Project":"Chrome","Versions.Target.Version":"78.0.3882.0","aspNetClientAppFallbackCount":0}}}
[15:47:38.182 UTC] To client: {"seq":0,"type":"event","event":"output","body":{"category":"telemetry","output":"target/notification/onScriptParsed","data":{"Versions.DebugAdapterCore":"6.8.9","Versions.DebugAdapter":"4.12.8","Versions.Target.CRDPVersion":"1.3","Versions.Target.Revision":"@19d4547535ab5aba70b4730443f84e8153052174","Versions.Target.UserAgent":"Mozilla/5.0 (Macintosh; Intel Mac OS X 10_15_4) AppleWebKit/537.36 (KHTML, like Gecko) Chrome/78.0.3882.0 Safari/537.36","Versions.Target.V8":"7.8.89","Versions.Target.Project":"Chrome","Versions.Target.Version":"78.0.3882.0","aggregated.startTime":"[\"1590076058045\",\"1590076058085\"]","aggregated.successful":"[\"true\",\"true\"]","aggregated.timeTakenInMilliseconds":"[\"3.461096\",\"13.188352\"]"}}}
[15:47:38.182 UTC] To client: {"seq":0,"type":"event","event":"output","body":{"category":"telemetry","output":"target/notification/onPaused","data":{"Versions.DebugAdapterCore":"6.8.9","Versions.DebugAdapter":"4.12.8","Versions.Target.CRDPVersion":"1.3","Versions.Target.Revision":"@19d4547535ab5aba70b4730443f84e8153052174","Versions.Target.UserAgent":"Mozilla/5.0 (Macintosh; Intel Mac OS X 10_15_4) AppleWebKit/537.36 (KHTML, like Gecko) Chrome/78.0.3882.0 Safari/537.36","Versions.Target.V8":"7.8.89","Versions.Target.Project":"Chrome","Versions.Target.Version":"78.0.3882.0","aggregated.startTime":"[\"1590076058088\",\"1590076058177\"]","aggregated.successful":"[\"true\",\"true\"]","aggregated.timeTakenInMilliseconds":"[\"11.433247\",\"1.106123\"]"}}}
[15:47:38.182 UTC] Terminated: Got disconnect request
[15:47:38.183 UTC] Waiting for any pending steps or log messages.
[15:47:38.183 UTC] Killing Chrome process
[15:47:38.183 UTC] To client: {"seq":0,"type":"response","request_seq":6,"command":"disconnect","success":true}
[15:47:38.183 UTC] To client: {"seq":0,"type":"event","event":"output","body":{"category":"telemetry","output":"ClientRequest/disconnect","data":{"Versions.DebugAdapterCore":"6.8.9","Versions.DebugAdapter":"4.12.8","Versions.Target.CRDPVersion":"1.3","Versions.Target.Revision":"@19d4547535ab5aba70b4730443f84e8153052174","Versions.Target.UserAgent":"Mozilla/5.0 (Macintosh; Intel Mac OS X 10_15_4) AppleWebKit/537.36 (KHTML, like Gecko) Chrome/78.0.3882.0 Safari/537.36","Versions.Target.V8":"7.8.89","Versions.Target.Project":"Chrome","Versions.Target.Version":"78.0.3882.0","successful":"true","timeTakenInMilliseconds":"1.751885","requestType":"request"}}}
[15:47:38.183 UTC] Current step and log messages complete
[15:47:38.183 UTC] To client: {"seq":0,"type":"event","event":"output","body":{"category":"telemetry","output":"debugStopped","data":{"Versions.DebugAdapterCore":"6.8.9","Versions.DebugAdapter":"4.12.8","Versions.Target.CRDPVersion":"1.3","Versions.Target.Revision":"@19d4547535ab5aba70b4730443f84e8153052174","Versions.Target.UserAgent":"Mozilla/5.0 (Macintosh; Intel Mac OS X 10_15_4) AppleWebKit/537.36 (KHTML, like Gecko) Chrome/78.0.3882.0 Safari/537.36","Versions.Target.V8":"7.8.89","Versions.Target.Project":"Chrome","Versions.Target.Version":"78.0.3882.0","reason":"Got disconnect request"}}}
[15:47:38.183 UTC] To client: {"seq":0,"type":"event","event":"terminated"}
