2020-5-21, 15:47:08.395 UTC
[15:47:08.395 UTC] OS: darwin x64
[15:47:08.396 UTC] Adapter node: v12.16.1 x64
[15:47:08.396 UTC] vscode-chrome-debug-core: 6.8.9
[15:47:08.396 UTC] debugger-for-chrome: 4.12.8
[15:47:08.396 UTC] From client: initialize({"adapterID":"chrome","linesStartAt1":true,"columnsStartAt1":true,"pathFormat":"path"})
[15:47:08.396 UTC] To client: {"seq":0,"type":"response","request_seq":1,"command":"initialize","success":true,"body":{"exceptionBreakpointFilters":[{"label":"All Exceptions","filter":"all","default":false},{"label":"Uncaught Exceptions","filter":"uncaught","default":false}],"supportsConfigurationDoneRequest":true,"supportsSetVariable":true,"supportsConditionalBreakpoints":true,"supportsCompletionsRequest":true,"supportsHitConditionalBreakpoints":true,"supportsRestartFrame":true,"supportsExceptionInfoRequest":true,"supportsDelayedStackTraceLoading":true,"supportsValueFormattingOptions":true,"supportsEvaluateForHovers":true,"supportsLoadedSourcesRequest":true,"supportsBreakpointLocationsRequest":true,"supportsRestartRequest":true,"supportsSetExpression":true,"supportsLogPoints":true}}
[15:47:08.396 UTC] To client: {"seq":0,"type":"event","event":"output","body":{"category":"telemetry","output":"ClientRequest/initialize","data":{"Versions.DebugAdapterCore":"6.8.9","Versions.DebugAdapter":"4.12.8","successful":"true","timeTakenInMilliseconds":"2.113245","requestType":"request"}}}
[15:47:08.396 UTC] From client: launch({"url":"http://localhost:7890/dist/index.html","webRoot":"/Users/roblou/code/vscode-chrome-debug/testdata/breakOnLoad_webpack","trace":"verbose","logTimestamps":true,"disableNetworkCache":true,"logFilePath":"/Users/roblou/code/vscode-chrome-debug/logs/darwin-BreakOnLoad Instrument Webpack Project Hits a breakpoint at (1,1) in a file on load-DA.log","runtimeExecutable":"/Users/roblou/code/vscode-chrome-debug/node_modules/puppeteer/.local-chromium/mac-686378/chrome-mac/Chromium.app/Contents/MacOS/Chromium","userDataDir":"/var/folders/tx/p0ycbfpj37786p760wwdg6y80000gn/T/chrome2-3540nGfuxKZ7ZaoN","breakOnLoadStrategy":"instrument"})
[15:47:08.396 UTC] To client: {"seq":0,"type":"event","event":"output","body":{"category":"telemetry","output":"debugStarted","data":{"Versions.DebugAdapterCore":"6.8.9","Versions.DebugAdapter":"4.12.8","request":"launch","args":["url","webRoot","trace","logTimestamps","disableNetworkCache","logFilePath","runtimeExecutable","userDataDir","breakOnLoadStrategy","pathMapping","sourceMaps","sourceMapPathOverrides","skipFileRegExps","targetFilter","smartStep","showAsyncStacks"]}}}
[15:47:08.397 UTC] spawn('/Users/roblou/code/vscode-chrome-debug/node_modules/puppeteer/.local-chromium/mac-686378/chrome-mac/Chromium.app/Contents/MacOS/Chromium', ["--remote-debugging-port=9222","--no-first-run","--no-default-browser-check","--user-data-dir=/var/folders/tx/p0ycbfpj37786p760wwdg6y80000gn/T/chrome2-3540nGfuxKZ7ZaoN","about:blank"])
[15:47:08.397 UTC] Getting browser and debug protocol version via http://127.0.0.1:9222/json/version
[15:47:08.397 UTC] Discovering targets via http://127.0.0.1:9222/json/list
[15:47:08.397 UTC] HTTP GET failed: Error: connect ECONNREFUSED 127.0.0.1:9222
[15:47:08.397 UTC] There was an error connecting to http://127.0.0.1:9222/json/version : connect ECONNREFUSED 127.0.0.1:9222
[15:47:08.397 UTC] HTTP GET failed: Error: connect ECONNREFUSED 127.0.0.1:9222
[15:47:08.397 UTC] Discovering targets via http://127.0.0.1:9222/json
[15:47:08.397 UTC] HTTP GET failed: Error: connect ECONNREFUSED 127.0.0.1:9222
[15:47:08.601 UTC] Getting browser and debug protocol version via http://127.0.0.1:9222/json/version
[15:47:08.601 UTC] Discovering targets via http://127.0.0.1:9222/json/list
[15:47:08.602 UTC] HTTP GET failed: Error: connect ECONNREFUSED 127.0.0.1:9222
[15:47:08.602 UTC] There was an error connecting to http://127.0.0.1:9222/json/version : connect ECONNREFUSED 127.0.0.1:9222
[15:47:08.602 UTC] HTTP GET failed: Error: connect ECONNREFUSED 127.0.0.1:9222
[15:47:08.603 UTC] Discovering targets via http://127.0.0.1:9222/json
[15:47:08.604 UTC] HTTP GET failed: Error: connect ECONNREFUSED 127.0.0.1:9222
[15:47:08.810 UTC] Getting browser and debug protocol version via http://127.0.0.1:9222/json/version
[15:47:08.811 UTC] Discovering targets via http://127.0.0.1:9222/json/list
[15:47:14.008 UTC] Got browser version: Chrome/78.0.3882.0
[15:47:14.009 UTC] Got debug protocol version: 1.3
[15:47:14.009 UTC] To client: {"seq":0,"type":"event","event":"output","body":{"category":"telemetry","output":"targetDebugProtocolVersion","data":{"Versions.DebugAdapterCore":"6.8.9","Versions.DebugAdapter":"4.12.8"}}}
[15:47:14.009 UTC] To client: {"seq":0,"type":"event","event":"output","body":{"category":"telemetry","output":"targetCount","data":{"Versions.DebugAdapterCore":"6.8.9","Versions.DebugAdapter":"4.12.8","numTargets":1}}}
[15:47:14.010 UTC] Attaching to target: {"description":"","devtoolsFrontendUrl":"/devtools/inspector.html?ws=localhost/devtools/page/EBDA4157E54F0165A6B59022BF1E6FDB","id":"EBDA4157E54F0165A6B59022BF1E6FDB","title":"","type":"page","url":"about:blank","webSocketDebuggerUrl":"ws://127.0.0.1:9222/devtools/page/EBDA4157E54F0165A6B59022BF1E6FDB","version":{}}
[15:47:14.010 UTC] WebSocket Url: ws://127.0.0.1:9222/devtools/page/EBDA4157E54F0165A6B59022BF1E6FDB
[15:47:14.030 UTC] → To target: "{\"id\":1,\"method\":\"Console.enable\"}"
[15:47:14.030 UTC] → To target: "{\"id\":2,\"method\":\"Debugger.enable\"}"
[15:47:14.030 UTC] → To target: "{\"id\":3,\"method\":\"Runtime.enable\"}"
[15:47:14.030 UTC] → To target: "{\"id\":4,\"method\":\"Log.enable\"}"
[15:47:14.030 UTC] → To target: "{\"id\":5,\"method\":\"Runtime.runIfWaitingForDebugger\"}"
[15:47:14.031 UTC] → To target: "{\"id\":6,\"method\":\"Runtime.run\"}"
[15:47:14.031 UTC] → To target: "{\"id\":7,\"method\":\"Page.enable\"}"
[15:47:14.031 UTC] → To target: "{\"id\":8,\"method\":\"Network.enable\",\"params\":{}}"
[15:47:14.055 UTC] ← From target: {"id":1,"result":{}}
[15:47:14.055 UTC] ← From target: {"id":2,"result":{"debuggerId":"(DC1697F6F504DA0582DF78BC5FA4CFAC)"}}
[15:47:14.056 UTC] ← From target: {"method":"Runtime.executionContextCreated","params":{"context":{"id":1,"origin":"://","name":"","auxData":{"isDefault":true,"type":"default","frameId":"EBDA4157E54F0165A6B59022BF1E6FDB"}}}}
[15:47:14.056 UTC] ← From target: {"id":3,"result":{}}
[15:47:14.057 UTC] ← From target: {"id":4,"result":{}}
[15:47:14.058 UTC] ← From target: {"id":5,"result":{}}
[15:47:14.059 UTC] ← From target: {"error":{"code":-32601,"message":"'Runtime.run' wasn't found"},"id":6}
[15:47:14.059 UTC] ← From target: {"id":7,"result":{}}
[15:47:14.059 UTC] ← From target: {"id":8,"result":{}}
[15:47:14.060 UTC] → To target: "{\"id\":9,\"method\":\"Debugger.setBlackboxPatterns\",\"params\":{\"patterns\":[\"^chrome-extension:.*\"]}}"
[15:47:14.060 UTC] → To target: "{\"id\":10,\"method\":\"Schema.getDomains\"}"
[15:47:14.060 UTC] ← From target: {"method":"Page.frameResized","params":{}}
[15:47:14.061 UTC] ← From target: {"id":10,"result":{"domains":[{"name":"Inspector","version":"1.2"},{"name":"Memory","version":"1.2"},{"name":"Page","version":"1.2"},{"name":"Emulation","version":"1.2"},{"name":"Security","version":"1.2"},{"name":"Network","version":"1.2"},{"name":"Database","version":"1.2"},{"name":"IndexedDB","version":"1.2"},{"name":"CacheStorage","version":"1.2"},{"name":"DOMStorage","version":"1.2"},{"name":"CSS","version":"1.2"},{"name":"ApplicationCache","version":"1.2"},{"name":"DOM","version":"1.2"},{"name":"IO","version":"1.2"},{"name":"DOMDebugger","version":"1.2"},{"name":"DOMSnapshot","version":"1.2"},{"name":"ServiceWorker","version":"1.2"},{"name":"Input","version":"1.2"},{"name":"LayerTree","version":"1.2"},{"name":"DeviceOrientation","version":"1.2"},{"name":"Tracing","version":"1.2"},{"name":"Animation","version":"1.2"},{"name":"Accessibility","version":"1.2"},{"name":"Storage","version":"1.2"},{"name":"Log","version":"1.2"},{"name":"Runtime","version":"1.2"},{"name":"Debugger","version":"1.2"},{"name":"Profiler","version":"1.2"},{"name":"HeapProfiler","version":"1.2"},{"name":"Schema","version":"1.2"},{"name":"Target","version":"1.2"},{"name":"Overlay","version":"1.2"},{"name":"Performance","version":"1.2"},{"name":"Audits","version":"1.2"},{"name":"HeadlessExperimental","version":"1.2"}]}}
[15:47:14.061 UTC] → To target: "{\"id\":11,\"method\":\"Debugger.setAsyncCallStackDepth\",\"params\":{\"maxDepth\":4}}"
[15:47:14.061 UTC] ← From target: {"id":9,"result":{}}
[15:47:14.062 UTC] ← From target: {"id":11,"result":{}}
[15:47:14.062 UTC] → To target: "{\"id\":12,\"method\":\"Runtime.evaluate\",\"params\":{\"expression\":\"navigator.userAgent\",\"silent\":true}}"
[15:47:14.063 UTC] → To target: "{\"id\":13,\"method\":\"Browser.getVersion\"}"
[15:47:14.063 UTC] To client: {"seq":0,"type":"response","request_seq":2,"command":"launch","success":true}
[15:47:14.063 UTC] To client: {"seq":0,"type":"event","event":"output","body":{"category":"telemetry","output":"ClientRequest/launch","data":{"Versions.DebugAdapterCore":"6.8.9","Versions.DebugAdapter":"4.12.8","successful":"true","timeTakenInMilliseconds":"5709.56394","requestType":"request"}}}
[15:47:14.063 UTC] ← From target: {"id":13,"result":{"protocolVersion":"1.3","product":"Chrome/78.0.3882.0","revision":"@19d4547535ab5aba70b4730443f84e8153052174","userAgent":"Mozilla/5.0 (Macintosh; Intel Mac OS X 10_15_4) AppleWebKit/537.36 (KHTML, like Gecko) Chrome/78.0.3882.0 Safari/537.36","jsVersion":"7.8.89"}}
[15:47:14.064 UTC] To client: {"seq":0,"type":"event","event":"output","body":{"category":"telemetry","output":"target-version","data":{"Versions.DebugAdapterCore":"6.8.9","Versions.DebugAdapter":"4.12.8","Versions.Target.CRDPVersion":"1.3","Versions.Target.Revision":"@19d4547535ab5aba70b4730443f84e8153052174","Versions.Target.UserAgent":"Mozilla/5.0 (Macintosh; Intel Mac OS X 10_15_4) AppleWebKit/537.36 (KHTML, like Gecko) Chrome/78.0.3882.0 Safari/537.36","Versions.Target.V8":"7.8.89","Versions.Target.Project":"Chrome","Versions.Target.Version":"78.0.3882.0"}}}
[15:47:14.064 UTC] ← From target: {"method":"Debugger.scriptParsed","params":{"scriptId":"13","url":"","startLine":0,"startColumn":0,"endLine":0,"endColumn":19,"executionContextId":1,"hash":"3a6f8cb8708878331cc2be2ec90de0ab25738855","executionContextAuxData":{"isDefault":true,"type":"default","frameId":"EBDA4157E54F0165A6B59022BF1E6FDB"},"isLiveEdit":false,"sourceMapURL":"","hasSourceURL":false,"isModule":false,"length":19}}
[15:47:14.067 UTC] → To target: "{\"id\":14,\"method\":\"Debugger.getPossibleBreakpoints\",\"params\":{\"start\":{\"scriptId\":\"13\",\"lineNumber\":0,\"columnNumber\":0},\"end\":{\"scriptId\":\"13\",\"lineNumber\":1,\"columnNumber\":0},\"restrictToFunction\":false}}"
[15:47:14.068 UTC] ← From target: {"id":12,"result":{"result":{"type":"string","value":"Mozilla/5.0 (Macintosh; Intel Mac OS X 10_15_4) AppleWebKit/537.36 (KHTML, like Gecko) Chrome/78.0.3882.0 Safari/537.36"}}}
[15:47:14.069 UTC] Target userAgent: Mozilla/5.0 (Macintosh; Intel Mac OS X 10_15_4) AppleWebKit/537.36 (KHTML, like Gecko) Chrome/78.0.3882.0 Safari/537.36
[15:47:14.069 UTC] → To target: "{\"id\":15,\"method\":\"Network.setCacheDisabled\",\"params\":{\"cacheDisabled\":true}}"
[15:47:14.071 UTC] ← From target: {"id":14,"result":{"locations":[{"scriptId":"13","lineNumber":0,"columnNumber":0}]}}
[15:47:14.071 UTC] To client: {"seq":0,"type":"event","event":"initialized"}
[15:47:14.072 UTC] To client: {"seq":0,"type":"event","event":"loadedSource","body":{"reason":"new","source":{"name":"VM13","path":"<eval>/VM13","sourceReference":1000}}}
[15:47:14.072 UTC] From client: setBreakpoints({"lines":[1],"breakpoints":[{"line":1,"column":1}],"source":{"path":"/Users/roblou/code/vscode-chrome-debug/testdata/breakOnLoad_webpack/src/script.js"}})
[15:47:14.073 UTC] To client: {"seq":0,"type":"event","event":"output","body":{"category":"telemetry","output":"setBreakpointsRequest","data":{"Versions.DebugAdapterCore":"6.8.9","Versions.DebugAdapter":"4.12.8","Versions.Target.CRDPVersion":"1.3","Versions.Target.Revision":"@19d4547535ab5aba70b4730443f84e8153052174","Versions.Target.UserAgent":"Mozilla/5.0 (Macintosh; Intel Mac OS X 10_15_4) AppleWebKit/537.36 (KHTML, like Gecko) Chrome/78.0.3882.0 Safari/537.36","Versions.Target.V8":"7.8.89","Versions.Target.Project":"Chrome","Versions.Target.Version":"78.0.3882.0","fileExt":".js"}}}
[15:47:14.074 UTC] SourceMaps.setBP: /Users/roblou/code/vscode-chrome-debug/testdata/breakOnLoad_webpack/src/script.js can't be resolved to a loaded script. It may just not be loaded yet.
[15:47:14.074 UTC] Paths.setBP: No target url cached yet for client path: /Users/roblou/code/vscode-chrome-debug/testdata/breakOnLoad_webpack/src/script.js.
[15:47:14.075 UTC] → To target: "{\"id\":16,\"method\":\"DOMDebugger.setInstrumentationBreakpoint\",\"params\":{\"eventName\":\"scriptFirstStatement\"}}"
[15:47:14.076 UTC] ← From target: {"id":15,"result":{}}
[15:47:14.077 UTC] ← From target: {"id":16,"result":{}}
[15:47:14.078 UTC] To client: {"seq":0,"type":"response","request_seq":3,"command":"setBreakpoints","success":true,"body":{"breakpoints":[{"id":1000,"verified":false,"message":"Breakpoint set but not yet bound"}]}}
[15:47:14.078 UTC] To client: {"seq":0,"type":"event","event":"output","body":{"category":"telemetry","output":"ClientRequest/setBreakpoints","data":{"Versions.DebugAdapterCore":"6.8.9","Versions.DebugAdapter":"4.12.8","Versions.Target.CRDPVersion":"1.3","Versions.Target.Revision":"@19d4547535ab5aba70b4730443f84e8153052174","Versions.Target.UserAgent":"Mozilla/5.0 (Macintosh; Intel Mac OS X 10_15_4) AppleWebKit/537.36 (KHTML, like Gecko) Chrome/78.0.3882.0 Safari/537.36","Versions.Target.V8":"7.8.89","Versions.Target.Project":"Chrome","Versions.Target.Version":"78.0.3882.0","successful":"true","timeTakenInMilliseconds":"5.225074","requestType":"request"}}}
[15:47:14.078 UTC] From client: configurationDone(undefined)
[15:47:14.078 UTC] → To target: "{\"id\":17,\"method\":\"Page.navigate\",\"params\":{\"url\":\"http://localhost:7890/dist/index.html\"}}"
[15:47:14.078 UTC] To client: {"seq":0,"type":"response","request_seq":4,"command":"configurationDone","success":true}
[15:47:14.079 UTC] To client: {"seq":0,"type":"event","event":"output","body":{"category":"telemetry","output":"ClientRequest/configurationDone","data":{"Versions.DebugAdapterCore":"6.8.9","Versions.DebugAdapter":"4.12.8","Versions.Target.CRDPVersion":"1.3","Versions.Target.Revision":"@19d4547535ab5aba70b4730443f84e8153052174","Versions.Target.UserAgent":"Mozilla/5.0 (Macintosh; Intel Mac OS X 10_15_4) AppleWebKit/537.36 (KHTML, like Gecko) Chrome/78.0.3882.0 Safari/537.36","Versions.Target.V8":"7.8.89","Versions.Target.Project":"Chrome","Versions.Target.Version":"78.0.3882.0","successful":"true","timeTakenInMilliseconds":"0.506968","requestType":"request"}}}
[15:47:14.085 UTC] ← From target: {"id":17,"result":{"frameId":"EBDA4157E54F0165A6B59022BF1E6FDB","loaderId":"50503A2CBC02755E7F3CD2B50E515CE4"}}
[15:47:14.098 UTC] ← From target: {"method":"Page.frameStartedLoading","params":{"frameId":"EBDA4157E54F0165A6B59022BF1E6FDB"}}
[15:47:14.099 UTC] ← From target: {"method":"Runtime.executionContextDestroyed","params":{"executionContextId":1}}
[15:47:14.099 UTC] ← From target: {"method":"Runtime.executionContextsCleared","params":{}}
[15:47:14.100 UTC] To client: {"seq":0,"type":"event","event":"loadedSource","body":{"reason":"removed","source":{"name":"VM13","path":"<eval>/VM13","sourceReference":1000}}}
[15:47:14.100 UTC] ← From target: {"method":"Page.frameNavigated","params":{"frame":{"id":"EBDA4157E54F0165A6B59022BF1E6FDB","loaderId":"50503A2CBC02755E7F3CD2B50E515CE4","url":"http://localhost:7890/dist/index.html","securityOrigin":"http://localhost:7890","mimeType":"text/html"}}}
[15:47:14.101 UTC] To client: {"seq":0,"type":"event","event":"output","body":{"category":"telemetry","output":"report-start-up-timings","data":{"Versions.DebugAdapterCore":"6.8.9","Versions.DebugAdapter":"4.12.8","Versions.Target.CRDPVersion":"1.3","Versions.Target.Revision":"@19d4547535ab5aba70b4730443f84e8153052174","Versions.Target.UserAgent":"Mozilla/5.0 (Macintosh; Intel Mac OS X 10_15_4) AppleWebKit/537.36 (KHTML, like Gecko) Chrome/78.0.3882.0 Safari/537.36","Versions.Target.V8":"7.8.89","Versions.Target.Project":"Chrome","Versions.Target.Version":"78.0.3882.0","RequestedContentWasDetected":"true","Steps":"[\"BeforeFirstStep\",\"ClientRequest/initialize\",\"ClientRequest/launch\",\"LaunchTarget.LaunchExe\",\"Attach\",\"Attach.RequestDebuggerTargetsInformation\",\"Attach.RequestDebuggerTargetsInformation\",\"Attach.RequestDebuggerTargetsInformation\",\"Attach.ProcessDebuggerTargetsInformation\",\"Attach.AttachToTargetDebuggerWebsocket\",\"Attach.ConfigureDebuggingSession.Internal\",\"Attach.ConfigureDebuggingSession.Target\",\"Attach.ConfigureDebuggingSession.End\"]","All":"5760.419866","Request.ClientRequest/setBreakpoints.startTime":"[1590076034072]","Request.ClientRequest/setBreakpoints.timeTakenInMilliseconds":"[5.225074]","Request.ClientRequest/configurationDone.startTime":"[1590076034078]","Request.ClientRequest/configurationDone.timeTakenInMilliseconds":"[0.506968]","BeforeFirstStep":"[10.339974]","WaitingAfter.ClientRequest/initialize":"[12.367839]","ClientRequest/initialize":"[2.533257]","ClientRequest/launch":"[2.802895]","LaunchTarget.LaunchExe":"[14.318143]","Attach":"[16.652249]","Attach.RequestDebuggerTargetsInformation":"[214.039438,209.828792,5197.994767]","Attach.ProcessDebuggerTargetsInformation":"[1.179147]","Attach.AttachToTargetDebuggerWebsocket":"[2.523203]","Attach.ConfigureDebuggingSession.Internal":"[0.443239]","Attach.ConfigureDebuggingSession.Target":"[48.874858]","WaitingAfter.ClientRequest/launch":"[5722.478751]","WaitingAfter.NotifyInitialized":"[5730.831793]","RequestedNavigateToUserPage":"[5744.962417]","Attach.ConfigureDebuggingSession.End":"[38.616975]"}}}
[15:47:14.102 UTC] ← From target: {"method":"Runtime.executionContextCreated","params":{"context":{"id":2,"origin":"http://localhost:7890","name":"","auxData":{"isDefault":true,"type":"default","frameId":"EBDA4157E54F0165A6B59022BF1E6FDB"}}}}
[15:47:14.106 UTC] ← From target: {"method":"Debugger.scriptParsed","params":{"scriptId":"14","url":"http://localhost:7890/dist/bundle.js","startLine":0,"startColumn":0,"endLine":81,"endColumn":34,"executionContextId":2,"hash":"0472a1b410b66b00290d868d06b358d83d015f59","executionContextAuxData":{"isDefault":true,"type":"default","frameId":"EBDA4157E54F0165A6B59022BF1E6FDB"},"isLiveEdit":false,"sourceMapURL":"bundle.js.map","hasSourceURL":false,"isModule":false,"length":2634}}
[15:47:14.106 UTC] Paths.scriptParsed: resolved http://localhost:7890/dist/bundle.js to /Users/roblou/code/vscode-chrome-debug/testdata/breakOnLoad_webpack/dist/bundle.js. pathMapping/webroot: {"/":"/Users/roblou/code/vscode-chrome-debug/testdata/breakOnLoad_webpack"}
[15:47:14.107 UTC] SourceMaps.getMapForGeneratedPath: Finding SourceMap for /Users/roblou/code/vscode-chrome-debug/testdata/breakOnLoad_webpack/dist/bundle.js by URI: bundle.js.map and webRoot/pathMapping: {"/":"/Users/roblou/code/vscode-chrome-debug/testdata/breakOnLoad_webpack"}
[15:47:14.107 UTC] SourceMaps.loadSourceMapContents: Reading local sourcemap file from /Users/roblou/code/vscode-chrome-debug/testdata/breakOnLoad_webpack/dist/bundle.js.map
[15:47:14.107 UTC] To client: {"seq":0,"type":"event","event":"loadedSource","body":{"reason":"new","source":{"name":"bundle.js","path":"http://localhost:7890/dist/bundle.js","sourceReference":1001}}}
[15:47:14.108 UTC] ← From target: {"method":"Debugger.paused","params":{"callFrames":[{"callFrameId":"{\"ordinal\":0,\"injectedScriptId\":2}","functionName":"","functionLocation":{"scriptId":"14","lineNumber":0,"columnNumber":0},"location":{"scriptId":"14","lineNumber":0,"columnNumber":9},"url":"http://localhost:7890/dist/bundle.js","scopeChain":[{"type":"global","object":{"type":"object","className":"Window","description":"Window","objectId":"{\"injectedScriptId\":2,\"id\":1}"}}],"this":{"type":"object","className":"Window","description":"Window","objectId":"{\"injectedScriptId\":2,\"id\":2}"}}],"reason":"EventListener","data":{"eventName":"instrumentation:scriptFirstStatement"},"hitBreakpoints":[]}}
[15:47:14.109 UTC] SourceMap: creating for /Users/roblou/code/vscode-chrome-debug/testdata/breakOnLoad_webpack/dist/bundle.js
[15:47:14.109 UTC] SourceMap: sourceRoot: 
[15:47:14.109 UTC] SourceMap: sources: ["webpack:///webpack/bootstrap 110f404fad45858d5cd9","webpack:///./src/script.js"]
[15:47:14.109 UTC] SourceMap: pathMapping: {"/":"/Users/roblou/code/vscode-chrome-debug/testdata/breakOnLoad_webpack"}
[15:47:14.109 UTC] SourceMap: no sourceRoot specified, using script dirname: /Users/roblou/code/vscode-chrome-debug/testdata/breakOnLoad_webpack/dist
[15:47:14.110 UTC] SourceMap: mapping webpack:///webpack/bootstrap 110f404fad45858d5cd9 => webpack/bootstrap 110f404fad45858d5cd9, via sourceMapPathOverrides entry - "webpack:///*": "*"
[15:47:14.110 UTC] SourceMap: mapping webpack:///./src/script.js => /Users/roblou/code/vscode-chrome-debug/testdata/breakOnLoad_webpack/src/script.js, via sourceMapPathOverrides entry - "webpack:///./*": "/Users/roblou/code/vscode-chrome-debug/testdata/breakOnLoad_webpack/*"
[15:47:14.111 UTC] SourceMaps.scriptParsed: /Users/roblou/code/vscode-chrome-debug/testdata/breakOnLoad_webpack/dist/bundle.js was just loaded and has mapped sources: ["webpack/bootstrap 110f404fad45858d5cd9","/Users/roblou/code/vscode-chrome-debug/testdata/breakOnLoad_webpack/src/script.js"]
[15:47:14.112 UTC] OnScriptParsed.resolvePendingBPs: Resolving pending breakpoints: {"args":{"lines":[1],"breakpoints":[{"line":1,"column":1}],"source":{"path":"/Users/roblou/code/vscode-chrome-debug/testdata/breakOnLoad_webpack/src/script.js"}},"ids":[1000],"requestSeq":3,"setWithPath":""}
[15:47:14.112 UTC] SourceMaps.setBP: Mapped /Users/roblou/code/vscode-chrome-debug/testdata/breakOnLoad_webpack/src/script.js to /Users/roblou/code/vscode-chrome-debug/testdata/breakOnLoad_webpack/dist/bundle.js
[15:47:14.113 UTC] SourceMaps.setBP: Mapped /Users/roblou/code/vscode-chrome-debug/testdata/breakOnLoad_webpack/src/script.js:1:1 to /Users/roblou/code/vscode-chrome-debug/testdata/breakOnLoad_webpack/dist/bundle.js:70:1
[15:47:14.113 UTC] Paths.setBP: Resolved /Users/roblou/code/vscode-chrome-debug/testdata/breakOnLoad_webpack/dist/bundle.js to http://localhost:7890/dist/bundle.js
[15:47:14.114 UTC] → To target: "{\"id\":18,\"method\":\"Debugger.getPossibleBreakpoints\",\"params\":{\"start\":{\"scriptId\":\"14\",\"lineNumber\":69,\"columnNumber\":0},\"end\":{\"scriptId\":\"14\",\"lineNumber\":70,\"columnNumber\":0},\"restrictToFunction\":false}}"
[15:47:14.118 UTC] ← From target: {"id":18,"result":{"locations":[{"scriptId":"14","lineNumber":69,"columnNumber":0},{"scriptId":"14","lineNumber":69,"columnNumber":9,"type":"call"}]}}
[15:47:14.118 UTC] → To target: "{\"id\":19,\"method\":\"Debugger.setBreakpointByUrl\",\"params\":{\"urlRegex\":\"http:\\\\/\\\\/localhost:7890\\\\/dist\\\\/bundle\\\\.js\",\"lineNumber\":69,\"columnNumber\":0}}"
[15:47:14.119 UTC] ← From target: {"id":19,"result":{"breakpointId":"2:69:0:http:\\/\\/localhost:7890\\/dist\\/bundle\\.js","locations":[{"scriptId":"14","lineNumber":69,"columnNumber":0}]}}
[15:47:14.120 UTC] SourceMaps.setBP: Mapped /Users/roblou/code/vscode-chrome-debug/testdata/breakOnLoad_webpack/dist/bundle.js:70:1 to /Users/roblou/code/vscode-chrome-debug/testdata/breakOnLoad_webpack/src/script.js:1
[15:47:14.120 UTC] To client: {"seq":0,"type":"event","event":"breakpoint","body":{"reason":"changed","breakpoint":{"id":1000,"verified":true,"line":1,"column":1}}}
[15:47:14.120 UTC] BreakOnLoadHelper: Finished waiting for breakpoints to get resolved.
[15:47:14.121 UTC] Paths.scriptParsed: resolved http://localhost:7890/dist/bundle.js to /Users/roblou/code/vscode-chrome-debug/testdata/breakOnLoad_webpack/dist/bundle.js. pathMapping/webroot: {"/":"/Users/roblou/code/vscode-chrome-debug/testdata/breakOnLoad_webpack"}
[15:47:14.121 UTC] → To target: "{\"id\":20,\"method\":\"Debugger.resume\"}"
[15:47:14.122 UTC] ← From target: {"id":20,"result":{}}
[15:47:14.123 UTC] ← From target: {"method":"Debugger.resumed","params":{}}
[15:47:14.123 UTC] To client: {"seq":0,"type":"event","event":"continued","body":{"threadId":1}}
[15:47:14.124 UTC] ← From target: {"method":"Debugger.paused","params":{"callFrames":[{"callFrameId":"{\"ordinal\":0,\"injectedScriptId\":2}","functionName":"","functionLocation":{"scriptId":"14","lineNumber":67,"columnNumber":15},"location":{"scriptId":"14","lineNumber":69,"columnNumber":0},"url":"http://localhost:7890/dist/bundle.js","scopeChain":[{"type":"local","object":{"type":"object","className":"Object","description":"Object","objectId":"{\"injectedScriptId\":2,\"id\":3}"},"startLocation":{"scriptId":"14","lineNumber":67,"columnNumber":15},"endLocation":{"scriptId":"14","lineNumber":79,"columnNumber":7}},{"type":"global","object":{"type":"object","className":"Window","description":"Window","objectId":"{\"injectedScriptId\":2,\"id\":4}"}}],"this":{"type":"object","className":"Object","description":"Object","objectId":"{\"injectedScriptId\":2,\"id\":5}"}},{"callFrameId":"{\"ordinal\":1,\"injectedScriptId\":2}","functionName":"__webpack_require__","functionLocation":{"scriptId":"14","lineNumber":5,"columnNumber":38},"location":{"scriptId":"14","lineNumber":19,"columnNumber":29},"url":"http://localhost:7890/dist/bundle.js","scopeChain":[{"type":"local","object":{"type":"object","className":"Object","description":"Object","objectId":"{\"injectedScriptId\":2,\"id\":6}"},"name":"__webpack_require__","startLocation":{"scriptId":"14","lineNumber":5,"columnNumber":38},"endLocation":{"scriptId":"14","lineNumber":26,"columnNumber":11}},{"type":"closure","object":{"type":"object","className":"Object","description":"Object","objectId":"{\"injectedScriptId\":2,\"id\":7}"},"startLocation":{"scriptId":"14","lineNumber":0,"columnNumber":18},"endLocation":{"scriptId":"14","lineNumber":63,"columnNumber":10}},{"type":"global","object":{"type":"object","className":"Window","description":"Window","objectId":"{\"injectedScriptId\":2,\"id\":8}"}}],"this":{"type":"object","className":"Window","description":"Window","objectId":"{\"injectedScriptId\":2,\"id\":9}"}},{"callFrameId":"{\"ordinal\":2,\"injectedScriptId\":2}","functionName":"","functionLocation":{"scriptId":"14","lineNumber":0,"columnNumber":18},"location":{"scriptId":"14","lineNumber":62,"columnNumber":17},"url":"http://localhost:7890/dist/bundle.js","scopeChain":[{"type":"local","object":{"type":"object","className":"Object","description":"Object","objectId":"{\"injectedScriptId\":2,\"id\":10}"},"startLocation":{"scriptId":"14","lineNumber":0,"columnNumber":18},"endLocation":{"scriptId":"14","lineNumber":63,"columnNumber":10}},{"type":"global","object":{"type":"object","className":"Window","description":"Window","objectId":"{\"injectedScriptId\":2,\"id\":11}"}}],"this":{"type":"object","className":"Window","description":"Window","objectId":"{\"injectedScriptId\":2,\"id\":12}"}},{"callFrameId":"{\"ordinal\":3,\"injectedScriptId\":2}","functionName":"","functionLocation":{"scriptId":"14","lineNumber":0,"columnNumber":0},"location":{"scriptId":"14","lineNumber":65,"columnNumber":9},"url":"http://localhost:7890/dist/bundle.js","scopeChain":[{"type":"global","object":{"type":"object","className":"Window","description":"Window","objectId":"{\"injectedScriptId\":2,\"id\":13}"}}],"this":{"type":"object","className":"Window","description":"Window","objectId":"{\"injectedScriptId\":2,\"id\":14}"}}],"reason":"other","hitBreakpoints":["2:69:0:http:\\/\\/localhost:7890\\/dist\\/bundle\\.js"]}}
[15:47:14.124 UTC] To client: {"seq":0,"type":"event","event":"stopped","body":{"reason":"breakpoint","threadId":1,"description":"Paused on breakpoint"}}
[15:47:14.125 UTC] → To target: "{\"id\":21,\"method\":\"Overlay.setPausedInDebuggerMessage\",\"params\":{\"message\":\"Paused in Visual Studio Code\"}}"
[15:47:14.125 UTC] From client: stackTrace({"threadId":1})
[15:47:14.128 UTC] To client: {"seq":0,"type":"response","request_seq":5,"command":"stackTrace","success":true,"body":{"stackFrames":[{"id":1000,"name":"(anonymous function)","source":{"name":"script.js","path":"/Users/roblou/code/vscode-chrome-debug/testdata/breakOnLoad_webpack/src/script.js"},"line":1,"column":1},{"id":1001,"name":"__webpack_require__","source":{"name":"bundle.js","path":"/Users/roblou/code/vscode-chrome-debug/testdata/breakOnLoad_webpack/dist/bundle.js"},"line":20,"column":30},{"id":1002,"name":"(anonymous function)","source":{"name":"bundle.js","path":"/Users/roblou/code/vscode-chrome-debug/testdata/breakOnLoad_webpack/dist/bundle.js"},"line":63,"column":18},{"id":1003,"name":"(anonymous function)","source":{"name":"bundle.js","path":"/Users/roblou/code/vscode-chrome-debug/testdata/breakOnLoad_webpack/dist/bundle.js","origin":"(skipped by 'smartStep')"},"line":66,"column":10,"presentationHint":"deemphasize"}],"totalFrames":4}}
[15:47:14.128 UTC] To client: {"seq":0,"type":"event","event":"output","body":{"category":"telemetry","output":"ClientRequest/stackTrace","data":{"Versions.DebugAdapterCore":"6.8.9","Versions.DebugAdapter":"4.12.8","Versions.Target.CRDPVersion":"1.3","Versions.Target.Revision":"@19d4547535ab5aba70b4730443f84e8153052174","Versions.Target.UserAgent":"Mozilla/5.0 (Macintosh; Intel Mac OS X 10_15_4) AppleWebKit/537.36 (KHTML, like Gecko) Chrome/78.0.3882.0 Safari/537.36","Versions.Target.V8":"7.8.89","Versions.Target.Project":"Chrome","Versions.Target.Version":"78.0.3882.0","successful":"true","timeTakenInMilliseconds":"2.937807","requestType":"request"}}}
[15:47:14.129 UTC] From client: disconnect(undefined)
[15:47:14.129 UTC] To client: {"seq":0,"type":"event","event":"output","body":{"category":"telemetry","output":"FullSessionStatistics/SourceMaps/Overrides","data":{"Versions.DebugAdapterCore":"6.8.9","Versions.DebugAdapter":"4.12.8","Versions.Target.CRDPVersion":"1.3","Versions.Target.Revision":"@19d4547535ab5aba70b4730443f84e8153052174","Versions.Target.UserAgent":"Mozilla/5.0 (Macintosh; Intel Mac OS X 10_15_4) AppleWebKit/537.36 (KHTML, like Gecko) Chrome/78.0.3882.0 Safari/537.36","Versions.Target.V8":"7.8.89","Versions.Target.Project":"Chrome","Versions.Target.Version":"78.0.3882.0","aspNetClientAppFallbackCount":0}}}
[15:47:14.130 UTC] To client: {"seq":0,"type":"event","event":"output","body":{"category":"telemetry","output":"target/notification/onScriptParsed","data":{"Versions.DebugAdapterCore":"6.8.9","Versions.DebugAdapter":"4.12.8","Versions.Target.CRDPVersion":"1.3","Versions.Target.Revision":"@19d4547535ab5aba70b4730443f84e8153052174","Versions.Target.UserAgent":"Mozilla/5.0 (Macintosh; Intel Mac OS X 10_15_4) AppleWebKit/537.36 (KHTML, like Gecko) Chrome/78.0.3882.0 Safari/537.36","Versions.Target.V8":"7.8.89","Versions.Target.Project":"Chrome","Versions.Target.Version":"78.0.3882.0","aggregated.startTime":"[\"1590076034064\",\"1590076034106\"]","aggregated.successful":"[\"true\",\"true\"]","aggregated.timeTakenInMilliseconds":"[\"3.622375\",\"14.71936\"]"}}}
[15:47:14.130 UTC] To client: {"seq":0,"type":"event","event":"output","body":{"category":"telemetry","output":"target/notification/onPaused","data":{"Versions.DebugAdapterCore":"6.8.9","Versions.DebugAdapter":"4.12.8","Versions.Target.CRDPVersion":"1.3","Versions.Target.Revision":"@19d4547535ab5aba70b4730443f84e8153052174","Versions.Target.UserAgent":"Mozilla/5.0 (Macintosh; Intel Mac OS X 10_15_4) AppleWebKit/537.36 (KHTML, like Gecko) Chrome/78.0.3882.0 Safari/537.36","Versions.Target.V8":"7.8.89","Versions.Target.Project":"Chrome","Versions.Target.Version":"78.0.3882.0","aggregated.startTime":"[\"1590076034108\",\"1590076034124\"]","aggregated.successful":"[\"true\",\"true\"]","aggregated.timeTakenInMilliseconds":"[\"13.018957\",\"0.793763\"]"}}}
[15:47:14.130 UTC] Terminated: Got disconnect request
[15:47:14.130 UTC] Waiting for any pending steps or log messages.
[15:47:14.130 UTC] Killing Chrome process
[15:47:14.131 UTC] To client: {"seq":0,"type":"response","request_seq":6,"command":"disconnect","success":true}
[15:47:14.131 UTC] To client: {"seq":0,"type":"event","event":"output","body":{"category":"telemetry","output":"ClientRequest/disconnect","data":{"Versions.DebugAdapterCore":"6.8.9","Versions.DebugAdapter":"4.12.8","Versions.Target.CRDPVersion":"1.3","Versions.Target.Revision":"@19d4547535ab5aba70b4730443f84e8153052174","Versions.Target.UserAgent":"Mozilla/5.0 (Macintosh; Intel Mac OS X 10_15_4) AppleWebKit/537.36 (KHTML, like Gecko) Chrome/78.0.3882.0 Safari/537.36","Versions.Target.V8":"7.8.89","Versions.Target.Project":"Chrome","Versions.Target.Version":"78.0.3882.0","successful":"true","timeTakenInMilliseconds":"1.853256","requestType":"request"}}}
[15:47:14.131 UTC] Current step and log messages complete
[15:47:14.131 UTC] To client: {"seq":0,"type":"event","event":"output","body":{"category":"telemetry","output":"debugStopped","data":{"Versions.DebugAdapterCore":"6.8.9","Versions.DebugAdapter":"4.12.8","Versions.Target.CRDPVersion":"1.3","Versions.Target.Revision":"@19d4547535ab5aba70b4730443f84e8153052174","Versions.Target.UserAgent":"Mozilla/5.0 (Macintosh; Intel Mac OS X 10_15_4) AppleWebKit/537.36 (KHTML, like Gecko) Chrome/78.0.3882.0 Safari/537.36","Versions.Target.V8":"7.8.89","Versions.Target.Project":"Chrome","Versions.Target.Version":"78.0.3882.0","reason":"Got disconnect request"}}}
[15:47:14.131 UTC] To client: {"seq":0,"type":"event","event":"terminated"}
