2020-5-21, 15:44:20.058 UTC
[15:44:20.059 UTC] OS: darwin x64
[15:44:20.059 UTC] Adapter node: v12.16.1 x64
[15:44:20.059 UTC] vscode-chrome-debug-core: 6.8.9
[15:44:20.059 UTC] debugger-for-chrome: 4.12.8
[15:44:20.059 UTC] From client: initialize({"adapterID":"chrome","linesStartAt1":true,"columnsStartAt1":true,"pathFormat":"path"})
[15:44:20.059 UTC] To client: {"seq":0,"type":"response","request_seq":1,"command":"initialize","success":true,"body":{"exceptionBreakpointFilters":[{"label":"All Exceptions","filter":"all","default":false},{"label":"Uncaught Exceptions","filter":"uncaught","default":false}],"supportsConfigurationDoneRequest":true,"supportsSetVariable":true,"supportsConditionalBreakpoints":true,"supportsCompletionsRequest":true,"supportsHitConditionalBreakpoints":true,"supportsRestartFrame":true,"supportsExceptionInfoRequest":true,"supportsDelayedStackTraceLoading":true,"supportsValueFormattingOptions":true,"supportsEvaluateForHovers":true,"supportsLoadedSourcesRequest":true,"supportsBreakpointLocationsRequest":true,"supportsRestartRequest":true,"supportsSetExpression":true,"supportsLogPoints":true}}
[15:44:20.059 UTC] To client: {"seq":0,"type":"event","event":"output","body":{"category":"telemetry","output":"ClientRequest/initialize","data":{"Versions.DebugAdapterCore":"6.8.9","Versions.DebugAdapter":"4.12.8","successful":"true","timeTakenInMilliseconds":"2.5322","requestType":"request"}}}
[15:44:20.059 UTC] From client: attach({"url":"http://localhost:7890","port":7777,"webRoot":"/Users/roblou/code/vscode-chrome-debug/testdata/intervalDebugger","logFilePath":"/Users/roblou/code/vscode-chrome-debug/logs/darwin-Chrome Debug Adapter etc launch Should attach to existing instance of chrome and break on debugger statement-DA.log","logTimestamps":true})
[15:44:20.059 UTC] To client: {"seq":0,"type":"event","event":"output","body":{"category":"telemetry","output":"debugStarted","data":{"Versions.DebugAdapterCore":"6.8.9","Versions.DebugAdapter":"4.12.8","request":"attach","args":["url","port","webRoot","logFilePath","logTimestamps","pathMapping","sourceMaps","sourceMapPathOverrides","skipFileRegExps","targetFilter","smartStep","showAsyncStacks"]}}}
[15:44:20.059 UTC] Getting browser and debug protocol version via http://127.0.0.1:7777/json/version
[15:44:20.059 UTC] Discovering targets via http://127.0.0.1:7777/json/list
[15:44:20.062 UTC] Got browser version: Chrome/78.0.3882.0
[15:44:20.062 UTC] Got debug protocol version: 1.3
[15:44:20.062 UTC] To client: {"seq":0,"type":"event","event":"output","body":{"category":"telemetry","output":"targetDebugProtocolVersion","data":{"Versions.DebugAdapterCore":"6.8.9","Versions.DebugAdapter":"4.12.8"}}}
[15:44:20.063 UTC] To client: {"seq":0,"type":"event","event":"output","body":{"category":"telemetry","output":"targetCount","data":{"Versions.DebugAdapterCore":"6.8.9","Versions.DebugAdapter":"4.12.8","numTargets":1}}}
[15:44:20.063 UTC] Attaching to target: {"description":"","devtoolsFrontendUrl":"/devtools/inspector.html?ws=localhost/devtools/page/8A59DA4D6C956167D7F99AC5E4300A12","id":"8A59DA4D6C956167D7F99AC5E4300A12","title":"","type":"page","url":"http://localhost:7890/","webSocketDebuggerUrl":"ws://127.0.0.1:7777/devtools/page/8A59DA4D6C956167D7F99AC5E4300A12","version":{}}
[15:44:20.063 UTC] WebSocket Url: ws://127.0.0.1:7777/devtools/page/8A59DA4D6C956167D7F99AC5E4300A12
[15:44:20.075 UTC] → To target: "{\"id\":1,\"method\":\"Console.enable\"}"
[15:44:20.075 UTC] → To target: "{\"id\":2,\"method\":\"Debugger.enable\"}"
[15:44:20.075 UTC] → To target: "{\"id\":3,\"method\":\"Runtime.enable\"}"
[15:44:20.075 UTC] → To target: "{\"id\":4,\"method\":\"Log.enable\"}"
[15:44:20.075 UTC] → To target: "{\"id\":5,\"method\":\"Runtime.runIfWaitingForDebugger\"}"
[15:44:20.075 UTC] → To target: "{\"id\":6,\"method\":\"Runtime.run\"}"
[15:44:20.075 UTC] → To target: "{\"id\":7,\"method\":\"Page.enable\"}"
[15:44:20.075 UTC] → To target: "{\"id\":8,\"method\":\"Network.enable\",\"params\":{}}"
[15:44:20.084 UTC] ← From target: {"id":1,"result":{}}
[15:44:20.085 UTC] ← From target: {"id":2,"result":{"debuggerId":"(20EA6894A76C1DB036634E9AA76CD059)"}}
[15:44:20.086 UTC] ← From target: {"method":"Runtime.executionContextCreated","params":{"context":{"id":1,"origin":"http://localhost:7890","name":"","auxData":{"isDefault":true,"type":"default","frameId":"8A59DA4D6C956167D7F99AC5E4300A12"}}}}
[15:44:20.086 UTC] ← From target: {"id":3,"result":{}}
[15:44:20.087 UTC] ← From target: {"id":4,"result":{}}
[15:44:20.087 UTC] ← From target: {"id":5,"result":{}}
[15:44:20.087 UTC] ← From target: {"error":{"code":-32601,"message":"'Runtime.run' wasn't found"},"id":6}
[15:44:20.088 UTC] ← From target: {"id":7,"result":{}}
[15:44:20.088 UTC] ← From target: {"id":8,"result":{}}
[15:44:20.089 UTC] → To target: "{\"id\":9,\"method\":\"Debugger.setBlackboxPatterns\",\"params\":{\"patterns\":[\"^chrome-extension:.*\"]}}"
[15:44:20.089 UTC] → To target: "{\"id\":10,\"method\":\"Schema.getDomains\"}"
[15:44:20.091 UTC] ← From target: {"id":10,"result":{"domains":[{"name":"Inspector","version":"1.2"},{"name":"Memory","version":"1.2"},{"name":"Page","version":"1.2"},{"name":"Emulation","version":"1.2"},{"name":"Security","version":"1.2"},{"name":"Network","version":"1.2"},{"name":"Database","version":"1.2"},{"name":"IndexedDB","version":"1.2"},{"name":"CacheStorage","version":"1.2"},{"name":"DOMStorage","version":"1.2"},{"name":"CSS","version":"1.2"},{"name":"ApplicationCache","version":"1.2"},{"name":"DOM","version":"1.2"},{"name":"IO","version":"1.2"},{"name":"DOMDebugger","version":"1.2"},{"name":"DOMSnapshot","version":"1.2"},{"name":"ServiceWorker","version":"1.2"},{"name":"Input","version":"1.2"},{"name":"LayerTree","version":"1.2"},{"name":"DeviceOrientation","version":"1.2"},{"name":"Tracing","version":"1.2"},{"name":"Animation","version":"1.2"},{"name":"Accessibility","version":"1.2"},{"name":"Storage","version":"1.2"},{"name":"Log","version":"1.2"},{"name":"Runtime","version":"1.2"},{"name":"Debugger","version":"1.2"},{"name":"Profiler","version":"1.2"},{"name":"HeapProfiler","version":"1.2"},{"name":"Schema","version":"1.2"},{"name":"Target","version":"1.2"},{"name":"Overlay","version":"1.2"},{"name":"Performance","version":"1.2"},{"name":"Audits","version":"1.2"},{"name":"HeadlessExperimental","version":"1.2"}]}}
[15:44:20.091 UTC] → To target: "{\"id\":11,\"method\":\"Debugger.setAsyncCallStackDepth\",\"params\":{\"maxDepth\":4}}"
[15:44:20.165 UTC] ← From target: {"method":"Debugger.scriptParsed","params":{"scriptId":"13","url":"http://localhost:7890/out/app.js","startLine":0,"startColumn":0,"endLine":4,"endColumn":31,"executionContextId":1,"hash":"317239527e2f91835e5e28114ab7fc0350aa5a36","executionContextAuxData":{"isDefault":true,"type":"default","frameId":"8A59DA4D6C956167D7F99AC5E4300A12"},"isLiveEdit":false,"sourceMapURL":"app.js.map","hasSourceURL":false,"isModule":false,"length":115}}
[15:44:20.168 UTC] → To target: "{\"id\":12,\"method\":\"Debugger.getPossibleBreakpoints\",\"params\":{\"start\":{\"scriptId\":\"13\",\"lineNumber\":0,\"columnNumber\":0},\"end\":{\"scriptId\":\"13\",\"lineNumber\":1,\"columnNumber\":0},\"restrictToFunction\":false}}"
[15:44:20.168 UTC] Paths.scriptParsed: resolved http://localhost:7890/out/app.js to /Users/roblou/code/vscode-chrome-debug/testdata/intervalDebugger/out/app.js. pathMapping/webroot: {"/":"/Users/roblou/code/vscode-chrome-debug/testdata/intervalDebugger"}
[15:44:20.169 UTC] SourceMaps.getMapForGeneratedPath: Finding SourceMap for /Users/roblou/code/vscode-chrome-debug/testdata/intervalDebugger/out/app.js by URI: app.js.map and webRoot/pathMapping: {"/":"/Users/roblou/code/vscode-chrome-debug/testdata/intervalDebugger"}
[15:44:20.169 UTC] SourceMaps.loadSourceMapContents: Reading local sourcemap file from /Users/roblou/code/vscode-chrome-debug/testdata/intervalDebugger/out/app.js.map
[15:44:20.170 UTC] ← From target: {"method":"Page.loadEventFired","params":{"timestamp":1398053.274203}}
[15:44:20.171 UTC] SourceMap: creating for /Users/roblou/code/vscode-chrome-debug/testdata/intervalDebugger/out/app.js
[15:44:20.171 UTC] SourceMap: sourceRoot: 
[15:44:20.171 UTC] SourceMap: sources: ["../src/app.ts"]
[15:44:20.171 UTC] SourceMap: pathMapping: {"/":"/Users/roblou/code/vscode-chrome-debug/testdata/intervalDebugger"}
[15:44:20.171 UTC] SourceMap: no sourceRoot specified, using script dirname: /Users/roblou/code/vscode-chrome-debug/testdata/intervalDebugger/out
[15:44:20.173 UTC] SourceMaps.scriptParsed: /Users/roblou/code/vscode-chrome-debug/testdata/intervalDebugger/out/app.js was just loaded and has mapped sources: ["/Users/roblou/code/vscode-chrome-debug/testdata/intervalDebugger/src/app.ts"]
[15:44:20.174 UTC] ← From target: {"method":"Page.frameStoppedLoading","params":{"frameId":"8A59DA4D6C956167D7F99AC5E4300A12"}}
[15:44:20.174 UTC] ← From target: {"method":"Page.domContentEventFired","params":{"timestamp":1398053.34799}}
[15:44:20.174 UTC] ← From target: {"id":9,"result":{}}
[15:44:20.174 UTC] ← From target: {"id":11,"result":{}}
[15:44:20.175 UTC] → To target: "{\"id\":13,\"method\":\"Runtime.evaluate\",\"params\":{\"expression\":\"navigator.userAgent\",\"silent\":true}}"
[15:44:20.175 UTC] → To target: "{\"id\":14,\"method\":\"Browser.getVersion\"}"
[15:44:20.175 UTC] To client: {"seq":0,"type":"response","request_seq":2,"command":"attach","success":true}
[15:44:20.175 UTC] To client: {"seq":0,"type":"event","event":"output","body":{"category":"telemetry","output":"ClientRequest/attach","data":{"Versions.DebugAdapterCore":"6.8.9","Versions.DebugAdapter":"4.12.8","successful":"true","timeTakenInMilliseconds":"129.99875","requestType":"request"}}}
[15:44:20.177 UTC] ← From target: {"id":12,"result":{"locations":[]}}
[15:44:20.177 UTC] To client: {"seq":0,"type":"event","event":"initialized"}
[15:44:20.178 UTC] To client: {"seq":0,"type":"event","event":"loadedSource","body":{"reason":"new","source":{"name":"app.js","path":"http://localhost:7890/out/app.js","sourceReference":1000}}}
[15:44:20.178 UTC] From client: setExceptionBreakpoints({"filters":["all"]})
[15:44:20.179 UTC] → To target: "{\"id\":15,\"method\":\"Debugger.setPauseOnExceptions\",\"params\":{\"state\":\"all\"}}"
[15:44:20.179 UTC] ← From target: {"method":"Log.entryAdded","params":{"entry":{"source":"network","level":"error","text":"Failed to load resource: the server responded with a status of 404 (Not Found)","timestamp":1590075860175.011,"url":"http://localhost:7890/favicon.ico","networkRequestId":"1000003591.4"}}}
[15:44:20.180 UTC] To client: {"seq":0,"type":"event","event":"output","body":{"category":"stderr","output":"Failed to load resource: the server responded with a status of 404 (Not Found) [http://localhost:7890/favicon.ico]\n"}}
[15:44:20.181 UTC] ← From target: {"id":14,"result":{"protocolVersion":"1.3","product":"Chrome/78.0.3882.0","revision":"@19d4547535ab5aba70b4730443f84e8153052174","userAgent":"Mozilla/5.0 (Macintosh; Intel Mac OS X 10_15_4) AppleWebKit/537.36 (KHTML, like Gecko) Chrome/78.0.3882.0 Safari/537.36","jsVersion":"7.8.89"}}
[15:44:20.181 UTC] To client: {"seq":0,"type":"event","event":"output","body":{"category":"telemetry","output":"target-version","data":{"Versions.DebugAdapterCore":"6.8.9","Versions.DebugAdapter":"4.12.8","Versions.Target.CRDPVersion":"1.3","Versions.Target.Revision":"@19d4547535ab5aba70b4730443f84e8153052174","Versions.Target.UserAgent":"Mozilla/5.0 (Macintosh; Intel Mac OS X 10_15_4) AppleWebKit/537.36 (KHTML, like Gecko) Chrome/78.0.3882.0 Safari/537.36","Versions.Target.V8":"7.8.89","Versions.Target.Project":"Chrome","Versions.Target.Version":"78.0.3882.0"}}}
[15:44:20.181 UTC] ← From target: {"method":"Debugger.scriptParsed","params":{"scriptId":"14","url":"","startLine":0,"startColumn":0,"endLine":0,"endColumn":19,"executionContextId":1,"hash":"3a6f8cb8708878331cc2be2ec90de0ab25738855","executionContextAuxData":{"isDefault":true,"type":"default","frameId":"8A59DA4D6C956167D7F99AC5E4300A12"},"isLiveEdit":false,"sourceMapURL":"","hasSourceURL":false,"isModule":false,"length":19}}
[15:44:20.182 UTC] To client: {"seq":0,"type":"event","event":"loadedSource","body":{"reason":"new","source":{"name":"VM14","path":"<eval>/VM14","sourceReference":1001}}}
[15:44:20.182 UTC] ← From target: {"id":13,"result":{"result":{"type":"string","value":"Mozilla/5.0 (Macintosh; Intel Mac OS X 10_15_4) AppleWebKit/537.36 (KHTML, like Gecko) Chrome/78.0.3882.0 Safari/537.36"}}}
[15:44:20.183 UTC] Target userAgent: Mozilla/5.0 (Macintosh; Intel Mac OS X 10_15_4) AppleWebKit/537.36 (KHTML, like Gecko) Chrome/78.0.3882.0 Safari/537.36
[15:44:20.183 UTC] → To target: "{\"id\":16,\"method\":\"Network.setCacheDisabled\",\"params\":{\"cacheDisabled\":true}}"
[15:44:20.183 UTC] ← From target: {"id":15,"result":{}}
[15:44:20.183 UTC] To client: {"seq":0,"type":"response","request_seq":3,"command":"setExceptionBreakpoints","success":true}
[15:44:20.183 UTC] To client: {"seq":0,"type":"event","event":"output","body":{"category":"telemetry","output":"ClientRequest/setExceptionBreakpoints","data":{"Versions.DebugAdapterCore":"6.8.9","Versions.DebugAdapter":"4.12.8","Versions.Target.CRDPVersion":"1.3","Versions.Target.Revision":"@19d4547535ab5aba70b4730443f84e8153052174","Versions.Target.UserAgent":"Mozilla/5.0 (Macintosh; Intel Mac OS X 10_15_4) AppleWebKit/537.36 (KHTML, like Gecko) Chrome/78.0.3882.0 Safari/537.36","Versions.Target.V8":"7.8.89","Versions.Target.Project":"Chrome","Versions.Target.Version":"78.0.3882.0","successful":"true","timeTakenInMilliseconds":"4.915857","requestType":"request"}}}
[15:44:20.184 UTC] ← From target: {"id":16,"result":{}}
[15:44:20.189 UTC] ← From target: {"method":"Debugger.paused","params":{"callFrames":[{"callFrameId":"{\"ordinal\":0,\"injectedScriptId\":1}","functionName":"debuggerStatement","functionLocation":{"scriptId":"13","lineNumber":0,"columnNumber":26},"location":{"scriptId":"13","lineNumber":1,"columnNumber":4},"url":"http://localhost:7890/out/app.js","scopeChain":[{"type":"local","object":{"type":"object","className":"Object","description":"Object","objectId":"{\"injectedScriptId\":1,\"id\":1}"},"name":"debuggerStatement","startLocation":{"scriptId":"13","lineNumber":0,"columnNumber":26},"endLocation":{"scriptId":"13","lineNumber":2,"columnNumber":1}},{"type":"global","object":{"type":"object","className":"Window","description":"Window","objectId":"{\"injectedScriptId\":1,\"id\":2}"}}],"this":{"type":"object","className":"Window","description":"Window","objectId":"{\"injectedScriptId\":1,\"id\":3}"}}],"reason":"other","hitBreakpoints":[]}}
[15:44:20.190 UTC] To client: {"seq":0,"type":"event","event":"stopped","body":{"reason":"debugger_statement","threadId":1,"description":"Paused on debugger statement"}}
[15:44:20.191 UTC] → To target: "{\"id\":17,\"method\":\"Overlay.setPausedInDebuggerMessage\",\"params\":{\"message\":\"Paused in Visual Studio Code\"}}"
[15:44:20.191 UTC] From client: stackTrace({"threadId":1})
[15:44:20.193 UTC] To client: {"seq":0,"type":"response","request_seq":4,"command":"stackTrace","success":true,"body":{"stackFrames":[{"id":1000,"name":"debuggerStatement","source":{"name":"app.ts","path":"/Users/roblou/code/vscode-chrome-debug/testdata/intervalDebugger/src/app.ts"},"line":2,"column":5}],"totalFrames":1}}
[15:44:20.193 UTC] To client: {"seq":0,"type":"event","event":"output","body":{"category":"telemetry","output":"ClientRequest/stackTrace","data":{"Versions.DebugAdapterCore":"6.8.9","Versions.DebugAdapter":"4.12.8","Versions.Target.CRDPVersion":"1.3","Versions.Target.Revision":"@19d4547535ab5aba70b4730443f84e8153052174","Versions.Target.UserAgent":"Mozilla/5.0 (Macintosh; Intel Mac OS X 10_15_4) AppleWebKit/537.36 (KHTML, like Gecko) Chrome/78.0.3882.0 Safari/537.36","Versions.Target.V8":"7.8.89","Versions.Target.Project":"Chrome","Versions.Target.Version":"78.0.3882.0","successful":"true","timeTakenInMilliseconds":"2.505906","requestType":"request"}}}
[15:44:20.210 UTC] Websocket closed
[15:44:20.210 UTC] Terminated: websocket closed
[15:44:20.210 UTC] Waiting for any pending steps or log messages.
[15:44:20.210 UTC] Current step and log messages complete
[15:44:20.210 UTC] To client: {"seq":0,"type":"event","event":"output","body":{"category":"telemetry","output":"debugStopped","data":{"Versions.DebugAdapterCore":"6.8.9","Versions.DebugAdapter":"4.12.8","Versions.Target.CRDPVersion":"1.3","Versions.Target.Revision":"@19d4547535ab5aba70b4730443f84e8153052174","Versions.Target.UserAgent":"Mozilla/5.0 (Macintosh; Intel Mac OS X 10_15_4) AppleWebKit/537.36 (KHTML, like Gecko) Chrome/78.0.3882.0 Safari/537.36","Versions.Target.V8":"7.8.89","Versions.Target.Project":"Chrome","Versions.Target.Version":"78.0.3882.0","reason":"websocket closed"}}}
[15:44:20.210 UTC] To client: {"seq":0,"type":"event","event":"terminated"}
[15:44:20.278 UTC] From client: disconnect(undefined)
[15:44:20.278 UTC] To client: {"seq":0,"type":"event","event":"output","body":{"category":"telemetry","output":"FullSessionStatistics/SourceMaps/Overrides","data":{"Versions.DebugAdapterCore":"6.8.9","Versions.DebugAdapter":"4.12.8","Versions.Target.CRDPVersion":"1.3","Versions.Target.Revision":"@19d4547535ab5aba70b4730443f84e8153052174","Versions.Target.UserAgent":"Mozilla/5.0 (Macintosh; Intel Mac OS X 10_15_4) AppleWebKit/537.36 (KHTML, like Gecko) Chrome/78.0.3882.0 Safari/537.36","Versions.Target.V8":"7.8.89","Versions.Target.Project":"Chrome","Versions.Target.Version":"78.0.3882.0","aspNetClientAppFallbackCount":0}}}
[15:44:20.279 UTC] To client: {"seq":0,"type":"event","event":"output","body":{"category":"telemetry","output":"target/notification/onScriptParsed","data":{"Versions.DebugAdapterCore":"6.8.9","Versions.DebugAdapter":"4.12.8","Versions.Target.CRDPVersion":"1.3","Versions.Target.Revision":"@19d4547535ab5aba70b4730443f84e8153052174","Versions.Target.UserAgent":"Mozilla/5.0 (Macintosh; Intel Mac OS X 10_15_4) AppleWebKit/537.36 (KHTML, like Gecko) Chrome/78.0.3882.0 Safari/537.36","Versions.Target.V8":"7.8.89","Versions.Target.Project":"Chrome","Versions.Target.Version":"78.0.3882.0","aggregated.startTime":"[\"1590075860165\",\"1590075860181\"]","aggregated.successful":"[\"true\",\"true\"]","aggregated.timeTakenInMilliseconds":"[\"8.124205\",\"0.648536\"]"}}}
[15:44:20.279 UTC] To client: {"seq":0,"type":"event","event":"output","body":{"category":"telemetry","output":"target/notification/onPaused","data":{"Versions.DebugAdapterCore":"6.8.9","Versions.DebugAdapter":"4.12.8","Versions.Target.CRDPVersion":"1.3","Versions.Target.Revision":"@19d4547535ab5aba70b4730443f84e8153052174","Versions.Target.UserAgent":"Mozilla/5.0 (Macintosh; Intel Mac OS X 10_15_4) AppleWebKit/537.36 (KHTML, like Gecko) Chrome/78.0.3882.0 Safari/537.36","Versions.Target.V8":"7.8.89","Versions.Target.Project":"Chrome","Versions.Target.Version":"78.0.3882.0","aggregated.startTime":"[\"1590075860190\"]","aggregated.successful":"[\"true\"]","aggregated.timeTakenInMilliseconds":"[\"1.006449\"]"}}}
[15:44:20.280 UTC] To client: {"seq":0,"type":"event","event":"output","body":{"category":"telemetry","output":"report-start-up-timings","data":{"Versions.DebugAdapterCore":"6.8.9","Versions.DebugAdapter":"4.12.8","Versions.Target.CRDPVersion":"1.3","Versions.Target.Revision":"@19d4547535ab5aba70b4730443f84e8153052174","Versions.Target.UserAgent":"Mozilla/5.0 (Macintosh; Intel Mac OS X 10_15_4) AppleWebKit/537.36 (KHTML, like Gecko) Chrome/78.0.3882.0 Safari/537.36","Versions.Target.V8":"7.8.89","Versions.Target.Project":"Chrome","Versions.Target.Version":"78.0.3882.0","RequestedContentWasDetected":"false","Steps":"[\"BeforeFirstStep\",\"ClientRequest/initialize\",\"ClientRequest/attach\",\"Attach\",\"Attach.RequestDebuggerTargetsInformation\",\"Attach.ProcessDebuggerTargetsInformation\",\"Attach.AttachToTargetDebuggerWebsocket\",\"Attach.ConfigureDebuggingSession.Internal\",\"Attach.ConfigureDebuggingSession.Target\",\"Attach.ConfigureDebuggingSession.End\"]","All":"5817.791132","Request.ClientRequest/setExceptionBreakpoints.startTime":"[1590075860178]","Request.ClientRequest/setExceptionBreakpoints.timeTakenInMilliseconds":"[4.915857]","Request.ClientRequest/stackTrace.startTime":"[1590075860191]","Request.ClientRequest/stackTrace.timeTakenInMilliseconds":"[2.505906]","BeforeFirstStep":"[5578.951015]","WaitingAfter.ClientRequest/initialize":"[5581.422812]","ClientRequest/initialize":"[3.866228]","ClientRequest/attach":"[2.679468]","Attach":"[6.208055]","Attach.RequestDebuggerTargetsInformation":"[8.373394]","Attach.ProcessDebuggerTargetsInformation":"[1.126891]","Attach.AttachToTargetDebuggerWebsocket":"[3.689844]","Attach.ConfigureDebuggingSession.Internal":"[0.581342]","Attach.ConfigureDebuggingSession.Target":"[106.492257]","WaitingAfter.ClientRequest/attach":"[5712.850047]","WaitingAfter.NotifyInitialized":"[5715.111368]","Attach.ConfigureDebuggingSession.End":"[105.543672]","RequestedContentWasNotDetectedReason":"shutdown"}}}
[15:44:20.280 UTC] Terminated: Got disconnect request
[15:44:20.280 UTC] To client: {"seq":0,"type":"response","request_seq":5,"command":"disconnect","success":true}
[15:44:20.280 UTC] To client: {"seq":0,"type":"event","event":"output","body":{"category":"telemetry","output":"ClientRequest/disconnect","data":{"Versions.DebugAdapterCore":"6.8.9","Versions.DebugAdapter":"4.12.8","Versions.Target.CRDPVersion":"1.3","Versions.Target.Revision":"@19d4547535ab5aba70b4730443f84e8153052174","Versions.Target.UserAgent":"Mozilla/5.0 (Macintosh; Intel Mac OS X 10_15_4) AppleWebKit/537.36 (KHTML, like Gecko) Chrome/78.0.3882.0 Safari/537.36","Versions.Target.V8":"7.8.89","Versions.Target.Project":"Chrome","Versions.Target.Version":"78.0.3882.0","successful":"true","timeTakenInMilliseconds":"2.274357","requestType":"request"}}}
