2020-5-21, 15:47:20.225 UTC
[15:47:20.225 UTC] OS: darwin x64
[15:47:20.225 UTC] Adapter node: v12.16.1 x64
[15:47:20.226 UTC] vscode-chrome-debug-core: 6.8.9
[15:47:20.226 UTC] debugger-for-chrome: 4.12.8
[15:47:20.226 UTC] From client: initialize({"adapterID":"chrome","linesStartAt1":true,"columnsStartAt1":true,"pathFormat":"path"})
[15:47:20.226 UTC] To client: {"seq":0,"type":"response","request_seq":1,"command":"initialize","success":true,"body":{"exceptionBreakpointFilters":[{"label":"All Exceptions","filter":"all","default":false},{"label":"Uncaught Exceptions","filter":"uncaught","default":false}],"supportsConfigurationDoneRequest":true,"supportsSetVariable":true,"supportsConditionalBreakpoints":true,"supportsCompletionsRequest":true,"supportsHitConditionalBreakpoints":true,"supportsRestartFrame":true,"supportsExceptionInfoRequest":true,"supportsDelayedStackTraceLoading":true,"supportsValueFormattingOptions":true,"supportsEvaluateForHovers":true,"supportsLoadedSourcesRequest":true,"supportsBreakpointLocationsRequest":true,"supportsRestartRequest":true,"supportsSetExpression":true,"supportsLogPoints":true}}
[15:47:20.226 UTC] To client: {"seq":0,"type":"event","event":"output","body":{"category":"telemetry","output":"ClientRequest/initialize","data":{"Versions.DebugAdapterCore":"6.8.9","Versions.DebugAdapter":"4.12.8","successful":"true","timeTakenInMilliseconds":"1.614058","requestType":"request"}}}
[15:47:20.226 UTC] From client: launch({"url":"http://localhost:7890/index.html","webRoot":"/Users/roblou/code/vscode-chrome-debug/testdata/columns","trace":"verbose","logTimestamps":true,"disableNetworkCache":true,"logFilePath":"/Users/roblou/code/vscode-chrome-debug/logs/darwin-Breakpoints Column BPs Column BP is hit on correct column-DA.log","runtimeExecutable":"/Users/roblou/code/vscode-chrome-debug/node_modules/puppeteer/.local-chromium/mac-686378/chrome-mac/Chromium.app/Contents/MacOS/Chromium","userDataDir":"/var/folders/tx/p0ycbfpj37786p760wwdg6y80000gn/T/chrome2-3540f9zKNgzsoaj7"})
[15:47:20.226 UTC] To client: {"seq":0,"type":"event","event":"output","body":{"category":"telemetry","output":"debugStarted","data":{"Versions.DebugAdapterCore":"6.8.9","Versions.DebugAdapter":"4.12.8","request":"launch","args":["url","webRoot","trace","logTimestamps","disableNetworkCache","logFilePath","runtimeExecutable","userDataDir","breakOnLoadStrategy","pathMapping","sourceMaps","sourceMapPathOverrides","skipFileRegExps","targetFilter","smartStep","showAsyncStacks"]}}}
[15:47:20.226 UTC] spawn('/Users/roblou/code/vscode-chrome-debug/node_modules/puppeteer/.local-chromium/mac-686378/chrome-mac/Chromium.app/Contents/MacOS/Chromium', ["--remote-debugging-port=9222","--no-first-run","--no-default-browser-check","--user-data-dir=/var/folders/tx/p0ycbfpj37786p760wwdg6y80000gn/T/chrome2-3540f9zKNgzsoaj7","about:blank"])
[15:47:20.226 UTC] Getting browser and debug protocol version via http://127.0.0.1:9222/json/version
[15:47:20.226 UTC] Discovering targets via http://127.0.0.1:9222/json/list
[15:47:20.226 UTC] HTTP GET failed: Error: connect ECONNREFUSED 127.0.0.1:9222
[15:47:20.226 UTC] There was an error connecting to http://127.0.0.1:9222/json/version : connect ECONNREFUSED 127.0.0.1:9222
[15:47:20.226 UTC] HTTP GET failed: Error: connect ECONNREFUSED 127.0.0.1:9222
[15:47:20.226 UTC] Discovering targets via http://127.0.0.1:9222/json
[15:47:20.226 UTC] HTTP GET failed: Error: connect ECONNREFUSED 127.0.0.1:9222
[15:47:20.430 UTC] Getting browser and debug protocol version via http://127.0.0.1:9222/json/version
[15:47:20.431 UTC] Discovering targets via http://127.0.0.1:9222/json/list
[15:47:20.432 UTC] HTTP GET failed: Error: connect ECONNREFUSED 127.0.0.1:9222
[15:47:20.432 UTC] There was an error connecting to http://127.0.0.1:9222/json/version : connect ECONNREFUSED 127.0.0.1:9222
[15:47:20.432 UTC] HTTP GET failed: Error: connect ECONNREFUSED 127.0.0.1:9222
[15:47:20.432 UTC] Discovering targets via http://127.0.0.1:9222/json
[15:47:20.433 UTC] HTTP GET failed: Error: connect ECONNREFUSED 127.0.0.1:9222
[15:47:20.635 UTC] Getting browser and debug protocol version via http://127.0.0.1:9222/json/version
[15:47:20.635 UTC] Discovering targets via http://127.0.0.1:9222/json/list
[15:47:25.864 UTC] Got browser version: Chrome/78.0.3882.0
[15:47:25.864 UTC] Got debug protocol version: 1.3
[15:47:25.864 UTC] To client: {"seq":0,"type":"event","event":"output","body":{"category":"telemetry","output":"targetDebugProtocolVersion","data":{"Versions.DebugAdapterCore":"6.8.9","Versions.DebugAdapter":"4.12.8"}}}
[15:47:25.865 UTC] To client: {"seq":0,"type":"event","event":"output","body":{"category":"telemetry","output":"targetCount","data":{"Versions.DebugAdapterCore":"6.8.9","Versions.DebugAdapter":"4.12.8","numTargets":1}}}
[15:47:25.865 UTC] Attaching to target: {"description":"","devtoolsFrontendUrl":"/devtools/inspector.html?ws=localhost/devtools/page/CAF4998C941365B80C86B6FEAD2B6B21","id":"CAF4998C941365B80C86B6FEAD2B6B21","title":"","type":"page","url":"about:blank","webSocketDebuggerUrl":"ws://127.0.0.1:9222/devtools/page/CAF4998C941365B80C86B6FEAD2B6B21","version":{}}
[15:47:25.865 UTC] WebSocket Url: ws://127.0.0.1:9222/devtools/page/CAF4998C941365B80C86B6FEAD2B6B21
[15:47:25.887 UTC] → To target: "{\"id\":1,\"method\":\"Console.enable\"}"
[15:47:25.888 UTC] → To target: "{\"id\":2,\"method\":\"Debugger.enable\"}"
[15:47:25.888 UTC] → To target: "{\"id\":3,\"method\":\"Runtime.enable\"}"
[15:47:25.888 UTC] → To target: "{\"id\":4,\"method\":\"Log.enable\"}"
[15:47:25.888 UTC] → To target: "{\"id\":5,\"method\":\"Runtime.runIfWaitingForDebugger\"}"
[15:47:25.888 UTC] → To target: "{\"id\":6,\"method\":\"Runtime.run\"}"
[15:47:25.888 UTC] → To target: "{\"id\":7,\"method\":\"Page.enable\"}"
[15:47:25.888 UTC] → To target: "{\"id\":8,\"method\":\"Network.enable\",\"params\":{}}"
[15:47:25.914 UTC] ← From target: {"id":1,"result":{}}
[15:47:25.914 UTC] ← From target: {"id":2,"result":{"debuggerId":"(8499F971F77E70BA1A5CC76D6F3D5F5)"}}
[15:47:25.915 UTC] ← From target: {"method":"Runtime.executionContextCreated","params":{"context":{"id":1,"origin":"://","name":"","auxData":{"isDefault":true,"type":"default","frameId":"CAF4998C941365B80C86B6FEAD2B6B21"}}}}
[15:47:25.915 UTC] ← From target: {"id":3,"result":{}}
[15:47:25.915 UTC] ← From target: {"id":4,"result":{}}
[15:47:25.916 UTC] ← From target: {"id":5,"result":{}}
[15:47:25.916 UTC] ← From target: {"error":{"code":-32601,"message":"'Runtime.run' wasn't found"},"id":6}
[15:47:25.917 UTC] ← From target: {"id":7,"result":{}}
[15:47:25.917 UTC] ← From target: {"id":8,"result":{}}
[15:47:25.917 UTC] → To target: "{\"id\":9,\"method\":\"Debugger.setBlackboxPatterns\",\"params\":{\"patterns\":[\"^chrome-extension:.*\"]}}"
[15:47:25.918 UTC] → To target: "{\"id\":10,\"method\":\"Schema.getDomains\"}"
[15:47:25.918 UTC] ← From target: {"method":"Page.frameResized","params":{}}
[15:47:25.919 UTC] ← From target: {"id":10,"result":{"domains":[{"name":"Inspector","version":"1.2"},{"name":"Memory","version":"1.2"},{"name":"Page","version":"1.2"},{"name":"Emulation","version":"1.2"},{"name":"Security","version":"1.2"},{"name":"Network","version":"1.2"},{"name":"Database","version":"1.2"},{"name":"IndexedDB","version":"1.2"},{"name":"CacheStorage","version":"1.2"},{"name":"DOMStorage","version":"1.2"},{"name":"CSS","version":"1.2"},{"name":"ApplicationCache","version":"1.2"},{"name":"DOM","version":"1.2"},{"name":"IO","version":"1.2"},{"name":"DOMDebugger","version":"1.2"},{"name":"DOMSnapshot","version":"1.2"},{"name":"ServiceWorker","version":"1.2"},{"name":"Input","version":"1.2"},{"name":"LayerTree","version":"1.2"},{"name":"DeviceOrientation","version":"1.2"},{"name":"Tracing","version":"1.2"},{"name":"Animation","version":"1.2"},{"name":"Accessibility","version":"1.2"},{"name":"Storage","version":"1.2"},{"name":"Log","version":"1.2"},{"name":"Runtime","version":"1.2"},{"name":"Debugger","version":"1.2"},{"name":"Profiler","version":"1.2"},{"name":"HeapProfiler","version":"1.2"},{"name":"Schema","version":"1.2"},{"name":"Target","version":"1.2"},{"name":"Overlay","version":"1.2"},{"name":"Performance","version":"1.2"},{"name":"Audits","version":"1.2"},{"name":"HeadlessExperimental","version":"1.2"}]}}
[15:47:25.919 UTC] → To target: "{\"id\":11,\"method\":\"Debugger.setAsyncCallStackDepth\",\"params\":{\"maxDepth\":4}}"
[15:47:25.920 UTC] ← From target: {"id":9,"result":{}}
[15:47:25.920 UTC] ← From target: {"id":11,"result":{}}
[15:47:25.921 UTC] → To target: "{\"id\":12,\"method\":\"Runtime.evaluate\",\"params\":{\"expression\":\"navigator.userAgent\",\"silent\":true}}"
[15:47:25.921 UTC] → To target: "{\"id\":13,\"method\":\"Browser.getVersion\"}"
[15:47:25.921 UTC] To client: {"seq":0,"type":"response","request_seq":2,"command":"launch","success":true}
[15:47:25.921 UTC] To client: {"seq":0,"type":"event","event":"output","body":{"category":"telemetry","output":"ClientRequest/launch","data":{"Versions.DebugAdapterCore":"6.8.9","Versions.DebugAdapter":"4.12.8","successful":"true","timeTakenInMilliseconds":"5721.531449","requestType":"request"}}}
[15:47:25.922 UTC] ← From target: {"id":13,"result":{"protocolVersion":"1.3","product":"Chrome/78.0.3882.0","revision":"@19d4547535ab5aba70b4730443f84e8153052174","userAgent":"Mozilla/5.0 (Macintosh; Intel Mac OS X 10_15_4) AppleWebKit/537.36 (KHTML, like Gecko) Chrome/78.0.3882.0 Safari/537.36","jsVersion":"7.8.89"}}
[15:47:25.922 UTC] To client: {"seq":0,"type":"event","event":"output","body":{"category":"telemetry","output":"target-version","data":{"Versions.DebugAdapterCore":"6.8.9","Versions.DebugAdapter":"4.12.8","Versions.Target.CRDPVersion":"1.3","Versions.Target.Revision":"@19d4547535ab5aba70b4730443f84e8153052174","Versions.Target.UserAgent":"Mozilla/5.0 (Macintosh; Intel Mac OS X 10_15_4) AppleWebKit/537.36 (KHTML, like Gecko) Chrome/78.0.3882.0 Safari/537.36","Versions.Target.V8":"7.8.89","Versions.Target.Project":"Chrome","Versions.Target.Version":"78.0.3882.0"}}}
[15:47:25.922 UTC] ← From target: {"method":"Debugger.scriptParsed","params":{"scriptId":"13","url":"","startLine":0,"startColumn":0,"endLine":0,"endColumn":19,"executionContextId":1,"hash":"3a6f8cb8708878331cc2be2ec90de0ab25738855","executionContextAuxData":{"isDefault":true,"type":"default","frameId":"CAF4998C941365B80C86B6FEAD2B6B21"},"isLiveEdit":false,"sourceMapURL":"","hasSourceURL":false,"isModule":false,"length":19}}
[15:47:25.924 UTC] → To target: "{\"id\":14,\"method\":\"Debugger.getPossibleBreakpoints\",\"params\":{\"start\":{\"scriptId\":\"13\",\"lineNumber\":0,\"columnNumber\":0},\"end\":{\"scriptId\":\"13\",\"lineNumber\":1,\"columnNumber\":0},\"restrictToFunction\":false}}"
[15:47:25.926 UTC] ← From target: {"id":12,"result":{"result":{"type":"string","value":"Mozilla/5.0 (Macintosh; Intel Mac OS X 10_15_4) AppleWebKit/537.36 (KHTML, like Gecko) Chrome/78.0.3882.0 Safari/537.36"}}}
[15:47:25.926 UTC] Target userAgent: Mozilla/5.0 (Macintosh; Intel Mac OS X 10_15_4) AppleWebKit/537.36 (KHTML, like Gecko) Chrome/78.0.3882.0 Safari/537.36
[15:47:25.927 UTC] → To target: "{\"id\":15,\"method\":\"Network.setCacheDisabled\",\"params\":{\"cacheDisabled\":true}}"
[15:47:25.928 UTC] ← From target: {"id":14,"result":{"locations":[{"scriptId":"13","lineNumber":0,"columnNumber":0}]}}
[15:47:25.928 UTC] To client: {"seq":0,"type":"event","event":"initialized"}
[15:47:25.929 UTC] To client: {"seq":0,"type":"event","event":"loadedSource","body":{"reason":"new","source":{"name":"VM13","path":"<eval>/VM13","sourceReference":1000}}}
[15:47:25.929 UTC] From client: setBreakpoints({"lines":[4],"breakpoints":[{"line":4,"column":16}],"source":{"path":"/Users/roblou/code/vscode-chrome-debug/testdata/columns/src/script.ts"}})
[15:47:25.930 UTC] To client: {"seq":0,"type":"event","event":"output","body":{"category":"telemetry","output":"setBreakpointsRequest","data":{"Versions.DebugAdapterCore":"6.8.9","Versions.DebugAdapter":"4.12.8","Versions.Target.CRDPVersion":"1.3","Versions.Target.Revision":"@19d4547535ab5aba70b4730443f84e8153052174","Versions.Target.UserAgent":"Mozilla/5.0 (Macintosh; Intel Mac OS X 10_15_4) AppleWebKit/537.36 (KHTML, like Gecko) Chrome/78.0.3882.0 Safari/537.36","Versions.Target.V8":"7.8.89","Versions.Target.Project":"Chrome","Versions.Target.Version":"78.0.3882.0","fileExt":".ts"}}}
[15:47:25.930 UTC] SourceMaps.setBP: /Users/roblou/code/vscode-chrome-debug/testdata/columns/src/script.ts can't be resolved to a loaded script. It may just not be loaded yet.
[15:47:25.931 UTC] Paths.setBP: No target url cached yet for client path: /Users/roblou/code/vscode-chrome-debug/testdata/columns/src/script.ts.
[15:47:25.931 UTC] → To target: "{\"id\":16,\"method\":\"DOMDebugger.setInstrumentationBreakpoint\",\"params\":{\"eventName\":\"scriptFirstStatement\"}}"
[15:47:25.931 UTC] ← From target: {"id":15,"result":{}}
[15:47:25.932 UTC] ← From target: {"id":16,"result":{}}
[15:47:25.932 UTC] To client: {"seq":0,"type":"response","request_seq":3,"command":"setBreakpoints","success":true,"body":{"breakpoints":[{"id":1000,"verified":false,"message":"Breakpoint set but not yet bound"}]}}
[15:47:25.933 UTC] To client: {"seq":0,"type":"event","event":"output","body":{"category":"telemetry","output":"ClientRequest/setBreakpoints","data":{"Versions.DebugAdapterCore":"6.8.9","Versions.DebugAdapter":"4.12.8","Versions.Target.CRDPVersion":"1.3","Versions.Target.Revision":"@19d4547535ab5aba70b4730443f84e8153052174","Versions.Target.UserAgent":"Mozilla/5.0 (Macintosh; Intel Mac OS X 10_15_4) AppleWebKit/537.36 (KHTML, like Gecko) Chrome/78.0.3882.0 Safari/537.36","Versions.Target.V8":"7.8.89","Versions.Target.Project":"Chrome","Versions.Target.Version":"78.0.3882.0","successful":"true","timeTakenInMilliseconds":"3.142991","requestType":"request"}}}
[15:47:25.933 UTC] From client: configurationDone(undefined)
[15:47:25.933 UTC] → To target: "{\"id\":17,\"method\":\"Page.navigate\",\"params\":{\"url\":\"http://localhost:7890/index.html\"}}"
[15:47:25.933 UTC] To client: {"seq":0,"type":"response","request_seq":4,"command":"configurationDone","success":true}
[15:47:25.933 UTC] To client: {"seq":0,"type":"event","event":"output","body":{"category":"telemetry","output":"ClientRequest/configurationDone","data":{"Versions.DebugAdapterCore":"6.8.9","Versions.DebugAdapter":"4.12.8","Versions.Target.CRDPVersion":"1.3","Versions.Target.Revision":"@19d4547535ab5aba70b4730443f84e8153052174","Versions.Target.UserAgent":"Mozilla/5.0 (Macintosh; Intel Mac OS X 10_15_4) AppleWebKit/537.36 (KHTML, like Gecko) Chrome/78.0.3882.0 Safari/537.36","Versions.Target.V8":"7.8.89","Versions.Target.Project":"Chrome","Versions.Target.Version":"78.0.3882.0","successful":"true","timeTakenInMilliseconds":"0.463594","requestType":"request"}}}
[15:47:25.942 UTC] ← From target: {"id":17,"result":{"frameId":"CAF4998C941365B80C86B6FEAD2B6B21","loaderId":"332A8C6883CAE51141859F6C9D8FAFCD"}}
[15:47:25.954 UTC] ← From target: {"method":"Page.frameStartedLoading","params":{"frameId":"CAF4998C941365B80C86B6FEAD2B6B21"}}
[15:47:25.955 UTC] ← From target: {"method":"Runtime.executionContextDestroyed","params":{"executionContextId":1}}
[15:47:25.956 UTC] ← From target: {"method":"Runtime.executionContextsCleared","params":{}}
[15:47:25.956 UTC] To client: {"seq":0,"type":"event","event":"loadedSource","body":{"reason":"removed","source":{"name":"VM13","path":"<eval>/VM13","sourceReference":1000}}}
[15:47:25.957 UTC] ← From target: {"method":"Page.frameNavigated","params":{"frame":{"id":"CAF4998C941365B80C86B6FEAD2B6B21","loaderId":"332A8C6883CAE51141859F6C9D8FAFCD","url":"http://localhost:7890/index.html","securityOrigin":"http://localhost:7890","mimeType":"text/html"}}}
[15:47:25.957 UTC] To client: {"seq":0,"type":"event","event":"output","body":{"category":"telemetry","output":"report-start-up-timings","data":{"Versions.DebugAdapterCore":"6.8.9","Versions.DebugAdapter":"4.12.8","Versions.Target.CRDPVersion":"1.3","Versions.Target.Revision":"@19d4547535ab5aba70b4730443f84e8153052174","Versions.Target.UserAgent":"Mozilla/5.0 (Macintosh; Intel Mac OS X 10_15_4) AppleWebKit/537.36 (KHTML, like Gecko) Chrome/78.0.3882.0 Safari/537.36","Versions.Target.V8":"7.8.89","Versions.Target.Project":"Chrome","Versions.Target.Version":"78.0.3882.0","RequestedContentWasDetected":"true","Steps":"[\"BeforeFirstStep\",\"ClientRequest/initialize\",\"ClientRequest/launch\",\"LaunchTarget.LaunchExe\",\"Attach\",\"Attach.RequestDebuggerTargetsInformation\",\"Attach.RequestDebuggerTargetsInformation\",\"Attach.RequestDebuggerTargetsInformation\",\"Attach.ProcessDebuggerTargetsInformation\",\"Attach.AttachToTargetDebuggerWebsocket\",\"Attach.ConfigureDebuggingSession.Internal\",\"Attach.ConfigureDebuggingSession.Target\",\"Attach.ConfigureDebuggingSession.End\"]","All":"5770.551566","Request.ClientRequest/setBreakpoints.startTime":"[1590076045929]","Request.ClientRequest/setBreakpoints.timeTakenInMilliseconds":"[3.142991]","Request.ClientRequest/configurationDone.startTime":"[1590076045933]","Request.ClientRequest/configurationDone.timeTakenInMilliseconds":"[0.463594]","BeforeFirstStep":"[10.939828]","WaitingAfter.ClientRequest/initialize":"[12.495147]","ClientRequest/initialize":"[2.041872]","ClientRequest/launch":"[2.332689]","LaunchTarget.LaunchExe":"[10.461125]","Attach":"[6.738023]","Attach.RequestDebuggerTargetsInformation":"[211.700821,204.344424,5229.277361]","Attach.ProcessDebuggerTargetsInformation":"[1.147614]","Attach.AttachToTargetDebuggerWebsocket":"[2.563312]","Attach.ConfigureDebuggingSession.Internal":"[0.415695]","Attach.ConfigureDebuggingSession.Target":"[51.696214]","WaitingAfter.ClientRequest/launch":"[5734.551153]","WaitingAfter.NotifyInitialized":"[5741.899768]","RequestedNavigateToUserPage":"[5755.620984]","Attach.ConfigureDebuggingSession.End":"[36.639971]"}}}
[15:47:25.958 UTC] ← From target: {"method":"Runtime.executionContextCreated","params":{"context":{"id":2,"origin":"http://localhost:7890","name":"","auxData":{"isDefault":true,"type":"default","frameId":"CAF4998C941365B80C86B6FEAD2B6B21"}}}}
[15:47:25.962 UTC] ← From target: {"method":"Debugger.scriptParsed","params":{"scriptId":"14","url":"http://localhost:7890/out/script.js","startLine":0,"startColumn":0,"endLine":8,"endColumn":34,"executionContextId":2,"hash":"3f3bc1145385fb5f78864bab02b2cb0530814c35","executionContextAuxData":{"isDefault":true,"type":"default","frameId":"CAF4998C941365B80C86B6FEAD2B6B21"},"isLiveEdit":false,"sourceMapURL":"script.js.map","hasSourceURL":false,"isModule":false,"length":161}}
[15:47:25.963 UTC] Paths.scriptParsed: resolved http://localhost:7890/out/script.js to /Users/roblou/code/vscode-chrome-debug/testdata/columns/out/script.js. pathMapping/webroot: {"/":"/Users/roblou/code/vscode-chrome-debug/testdata/columns"}
[15:47:25.963 UTC] SourceMaps.getMapForGeneratedPath: Finding SourceMap for /Users/roblou/code/vscode-chrome-debug/testdata/columns/out/script.js by URI: script.js.map and webRoot/pathMapping: {"/":"/Users/roblou/code/vscode-chrome-debug/testdata/columns"}
[15:47:25.963 UTC] SourceMaps.loadSourceMapContents: Reading local sourcemap file from /Users/roblou/code/vscode-chrome-debug/testdata/columns/out/script.js.map
[15:47:25.964 UTC] To client: {"seq":0,"type":"event","event":"loadedSource","body":{"reason":"new","source":{"name":"script.js","path":"http://localhost:7890/out/script.js","sourceReference":1001}}}
[15:47:25.964 UTC] ← From target: {"method":"Debugger.paused","params":{"callFrames":[{"callFrameId":"{\"ordinal\":0,\"injectedScriptId\":2}","functionName":"","functionLocation":{"scriptId":"14","lineNumber":0,"columnNumber":0},"location":{"scriptId":"14","lineNumber":0,"columnNumber":0},"url":"http://localhost:7890/out/script.js","scopeChain":[{"type":"global","object":{"type":"object","className":"Window","description":"Window","objectId":"{\"injectedScriptId\":2,\"id\":1}"}}],"this":{"type":"object","className":"Window","description":"Window","objectId":"{\"injectedScriptId\":2,\"id\":2}"}}],"reason":"EventListener","data":{"eventName":"instrumentation:scriptFirstStatement"},"hitBreakpoints":[]}}
[15:47:25.965 UTC] SourceMap: creating for /Users/roblou/code/vscode-chrome-debug/testdata/columns/out/script.js
[15:47:25.966 UTC] SourceMap: sourceRoot: 
[15:47:25.966 UTC] SourceMap: sources: ["../src/script.ts"]
[15:47:25.966 UTC] SourceMap: pathMapping: {"/":"/Users/roblou/code/vscode-chrome-debug/testdata/columns"}
[15:47:25.966 UTC] SourceMap: no sourceRoot specified, using script dirname: /Users/roblou/code/vscode-chrome-debug/testdata/columns/out
[15:47:25.968 UTC] SourceMaps.scriptParsed: /Users/roblou/code/vscode-chrome-debug/testdata/columns/out/script.js was just loaded and has mapped sources: ["/Users/roblou/code/vscode-chrome-debug/testdata/columns/src/script.ts"]
[15:47:25.968 UTC] OnScriptParsed.resolvePendingBPs: Resolving pending breakpoints: {"args":{"lines":[4],"breakpoints":[{"line":4,"column":16}],"source":{"path":"/Users/roblou/code/vscode-chrome-debug/testdata/columns/src/script.ts"}},"ids":[1000],"requestSeq":3,"setWithPath":""}
[15:47:25.968 UTC] SourceMaps.setBP: Mapped /Users/roblou/code/vscode-chrome-debug/testdata/columns/src/script.ts to /Users/roblou/code/vscode-chrome-debug/testdata/columns/out/script.js
[15:47:25.970 UTC] SourceMaps.setBP: Mapped /Users/roblou/code/vscode-chrome-debug/testdata/columns/src/script.ts:4:16 to /Users/roblou/code/vscode-chrome-debug/testdata/columns/out/script.js:5:9
[15:47:25.970 UTC] Paths.setBP: Resolved /Users/roblou/code/vscode-chrome-debug/testdata/columns/out/script.js to http://localhost:7890/out/script.js
[15:47:25.971 UTC] → To target: "{\"id\":18,\"method\":\"Debugger.getPossibleBreakpoints\",\"params\":{\"start\":{\"scriptId\":\"14\",\"lineNumber\":4,\"columnNumber\":0},\"end\":{\"scriptId\":\"14\",\"lineNumber\":5,\"columnNumber\":0},\"restrictToFunction\":false}}"
[15:47:25.975 UTC] ← From target: {"id":18,"result":{"locations":[{"scriptId":"14","lineNumber":4,"columnNumber":8}]}}
[15:47:25.975 UTC] → To target: "{\"id\":19,\"method\":\"Debugger.setBreakpointByUrl\",\"params\":{\"urlRegex\":\"http:\\\\/\\\\/localhost:7890\\\\/out\\\\/script\\\\.js\",\"lineNumber\":4,\"columnNumber\":8}}"
[15:47:25.976 UTC] ← From target: {"id":19,"result":{"breakpointId":"2:4:8:http:\\/\\/localhost:7890\\/out\\/script\\.js","locations":[{"scriptId":"14","lineNumber":4,"columnNumber":8}]}}
[15:47:25.977 UTC] SourceMaps.setBP: Mapped /Users/roblou/code/vscode-chrome-debug/testdata/columns/out/script.js:5:9 to /Users/roblou/code/vscode-chrome-debug/testdata/columns/src/script.ts:4
[15:47:25.977 UTC] To client: {"seq":0,"type":"event","event":"breakpoint","body":{"reason":"changed","breakpoint":{"id":1000,"verified":true,"line":4,"column":16}}}
[15:47:25.977 UTC] BreakOnLoadHelper: Finished waiting for breakpoints to get resolved.
[15:47:25.978 UTC] Paths.scriptParsed: resolved http://localhost:7890/out/script.js to /Users/roblou/code/vscode-chrome-debug/testdata/columns/out/script.js. pathMapping/webroot: {"/":"/Users/roblou/code/vscode-chrome-debug/testdata/columns"}
[15:47:25.978 UTC] → To target: "{\"id\":20,\"method\":\"Debugger.resume\"}"
[15:47:25.979 UTC] ← From target: {"id":20,"result":{}}
[15:47:26.076 UTC] ← From target: {"method":"Debugger.resumed","params":{}}
[15:47:26.077 UTC] To client: {"seq":0,"type":"event","event":"continued","body":{"threadId":1}}
[15:47:26.078 UTC] ← From target: {"method":"Page.loadEventFired","params":{"timestamp":1398239.17106}}
[15:47:26.078 UTC] ← From target: {"method":"Page.frameStoppedLoading","params":{"frameId":"CAF4998C941365B80C86B6FEAD2B6B21"}}
[15:47:26.078 UTC] ← From target: {"method":"Page.domContentEventFired","params":{"timestamp":1398239.265443}}
[15:47:26.079 UTC] ← From target: {"method":"Debugger.paused","params":{"callFrames":[{"callFrameId":"{\"ordinal\":0,\"injectedScriptId\":2}","functionName":"","functionLocation":{"scriptId":"14","lineNumber":0,"columnNumber":21},"location":{"scriptId":"14","lineNumber":4,"columnNumber":8},"url":"http://localhost:7890/out/script.js","scopeChain":[{"type":"local","object":{"type":"object","className":"Object","description":"Object","objectId":"{\"injectedScriptId\":2,\"id\":3}"},"startLocation":{"scriptId":"14","lineNumber":0,"columnNumber":21},"endLocation":{"scriptId":"14","lineNumber":7,"columnNumber":1}},{"type":"global","object":{"type":"object","className":"Window","description":"Window","objectId":"{\"injectedScriptId\":2,\"id\":4}"}}],"this":{"type":"object","className":"Window","description":"Window","objectId":"{\"injectedScriptId\":2,\"id\":5}"}}],"reason":"other","hitBreakpoints":["2:4:8:http:\\/\\/localhost:7890\\/out\\/script\\.js"],"asyncStackTrace":{"description":"setInterval","callFrames":[{"functionName":"","scriptId":"14","url":"http://localhost:7890/out/script.js","lineNumber":0,"columnNumber":0}]}}}
[15:47:26.079 UTC] To client: {"seq":0,"type":"event","event":"stopped","body":{"reason":"breakpoint","threadId":1,"description":"Paused on breakpoint"}}
[15:47:26.080 UTC] → To target: "{\"id\":21,\"method\":\"Overlay.setPausedInDebuggerMessage\",\"params\":{\"message\":\"Paused in Visual Studio Code\"}}"
[15:47:26.080 UTC] From client: stackTrace({"threadId":1})
[15:47:26.082 UTC] To client: {"seq":0,"type":"response","request_seq":5,"command":"stackTrace","success":true,"body":{"stackFrames":[{"id":1000,"name":"(anonymous function)","source":{"name":"script.ts","path":"/Users/roblou/code/vscode-chrome-debug/testdata/columns/src/script.ts"},"line":4,"column":16},{"id":1002,"name":"[ setInterval ]","presentationHint":"label"},{"id":1001,"name":"(anonymous function)","source":{"name":"script.ts","path":"/Users/roblou/code/vscode-chrome-debug/testdata/columns/src/script.ts"},"line":1,"column":1}],"totalFrames":3}}
[15:47:26.082 UTC] To client: {"seq":0,"type":"event","event":"output","body":{"category":"telemetry","output":"ClientRequest/stackTrace","data":{"Versions.DebugAdapterCore":"6.8.9","Versions.DebugAdapter":"4.12.8","Versions.Target.CRDPVersion":"1.3","Versions.Target.Revision":"@19d4547535ab5aba70b4730443f84e8153052174","Versions.Target.UserAgent":"Mozilla/5.0 (Macintosh; Intel Mac OS X 10_15_4) AppleWebKit/537.36 (KHTML, like Gecko) Chrome/78.0.3882.0 Safari/537.36","Versions.Target.V8":"7.8.89","Versions.Target.Project":"Chrome","Versions.Target.Version":"78.0.3882.0","successful":"true","timeTakenInMilliseconds":"1.998918","requestType":"request"}}}
[15:47:26.083 UTC] From client: disconnect(undefined)
[15:47:26.083 UTC] To client: {"seq":0,"type":"event","event":"output","body":{"category":"telemetry","output":"FullSessionStatistics/SourceMaps/Overrides","data":{"Versions.DebugAdapterCore":"6.8.9","Versions.DebugAdapter":"4.12.8","Versions.Target.CRDPVersion":"1.3","Versions.Target.Revision":"@19d4547535ab5aba70b4730443f84e8153052174","Versions.Target.UserAgent":"Mozilla/5.0 (Macintosh; Intel Mac OS X 10_15_4) AppleWebKit/537.36 (KHTML, like Gecko) Chrome/78.0.3882.0 Safari/537.36","Versions.Target.V8":"7.8.89","Versions.Target.Project":"Chrome","Versions.Target.Version":"78.0.3882.0","aspNetClientAppFallbackCount":0}}}
[15:47:26.084 UTC] To client: {"seq":0,"type":"event","event":"output","body":{"category":"telemetry","output":"target/notification/onScriptParsed","data":{"Versions.DebugAdapterCore":"6.8.9","Versions.DebugAdapter":"4.12.8","Versions.Target.CRDPVersion":"1.3","Versions.Target.Revision":"@19d4547535ab5aba70b4730443f84e8153052174","Versions.Target.UserAgent":"Mozilla/5.0 (Macintosh; Intel Mac OS X 10_15_4) AppleWebKit/537.36 (KHTML, like Gecko) Chrome/78.0.3882.0 Safari/537.36","Versions.Target.V8":"7.8.89","Versions.Target.Project":"Chrome","Versions.Target.Version":"78.0.3882.0","aggregated.startTime":"[\"1590076045922\",\"1590076045962\"]","aggregated.successful":"[\"true\",\"true\"]","aggregated.timeTakenInMilliseconds":"[\"3.293018\",\"15.067036\"]"}}}
[15:47:26.084 UTC] To client: {"seq":0,"type":"event","event":"output","body":{"category":"telemetry","output":"target/notification/onPaused","data":{"Versions.DebugAdapterCore":"6.8.9","Versions.DebugAdapter":"4.12.8","Versions.Target.CRDPVersion":"1.3","Versions.Target.Revision":"@19d4547535ab5aba70b4730443f84e8153052174","Versions.Target.UserAgent":"Mozilla/5.0 (Macintosh; Intel Mac OS X 10_15_4) AppleWebKit/537.36 (KHTML, like Gecko) Chrome/78.0.3882.0 Safari/537.36","Versions.Target.V8":"7.8.89","Versions.Target.Project":"Chrome","Versions.Target.Version":"78.0.3882.0","aggregated.startTime":"[\"1590076045964\",\"1590076046079\"]","aggregated.successful":"[\"true\",\"true\"]","aggregated.timeTakenInMilliseconds":"[\"13.52739\",\"0.888488\"]"}}}
[15:47:26.084 UTC] Terminated: Got disconnect request
[15:47:26.084 UTC] Waiting for any pending steps or log messages.
[15:47:26.084 UTC] Killing Chrome process
[15:47:26.085 UTC] To client: {"seq":0,"type":"response","request_seq":6,"command":"disconnect","success":true}
[15:47:26.085 UTC] To client: {"seq":0,"type":"event","event":"output","body":{"category":"telemetry","output":"ClientRequest/disconnect","data":{"Versions.DebugAdapterCore":"6.8.9","Versions.DebugAdapter":"4.12.8","Versions.Target.CRDPVersion":"1.3","Versions.Target.Revision":"@19d4547535ab5aba70b4730443f84e8153052174","Versions.Target.UserAgent":"Mozilla/5.0 (Macintosh; Intel Mac OS X 10_15_4) AppleWebKit/537.36 (KHTML, like Gecko) Chrome/78.0.3882.0 Safari/537.36","Versions.Target.V8":"7.8.89","Versions.Target.Project":"Chrome","Versions.Target.Version":"78.0.3882.0","successful":"true","timeTakenInMilliseconds":"1.704351","requestType":"request"}}}
[15:47:26.085 UTC] Current step and log messages complete
[15:47:26.085 UTC] To client: {"seq":0,"type":"event","event":"output","body":{"category":"telemetry","output":"debugStopped","data":{"Versions.DebugAdapterCore":"6.8.9","Versions.DebugAdapter":"4.12.8","Versions.Target.CRDPVersion":"1.3","Versions.Target.Revision":"@19d4547535ab5aba70b4730443f84e8153052174","Versions.Target.UserAgent":"Mozilla/5.0 (Macintosh; Intel Mac OS X 10_15_4) AppleWebKit/537.36 (KHTML, like Gecko) Chrome/78.0.3882.0 Safari/537.36","Versions.Target.V8":"7.8.89","Versions.Target.Project":"Chrome","Versions.Target.Version":"78.0.3882.0","reason":"Got disconnect request"}}}
[15:47:26.085 UTC] To client: {"seq":0,"type":"event","event":"terminated"}
