2020-5-21, 15:47:44.883 UTC
[15:47:44.883 UTC] OS: darwin x64
[15:47:44.884 UTC] Adapter node: v12.16.1 x64
[15:47:44.884 UTC] vscode-chrome-debug-core: 6.8.9
[15:47:44.884 UTC] debugger-for-chrome: 4.12.8
[15:47:44.884 UTC] From client: initialize({"adapterID":"chrome","linesStartAt1":true,"columnsStartAt1":true,"pathFormat":"path"})
[15:47:44.884 UTC] To client: {"seq":0,"type":"response","request_seq":1,"command":"initialize","success":true,"body":{"exceptionBreakpointFilters":[{"label":"All Exceptions","filter":"all","default":false},{"label":"Uncaught Exceptions","filter":"uncaught","default":false}],"supportsConfigurationDoneRequest":true,"supportsSetVariable":true,"supportsConditionalBreakpoints":true,"supportsCompletionsRequest":true,"supportsHitConditionalBreakpoints":true,"supportsRestartFrame":true,"supportsExceptionInfoRequest":true,"supportsDelayedStackTraceLoading":true,"supportsValueFormattingOptions":true,"supportsEvaluateForHovers":true,"supportsLoadedSourcesRequest":true,"supportsBreakpointLocationsRequest":true,"supportsRestartRequest":true,"supportsSetExpression":true,"supportsLogPoints":true}}
[15:47:44.884 UTC] To client: {"seq":0,"type":"event","event":"output","body":{"category":"telemetry","output":"ClientRequest/initialize","data":{"Versions.DebugAdapterCore":"6.8.9","Versions.DebugAdapter":"4.12.8","successful":"true","timeTakenInMilliseconds":"1.804857","requestType":"request"}}}
[15:47:44.884 UTC] From client: launch({"outFiles":["/Users/roblou/code/vscode-chrome-debug/testdata/stackTrace/out"],"sourceMaps":true,"runtimeExecutable":"/Users/roblou/code/vscode-chrome-debug/node_modules/puppeteer/.local-chromium/mac-686378/chrome-mac/Chromium.app/Contents/MacOS/Chromium","webRoot":"/Users/roblou/code/vscode-chrome-debug/testdata/stackTrace","url":"http://localhost:50577/","port":50578,"trace":"verbose","logTimestamps":true,"disableNetworkCache":true,"logFilePath":"/Users/roblou/code/vscode-chrome-debug/logs/darwin-Stack Traces Stack trace is generated with module formatting-DA.log","userDataDir":"/var/folders/tx/p0ycbfpj37786p760wwdg6y80000gn/T/chrome2-35400G4GwpJPnt7A"})
[15:47:44.884 UTC] To client: {"seq":0,"type":"event","event":"output","body":{"category":"telemetry","output":"debugStarted","data":{"Versions.DebugAdapterCore":"6.8.9","Versions.DebugAdapter":"4.12.8","request":"launch","args":["outFiles","sourceMaps","runtimeExecutable","webRoot","url","port","trace","logTimestamps","disableNetworkCache","logFilePath","userDataDir","breakOnLoadStrategy","pathMapping","sourceMapPathOverrides","skipFileRegExps","targetFilter","smartStep","showAsyncStacks"]}}}
[15:47:44.884 UTC] spawn('/Users/roblou/code/vscode-chrome-debug/node_modules/puppeteer/.local-chromium/mac-686378/chrome-mac/Chromium.app/Contents/MacOS/Chromium', ["--remote-debugging-port=50578","--no-first-run","--no-default-browser-check","--user-data-dir=/var/folders/tx/p0ycbfpj37786p760wwdg6y80000gn/T/chrome2-35400G4GwpJPnt7A","about:blank"])
[15:47:44.884 UTC] Getting browser and debug protocol version via http://127.0.0.1:50578/json/version
[15:47:44.884 UTC] Discovering targets via http://127.0.0.1:50578/json/list
[15:47:44.884 UTC] HTTP GET failed: Error: connect ECONNREFUSED 127.0.0.1:50578
[15:47:44.884 UTC] There was an error connecting to http://127.0.0.1:50578/json/version : connect ECONNREFUSED 127.0.0.1:50578
[15:47:44.884 UTC] HTTP GET failed: Error: connect ECONNREFUSED 127.0.0.1:50578
[15:47:44.884 UTC] Discovering targets via http://127.0.0.1:50578/json
[15:47:44.884 UTC] HTTP GET failed: Error: connect ECONNREFUSED 127.0.0.1:50578
[15:47:45.086 UTC] Getting browser and debug protocol version via http://127.0.0.1:50578/json/version
[15:47:45.087 UTC] Discovering targets via http://127.0.0.1:50578/json/list
[15:47:45.088 UTC] HTTP GET failed: Error: connect ECONNREFUSED 127.0.0.1:50578
[15:47:45.088 UTC] There was an error connecting to http://127.0.0.1:50578/json/version : connect ECONNREFUSED 127.0.0.1:50578
[15:47:45.089 UTC] HTTP GET failed: Error: connect ECONNREFUSED 127.0.0.1:50578
[15:47:45.089 UTC] Discovering targets via http://127.0.0.1:50578/json
[15:47:45.089 UTC] HTTP GET failed: Error: connect ECONNREFUSED 127.0.0.1:50578
[15:47:45.290 UTC] Getting browser and debug protocol version via http://127.0.0.1:50578/json/version
[15:47:45.290 UTC] Discovering targets via http://127.0.0.1:50578/json/list
[15:47:50.437 UTC] Got browser version: Chrome/78.0.3882.0
[15:47:50.438 UTC] Got debug protocol version: 1.3
[15:47:50.438 UTC] To client: {"seq":0,"type":"event","event":"output","body":{"category":"telemetry","output":"targetDebugProtocolVersion","data":{"Versions.DebugAdapterCore":"6.8.9","Versions.DebugAdapter":"4.12.8"}}}
[15:47:50.439 UTC] To client: {"seq":0,"type":"event","event":"output","body":{"category":"telemetry","output":"targetCount","data":{"Versions.DebugAdapterCore":"6.8.9","Versions.DebugAdapter":"4.12.8","numTargets":1}}}
[15:47:50.440 UTC] Attaching to target: {"description":"","devtoolsFrontendUrl":"/devtools/inspector.html?ws=localhost/devtools/page/85DEE1D66F5F84047817A4CF661D83CB","id":"85DEE1D66F5F84047817A4CF661D83CB","title":"","type":"page","url":"about:blank","webSocketDebuggerUrl":"ws://127.0.0.1:50578/devtools/page/85DEE1D66F5F84047817A4CF661D83CB","version":{}}
[15:47:50.440 UTC] WebSocket Url: ws://127.0.0.1:50578/devtools/page/85DEE1D66F5F84047817A4CF661D83CB
[15:47:50.460 UTC] → To target: "{\"id\":1,\"method\":\"Console.enable\"}"
[15:47:50.460 UTC] → To target: "{\"id\":2,\"method\":\"Debugger.enable\"}"
[15:47:50.460 UTC] → To target: "{\"id\":3,\"method\":\"Runtime.enable\"}"
[15:47:50.461 UTC] → To target: "{\"id\":4,\"method\":\"Log.enable\"}"
[15:47:50.461 UTC] → To target: "{\"id\":5,\"method\":\"Runtime.runIfWaitingForDebugger\"}"
[15:47:50.461 UTC] → To target: "{\"id\":6,\"method\":\"Runtime.run\"}"
[15:47:50.461 UTC] → To target: "{\"id\":7,\"method\":\"Page.enable\"}"
[15:47:50.461 UTC] → To target: "{\"id\":8,\"method\":\"Network.enable\",\"params\":{}}"
[15:47:50.485 UTC] ← From target: {"id":1,"result":{}}
[15:47:50.485 UTC] ← From target: {"id":2,"result":{"debuggerId":"(4362339417C27314CB819B05E0107D79)"}}
[15:47:50.486 UTC] ← From target: {"method":"Runtime.executionContextCreated","params":{"context":{"id":1,"origin":"://","name":"","auxData":{"isDefault":true,"type":"default","frameId":"85DEE1D66F5F84047817A4CF661D83CB"}}}}
[15:47:50.486 UTC] ← From target: {"id":3,"result":{}}
[15:47:50.487 UTC] ← From target: {"id":4,"result":{}}
[15:47:50.487 UTC] ← From target: {"id":5,"result":{}}
[15:47:50.487 UTC] ← From target: {"error":{"code":-32601,"message":"'Runtime.run' wasn't found"},"id":6}
[15:47:50.487 UTC] ← From target: {"id":7,"result":{}}
[15:47:50.488 UTC] ← From target: {"id":8,"result":{}}
[15:47:50.488 UTC] → To target: "{\"id\":9,\"method\":\"Debugger.setBlackboxPatterns\",\"params\":{\"patterns\":[\"^chrome-extension:.*\"]}}"
[15:47:50.488 UTC] → To target: "{\"id\":10,\"method\":\"Schema.getDomains\"}"
[15:47:50.489 UTC] ← From target: {"method":"Page.frameResized","params":{}}
[15:47:50.490 UTC] ← From target: {"id":10,"result":{"domains":[{"name":"Inspector","version":"1.2"},{"name":"Memory","version":"1.2"},{"name":"Page","version":"1.2"},{"name":"Emulation","version":"1.2"},{"name":"Security","version":"1.2"},{"name":"Network","version":"1.2"},{"name":"Database","version":"1.2"},{"name":"IndexedDB","version":"1.2"},{"name":"CacheStorage","version":"1.2"},{"name":"DOMStorage","version":"1.2"},{"name":"CSS","version":"1.2"},{"name":"ApplicationCache","version":"1.2"},{"name":"DOM","version":"1.2"},{"name":"IO","version":"1.2"},{"name":"DOMDebugger","version":"1.2"},{"name":"DOMSnapshot","version":"1.2"},{"name":"ServiceWorker","version":"1.2"},{"name":"Input","version":"1.2"},{"name":"LayerTree","version":"1.2"},{"name":"DeviceOrientation","version":"1.2"},{"name":"Tracing","version":"1.2"},{"name":"Animation","version":"1.2"},{"name":"Accessibility","version":"1.2"},{"name":"Storage","version":"1.2"},{"name":"Log","version":"1.2"},{"name":"Runtime","version":"1.2"},{"name":"Debugger","version":"1.2"},{"name":"Profiler","version":"1.2"},{"name":"HeapProfiler","version":"1.2"},{"name":"Schema","version":"1.2"},{"name":"Target","version":"1.2"},{"name":"Overlay","version":"1.2"},{"name":"Performance","version":"1.2"},{"name":"Audits","version":"1.2"},{"name":"HeadlessExperimental","version":"1.2"}]}}
[15:47:50.490 UTC] → To target: "{\"id\":11,\"method\":\"Debugger.setAsyncCallStackDepth\",\"params\":{\"maxDepth\":4}}"
[15:47:50.491 UTC] ← From target: {"id":9,"result":{}}
[15:47:50.492 UTC] ← From target: {"id":11,"result":{}}
[15:47:50.492 UTC] → To target: "{\"id\":12,\"method\":\"Runtime.evaluate\",\"params\":{\"expression\":\"navigator.userAgent\",\"silent\":true}}"
[15:47:50.493 UTC] → To target: "{\"id\":13,\"method\":\"Browser.getVersion\"}"
[15:47:50.493 UTC] To client: {"seq":0,"type":"response","request_seq":2,"command":"launch","success":true}
[15:47:50.493 UTC] To client: {"seq":0,"type":"event","event":"output","body":{"category":"telemetry","output":"ClientRequest/launch","data":{"Versions.DebugAdapterCore":"6.8.9","Versions.DebugAdapter":"4.12.8","successful":"true","timeTakenInMilliseconds":"5633.164932","requestType":"request"}}}
[15:47:50.493 UTC] ← From target: {"id":13,"result":{"protocolVersion":"1.3","product":"Chrome/78.0.3882.0","revision":"@19d4547535ab5aba70b4730443f84e8153052174","userAgent":"Mozilla/5.0 (Macintosh; Intel Mac OS X 10_15_4) AppleWebKit/537.36 (KHTML, like Gecko) Chrome/78.0.3882.0 Safari/537.36","jsVersion":"7.8.89"}}
[15:47:50.493 UTC] To client: {"seq":0,"type":"event","event":"output","body":{"category":"telemetry","output":"target-version","data":{"Versions.DebugAdapterCore":"6.8.9","Versions.DebugAdapter":"4.12.8","Versions.Target.CRDPVersion":"1.3","Versions.Target.Revision":"@19d4547535ab5aba70b4730443f84e8153052174","Versions.Target.UserAgent":"Mozilla/5.0 (Macintosh; Intel Mac OS X 10_15_4) AppleWebKit/537.36 (KHTML, like Gecko) Chrome/78.0.3882.0 Safari/537.36","Versions.Target.V8":"7.8.89","Versions.Target.Project":"Chrome","Versions.Target.Version":"78.0.3882.0"}}}
[15:47:50.494 UTC] ← From target: {"method":"Debugger.scriptParsed","params":{"scriptId":"13","url":"","startLine":0,"startColumn":0,"endLine":0,"endColumn":19,"executionContextId":1,"hash":"3a6f8cb8708878331cc2be2ec90de0ab25738855","executionContextAuxData":{"isDefault":true,"type":"default","frameId":"85DEE1D66F5F84047817A4CF661D83CB"},"isLiveEdit":false,"sourceMapURL":"","hasSourceURL":false,"isModule":false,"length":19}}
[15:47:50.496 UTC] → To target: "{\"id\":14,\"method\":\"Debugger.getPossibleBreakpoints\",\"params\":{\"start\":{\"scriptId\":\"13\",\"lineNumber\":0,\"columnNumber\":0},\"end\":{\"scriptId\":\"13\",\"lineNumber\":1,\"columnNumber\":0},\"restrictToFunction\":false}}"
[15:47:50.498 UTC] ← From target: {"id":12,"result":{"result":{"type":"string","value":"Mozilla/5.0 (Macintosh; Intel Mac OS X 10_15_4) AppleWebKit/537.36 (KHTML, like Gecko) Chrome/78.0.3882.0 Safari/537.36"}}}
[15:47:50.498 UTC] Target userAgent: Mozilla/5.0 (Macintosh; Intel Mac OS X 10_15_4) AppleWebKit/537.36 (KHTML, like Gecko) Chrome/78.0.3882.0 Safari/537.36
[15:47:50.498 UTC] → To target: "{\"id\":15,\"method\":\"Network.setCacheDisabled\",\"params\":{\"cacheDisabled\":true}}"
[15:47:50.500 UTC] ← From target: {"id":14,"result":{"locations":[{"scriptId":"13","lineNumber":0,"columnNumber":0}]}}
[15:47:50.500 UTC] To client: {"seq":0,"type":"event","event":"initialized"}
[15:47:50.501 UTC] To client: {"seq":0,"type":"event","event":"loadedSource","body":{"reason":"new","source":{"name":"VM13","path":"<eval>/VM13","sourceReference":1000}}}
[15:47:50.501 UTC] From client: configurationDone(undefined)
[15:47:50.501 UTC] → To target: "{\"id\":16,\"method\":\"Page.navigate\",\"params\":{\"url\":\"http://localhost:50577/\"}}"
[15:47:50.502 UTC] To client: {"seq":0,"type":"response","request_seq":3,"command":"configurationDone","success":true}
[15:47:50.502 UTC] To client: {"seq":0,"type":"event","event":"output","body":{"category":"telemetry","output":"ClientRequest/configurationDone","data":{"Versions.DebugAdapterCore":"6.8.9","Versions.DebugAdapter":"4.12.8","Versions.Target.CRDPVersion":"1.3","Versions.Target.Revision":"@19d4547535ab5aba70b4730443f84e8153052174","Versions.Target.UserAgent":"Mozilla/5.0 (Macintosh; Intel Mac OS X 10_15_4) AppleWebKit/537.36 (KHTML, like Gecko) Chrome/78.0.3882.0 Safari/537.36","Versions.Target.V8":"7.8.89","Versions.Target.Project":"Chrome","Versions.Target.Version":"78.0.3882.0","successful":"true","timeTakenInMilliseconds":"0.491479","requestType":"request"}}}
[15:47:50.503 UTC] ← From target: {"id":15,"result":{}}
[15:47:50.510 UTC] ← From target: {"id":16,"result":{"frameId":"85DEE1D66F5F84047817A4CF661D83CB","loaderId":"D580197DA8928E39630E1C7CC88103DD"}}
[15:47:50.523 UTC] ← From target: {"method":"Page.frameStartedLoading","params":{"frameId":"85DEE1D66F5F84047817A4CF661D83CB"}}
[15:47:50.524 UTC] ← From target: {"method":"Runtime.executionContextDestroyed","params":{"executionContextId":1}}
[15:47:50.526 UTC] ← From target: {"method":"Runtime.executionContextsCleared","params":{}}
[15:47:50.526 UTC] To client: {"seq":0,"type":"event","event":"loadedSource","body":{"reason":"removed","source":{"name":"VM13","path":"<eval>/VM13","sourceReference":1000}}}
[15:47:50.527 UTC] ← From target: {"method":"Page.frameNavigated","params":{"frame":{"id":"85DEE1D66F5F84047817A4CF661D83CB","loaderId":"D580197DA8928E39630E1C7CC88103DD","url":"http://localhost:50577/","securityOrigin":"http://localhost:50577","mimeType":"text/html"}}}
[15:47:50.527 UTC] To client: {"seq":0,"type":"event","event":"output","body":{"category":"telemetry","output":"report-start-up-timings","data":{"Versions.DebugAdapterCore":"6.8.9","Versions.DebugAdapter":"4.12.8","Versions.Target.CRDPVersion":"1.3","Versions.Target.Revision":"@19d4547535ab5aba70b4730443f84e8153052174","Versions.Target.UserAgent":"Mozilla/5.0 (Macintosh; Intel Mac OS X 10_15_4) AppleWebKit/537.36 (KHTML, like Gecko) Chrome/78.0.3882.0 Safari/537.36","Versions.Target.V8":"7.8.89","Versions.Target.Project":"Chrome","Versions.Target.Version":"78.0.3882.0","RequestedContentWasDetected":"true","Steps":"[\"BeforeFirstStep\",\"ClientRequest/initialize\",\"ClientRequest/launch\",\"LaunchTarget.LaunchExe\",\"Attach\",\"Attach.RequestDebuggerTargetsInformation\",\"Attach.RequestDebuggerTargetsInformation\",\"Attach.RequestDebuggerTargetsInformation\",\"Attach.ProcessDebuggerTargetsInformation\",\"Attach.AttachToTargetDebuggerWebsocket\",\"Attach.ConfigureDebuggingSession.Internal\",\"Attach.ConfigureDebuggingSession.Target\",\"Attach.ConfigureDebuggingSession.End\"]","All":"5680.231112","Request.ClientRequest/configurationDone.startTime":"[1590076070501]","Request.ClientRequest/configurationDone.timeTakenInMilliseconds":"[0.491479]","BeforeFirstStep":"[10.354607]","WaitingAfter.ClientRequest/initialize":"[12.09602]","ClientRequest/initialize":"[2.479991]","ClientRequest/launch":"[2.761769]","LaunchTarget.LaunchExe":"[9.577848]","Attach":"[5.401806]","Attach.RequestDebuggerTargetsInformation":"[209.305668,203.537307,5148.26384]","Attach.ProcessDebuggerTargetsInformation":"[1.920167]","Attach.AttachToTargetDebuggerWebsocket":"[5.247507]","Attach.ConfigureDebuggingSession.Internal":"[0.481682]","Attach.ConfigureDebuggingSession.Target":"[45.823543]","WaitingAfter.ClientRequest/launch":"[5646.031718]","WaitingAfter.NotifyInitialized":"[5653.358975]","RequestedNavigateToUserPage":"[5663.405445]","Attach.ConfigureDebuggingSession.End":"[34.811083]"}}}
[15:47:50.530 UTC] ← From target: {"method":"Runtime.executionContextCreated","params":{"context":{"id":2,"origin":"http://localhost:50577","name":"","auxData":{"isDefault":true,"type":"default","frameId":"85DEE1D66F5F84047817A4CF661D83CB"}}}}
[15:47:50.613 UTC] ← From target: {"method":"Debugger.scriptParsed","params":{"scriptId":"14","url":"http://localhost:50577/app.js","startLine":0,"startColumn":0,"endLine":12,"endColumn":1,"executionContextId":2,"hash":"1722cb7e7f7d6af46f879a0d2371b3a7325385e4","executionContextAuxData":{"isDefault":true,"type":"default","frameId":"85DEE1D66F5F84047817A4CF661D83CB"},"isLiveEdit":false,"sourceMapURL":"","hasSourceURL":false,"isModule":false,"length":228}}
[15:47:50.614 UTC] Paths.scriptParsed: resolved http://localhost:50577/app.js to /Users/roblou/code/vscode-chrome-debug/testdata/stackTrace/app.js. pathMapping/webroot: {"/":"/Users/roblou/code/vscode-chrome-debug/testdata/stackTrace"}
[15:47:50.614 UTC] To client: {"seq":0,"type":"event","event":"loadedSource","body":{"reason":"new","source":{"name":"app.js","path":"http://localhost:50577/app.js","sourceReference":1001}}}
[15:47:50.614 UTC] ← From target: {"method":"Page.loadEventFired","params":{"timestamp":1398263.722626}}
[15:47:50.615 UTC] ← From target: {"method":"Page.frameStoppedLoading","params":{"frameId":"85DEE1D66F5F84047817A4CF661D83CB"}}
[15:47:50.615 UTC] ← From target: {"method":"Page.domContentEventFired","params":{"timestamp":1398263.802828}}
[15:47:50.615 UTC] ← From target: {"method":"Runtime.executionContextCreated","params":{"context":{"id":3,"origin":"","name":"__puppeteer_utility_world__","auxData":{"isDefault":false,"type":"isolated","frameId":"85DEE1D66F5F84047817A4CF661D83CB"}}}}
[15:47:50.627 UTC] ← From target: {"method":"Page.frameResized","params":{}}
[15:47:50.639 UTC] ← From target: {"method":"Log.entryAdded","params":{"entry":{"source":"network","level":"error","text":"Failed to load resource: the server responded with a status of 404 (Not Found)","timestamp":1590076070631.35,"url":"http://localhost:50577/favicon.ico","networkRequestId":"1000004572.4"}}}
[15:47:50.641 UTC] To client: {"seq":0,"type":"event","event":"output","body":{"category":"stderr","output":"Failed to load resource: the server responded with a status of 404 (Not Found) [http://localhost:50577/favicon.ico]\n"}}
[15:47:51.136 UTC] Websocket closed
[15:47:51.137 UTC] Terminated: websocket closed
[15:47:51.137 UTC] Waiting for any pending steps or log messages.
[15:47:51.137 UTC] Current step and log messages complete
[15:47:51.137 UTC] To client: {"seq":0,"type":"event","event":"output","body":{"category":"telemetry","output":"debugStopped","data":{"Versions.DebugAdapterCore":"6.8.9","Versions.DebugAdapter":"4.12.8","Versions.Target.CRDPVersion":"1.3","Versions.Target.Revision":"@19d4547535ab5aba70b4730443f84e8153052174","Versions.Target.UserAgent":"Mozilla/5.0 (Macintosh; Intel Mac OS X 10_15_4) AppleWebKit/537.36 (KHTML, like Gecko) Chrome/78.0.3882.0 Safari/537.36","Versions.Target.V8":"7.8.89","Versions.Target.Project":"Chrome","Versions.Target.Version":"78.0.3882.0","reason":"websocket closed"}}}
[15:47:51.137 UTC] To client: {"seq":0,"type":"event","event":"terminated"}
[15:47:51.166 UTC] From client: disconnect(undefined)
[15:47:51.167 UTC] To client: {"seq":0,"type":"event","event":"output","body":{"category":"telemetry","output":"FullSessionStatistics/SourceMaps/Overrides","data":{"Versions.DebugAdapterCore":"6.8.9","Versions.DebugAdapter":"4.12.8","Versions.Target.CRDPVersion":"1.3","Versions.Target.Revision":"@19d4547535ab5aba70b4730443f84e8153052174","Versions.Target.UserAgent":"Mozilla/5.0 (Macintosh; Intel Mac OS X 10_15_4) AppleWebKit/537.36 (KHTML, like Gecko) Chrome/78.0.3882.0 Safari/537.36","Versions.Target.V8":"7.8.89","Versions.Target.Project":"Chrome","Versions.Target.Version":"78.0.3882.0","aspNetClientAppFallbackCount":0}}}
[15:47:51.167 UTC] To client: {"seq":0,"type":"event","event":"output","body":{"category":"telemetry","output":"target/notification/onScriptParsed","data":{"Versions.DebugAdapterCore":"6.8.9","Versions.DebugAdapter":"4.12.8","Versions.Target.CRDPVersion":"1.3","Versions.Target.Revision":"@19d4547535ab5aba70b4730443f84e8153052174","Versions.Target.UserAgent":"Mozilla/5.0 (Macintosh; Intel Mac OS X 10_15_4) AppleWebKit/537.36 (KHTML, like Gecko) Chrome/78.0.3882.0 Safari/537.36","Versions.Target.V8":"7.8.89","Versions.Target.Project":"Chrome","Versions.Target.Version":"78.0.3882.0","aggregated.startTime":"[\"1590076070494\",\"1590076070613\"]","aggregated.successful":"[\"true\",\"true\"]","aggregated.timeTakenInMilliseconds":"[\"3.227737\",\"0.771129\"]"}}}
[15:47:51.168 UTC] Terminated: Got disconnect request
[15:47:51.168 UTC] To client: {"seq":0,"type":"response","request_seq":4,"command":"disconnect","success":true}
[15:47:51.168 UTC] To client: {"seq":0,"type":"event","event":"output","body":{"category":"telemetry","output":"ClientRequest/disconnect","data":{"Versions.DebugAdapterCore":"6.8.9","Versions.DebugAdapter":"4.12.8","Versions.Target.CRDPVersion":"1.3","Versions.Target.Revision":"@19d4547535ab5aba70b4730443f84e8153052174","Versions.Target.UserAgent":"Mozilla/5.0 (Macintosh; Intel Mac OS X 10_15_4) AppleWebKit/537.36 (KHTML, like Gecko) Chrome/78.0.3882.0 Safari/537.36","Versions.Target.V8":"7.8.89","Versions.Target.Project":"Chrome","Versions.Target.Version":"78.0.3882.0","successful":"true","timeTakenInMilliseconds":"1.91587","requestType":"request"}}}
