2298 [FelixLogListener] INFO  o.j.t.r.l.internal.SLF4JLogReader - [org.jboss.tools.rsp.logging]: BundleEvent STARTED
2302 [FelixLogListener] INFO  o.j.t.r.l.internal.SLF4JLogReader - [org.jboss.tools.rsp.runtime.core]: BundleEvent RESOLVED
2306 [FelixLogListener] INFO  o.j.t.r.l.internal.SLF4JLogReader - [org.jboss.tools.rsp.runtime.core]: BundleEvent STARTED
2311 [FelixLogListener] INFO  o.j.t.r.l.internal.SLF4JLogReader - [org.jboss.tools.rsp.secure]: BundleEvent RESOLVED
2312 [FelixLogListener] INFO  o.j.t.r.l.internal.SLF4JLogReader - [org.jboss.tools.rsp.secure]: BundleEvent STARTED
2318 [FelixLogListener] INFO  o.j.t.r.l.internal.SLF4JLogReader - [org.jboss.tools.rsp.server.minishift]: BundleEvent RESOLVED
2319 [FelixLogListener] INFO  o.j.t.r.l.internal.SLF4JLogReader - [org.jboss.tools.rsp.server.redhat.download]: BundleEvent RESOLVED
2319 [FelixLogListener] INFO  o.j.t.r.l.internal.SLF4JLogReader - [org.jboss.tools.rsp.server.spi]: BundleEvent RESOLVED
2319 [FelixLogListener] INFO  o.j.t.r.l.internal.SLF4JLogReader - [org.jboss.tools.rsp.server]: BundleEvent RESOLVED
2319 [FelixLogListener] INFO  o.j.t.r.l.internal.SLF4JLogReader - [org.jboss.tools.rsp.stacks.core]: BundleEvent RESOLVED
2392 [FelixLogListener] INFO  o.j.t.r.l.internal.SLF4JLogReader - [org.jboss.tools.rsp.server.minishift]: BundleEvent STARTED
2422 [FelixLogListener] INFO  o.j.t.r.l.internal.SLF4JLogReader - [org.jboss.tools.rsp.server.redhat.download]: BundleEvent STARTED
2424 [FelixLogListener] INFO  o.j.t.r.l.internal.SLF4JLogReader - [org.jboss.tools.rsp.server.spi]: BundleEvent STARTED
2439 [FelixLogListener] INFO  o.j.t.r.l.internal.SLF4JLogReader - [org.jboss.tools.rsp.server.wildfly]: BundleEvent RESOLVED
2444 [FelixLogListener] INFO  o.j.t.r.l.internal.SLF4JLogReader - [org.jboss.tools.rsp.server.wildfly]: BundleEvent STARTED
3452 [FelixLogListener] INFO  o.j.t.r.l.internal.SLF4JLogReader - [org.jboss.tools.rsp.server]: BundleEvent STARTED
3763 [FelixLogListener] INFO  o.j.t.r.l.internal.SLF4JLogReader - [org.jboss.tools.rsp.stacks.core]: BundleEvent STARTED
3763 [FelixLogListener] INFO  o.j.t.r.l.internal.SLF4JLogReader - [org.tukaani.xz]: BundleEvent STARTED
3763 [FelixLogListener] INFO  o.j.t.r.l.internal.SLF4JLogReader - [slf4j.api]: BundleEvent STARTED
3766 [FelixLogListener] INFO  o.j.t.r.l.internal.SLF4JLogReader - [org.apache.felix.framework]: BundleEvent STARTED
3766 [FelixLogListener] INFO  o.j.t.r.l.internal.SLF4JLogReader - [org.apache.felix.framework]: FrameworkEvent STARTED
6801 [pool-2-thread-1] INFO  o.j.t.r.s.ServerManagementServerLauncher - Client localhost:46994 is connected
6821 [pool-2-thread-1] INFO  o.j.t.r.s.ServerManagementServerLauncher - Client localhost:46996 is connected
6843 [pool-2-thread-1] INFO  o.j.t.r.s.ServerManagementServerLauncher - Client localhost:46998 is connected
6872 [pool-2-thread-1] INFO  o.j.t.r.s.ServerManagementServerLauncher - Client localhost:47000 is connected
6894 [pool-2-thread-1] INFO  o.j.t.r.s.ServerManagementServerLauncher - Client localhost:47002 is connected
6903 [pool-2-thread-1] INFO  o.j.t.r.s.ServerManagementServerLauncher - Client localhost:47004 is connected
7136 [pool-2-thread-1] INFO  o.j.t.r.s.ServerManagementServerLauncher - Client localhost:47006 is connected
7390 [pool-2-thread-1] INFO  o.j.t.r.s.ServerManagementServerLauncher - Client localhost:47008 is connected
14605 [FelixLogListener] INFO  o.j.t.r.l.internal.SLF4JLogReader - [slf4j.api]: BundleEvent STOPPED
14605 [FelixLogListener] INFO  o.j.t.r.l.internal.SLF4JLogReader - [org.tukaani.xz]: BundleEvent STOPPED
14605 [FelixLogListener] INFO  o.j.t.r.l.internal.SLF4JLogReader - [org.jboss.tools.rsp.stacks.core]: BundleEvent STOPPED
14605 [FelixLogListener] INFO  o.j.t.r.l.internal.SLF4JLogReader - [org.jboss.tools.rsp.server]: BundleEvent STOPPED
14605 [FelixLogListener] INFO  o.j.t.r.l.internal.SLF4JLogReader - [org.jboss.tools.rsp.server.wildfly]: BundleEvent STOPPED
14605 [FelixLogListener] INFO  o.j.t.r.l.internal.SLF4JLogReader - [org.jboss.tools.rsp.server.spi]: BundleEvent STOPPED
14605 [FelixLogListener] INFO  o.j.t.r.l.internal.SLF4JLogReader - [org.jboss.tools.rsp.server.redhat.download]: BundleEvent STOPPED
14605 [FelixLogListener] INFO  o.j.t.r.l.internal.SLF4JLogReader - [org.jboss.tools.rsp.server.minishift]: BundleEvent STOPPED
14605 [FelixLogListener] INFO  o.j.t.r.l.internal.SLF4JLogReader - [org.jboss.tools.rsp.secure]: BundleEvent STOPPED
14605 [FelixLogListener] INFO  o.j.t.r.l.internal.SLF4JLogReader - [org.jboss.tools.rsp.runtime.core]: BundleEvent STOPPED
