2020-5-21, 15:47:02.440 UTC
[15:47:02.440 UTC] OS: darwin x64
[15:47:02.440 UTC] Adapter node: v12.16.1 x64
[15:47:02.440 UTC] vscode-chrome-debug-core: 6.8.9
[15:47:02.440 UTC] debugger-for-chrome: 4.12.8
[15:47:02.440 UTC] From client: initialize({"adapterID":"chrome","linesStartAt1":true,"columnsStartAt1":true,"pathFormat":"path"})
[15:47:02.440 UTC] To client: {"seq":0,"type":"response","request_seq":1,"command":"initialize","success":true,"body":{"exceptionBreakpointFilters":[{"label":"All Exceptions","filter":"all","default":false},{"label":"Uncaught Exceptions","filter":"uncaught","default":false}],"supportsConfigurationDoneRequest":true,"supportsSetVariable":true,"supportsConditionalBreakpoints":true,"supportsCompletionsRequest":true,"supportsHitConditionalBreakpoints":true,"supportsRestartFrame":true,"supportsExceptionInfoRequest":true,"supportsDelayedStackTraceLoading":true,"supportsValueFormattingOptions":true,"supportsEvaluateForHovers":true,"supportsLoadedSourcesRequest":true,"supportsBreakpointLocationsRequest":true,"supportsRestartRequest":true,"supportsSetExpression":true,"supportsLogPoints":true}}
[15:47:02.440 UTC] To client: {"seq":0,"type":"event","event":"output","body":{"category":"telemetry","output":"ClientRequest/initialize","data":{"Versions.DebugAdapterCore":"6.8.9","Versions.DebugAdapter":"4.12.8","successful":"true","timeTakenInMilliseconds":"2.459233","requestType":"request"}}}
[15:47:02.441 UTC] From client: launch({"url":"http://localhost:7890/dist/index.html","webRoot":"/Users/roblou/code/vscode-chrome-debug/testdata/breakOnLoad_webpack","trace":"verbose","logTimestamps":true,"disableNetworkCache":true,"logFilePath":"/Users/roblou/code/vscode-chrome-debug/logs/darwin-BreakOnLoad Instrument Webpack Project Hits multiple breakpoints in a file on load-DA.log","runtimeExecutable":"/Users/roblou/code/vscode-chrome-debug/node_modules/puppeteer/.local-chromium/mac-686378/chrome-mac/Chromium.app/Contents/MacOS/Chromium","userDataDir":"/var/folders/tx/p0ycbfpj37786p760wwdg6y80000gn/T/chrome2-3540eBxIAxHMSRi0","breakOnLoadStrategy":"instrument"})
[15:47:02.441 UTC] To client: {"seq":0,"type":"event","event":"output","body":{"category":"telemetry","output":"debugStarted","data":{"Versions.DebugAdapterCore":"6.8.9","Versions.DebugAdapter":"4.12.8","request":"launch","args":["url","webRoot","trace","logTimestamps","disableNetworkCache","logFilePath","runtimeExecutable","userDataDir","breakOnLoadStrategy","pathMapping","sourceMaps","sourceMapPathOverrides","skipFileRegExps","targetFilter","smartStep","showAsyncStacks"]}}}
[15:47:02.441 UTC] spawn('/Users/roblou/code/vscode-chrome-debug/node_modules/puppeteer/.local-chromium/mac-686378/chrome-mac/Chromium.app/Contents/MacOS/Chromium', ["--remote-debugging-port=9222","--no-first-run","--no-default-browser-check","--user-data-dir=/var/folders/tx/p0ycbfpj37786p760wwdg6y80000gn/T/chrome2-3540eBxIAxHMSRi0","about:blank"])
[15:47:02.441 UTC] Getting browser and debug protocol version via http://127.0.0.1:9222/json/version
[15:47:02.441 UTC] Discovering targets via http://127.0.0.1:9222/json/list
[15:47:02.441 UTC] HTTP GET failed: Error: connect ECONNREFUSED 127.0.0.1:9222
[15:47:02.441 UTC] There was an error connecting to http://127.0.0.1:9222/json/version : connect ECONNREFUSED 127.0.0.1:9222
[15:47:02.441 UTC] HTTP GET failed: Error: connect ECONNREFUSED 127.0.0.1:9222
[15:47:02.441 UTC] Discovering targets via http://127.0.0.1:9222/json
[15:47:02.441 UTC] HTTP GET failed: Error: connect ECONNREFUSED 127.0.0.1:9222
[15:47:02.647 UTC] Getting browser and debug protocol version via http://127.0.0.1:9222/json/version
[15:47:02.648 UTC] Discovering targets via http://127.0.0.1:9222/json/list
[15:47:02.649 UTC] HTTP GET failed: Error: connect ECONNREFUSED 127.0.0.1:9222
[15:47:02.649 UTC] There was an error connecting to http://127.0.0.1:9222/json/version : connect ECONNREFUSED 127.0.0.1:9222
[15:47:02.649 UTC] HTTP GET failed: Error: connect ECONNREFUSED 127.0.0.1:9222
[15:47:02.649 UTC] Discovering targets via http://127.0.0.1:9222/json
[15:47:02.650 UTC] HTTP GET failed: Error: connect ECONNREFUSED 127.0.0.1:9222
[15:47:02.852 UTC] Getting browser and debug protocol version via http://127.0.0.1:9222/json/version
[15:47:02.853 UTC] Discovering targets via http://127.0.0.1:9222/json/list
[15:47:08.027 UTC] Got browser version: Chrome/78.0.3882.0
[15:47:08.028 UTC] Got debug protocol version: 1.3
[15:47:08.028 UTC] To client: {"seq":0,"type":"event","event":"output","body":{"category":"telemetry","output":"targetDebugProtocolVersion","data":{"Versions.DebugAdapterCore":"6.8.9","Versions.DebugAdapter":"4.12.8"}}}
[15:47:08.029 UTC] To client: {"seq":0,"type":"event","event":"output","body":{"category":"telemetry","output":"targetCount","data":{"Versions.DebugAdapterCore":"6.8.9","Versions.DebugAdapter":"4.12.8","numTargets":1}}}
[15:47:08.029 UTC] Attaching to target: {"description":"","devtoolsFrontendUrl":"/devtools/inspector.html?ws=localhost/devtools/page/AEBE47201B8BE11BD4487BF9513A00FF","id":"AEBE47201B8BE11BD4487BF9513A00FF","title":"","type":"page","url":"about:blank","webSocketDebuggerUrl":"ws://127.0.0.1:9222/devtools/page/AEBE47201B8BE11BD4487BF9513A00FF","version":{}}
[15:47:08.029 UTC] WebSocket Url: ws://127.0.0.1:9222/devtools/page/AEBE47201B8BE11BD4487BF9513A00FF
[15:47:08.052 UTC] → To target: "{\"id\":1,\"method\":\"Console.enable\"}"
[15:47:08.053 UTC] → To target: "{\"id\":2,\"method\":\"Debugger.enable\"}"
[15:47:08.053 UTC] → To target: "{\"id\":3,\"method\":\"Runtime.enable\"}"
[15:47:08.053 UTC] → To target: "{\"id\":4,\"method\":\"Log.enable\"}"
[15:47:08.053 UTC] → To target: "{\"id\":5,\"method\":\"Runtime.runIfWaitingForDebugger\"}"
[15:47:08.053 UTC] → To target: "{\"id\":6,\"method\":\"Runtime.run\"}"
[15:47:08.053 UTC] → To target: "{\"id\":7,\"method\":\"Page.enable\"}"
[15:47:08.053 UTC] → To target: "{\"id\":8,\"method\":\"Network.enable\",\"params\":{}}"
[15:47:08.080 UTC] ← From target: {"id":1,"result":{}}
[15:47:08.081 UTC] ← From target: {"id":2,"result":{"debuggerId":"(C10270136E39B7441526C2792A8FD0B5)"}}
[15:47:08.081 UTC] ← From target: {"method":"Runtime.executionContextCreated","params":{"context":{"id":1,"origin":"://","name":"","auxData":{"isDefault":true,"type":"default","frameId":"AEBE47201B8BE11BD4487BF9513A00FF"}}}}
[15:47:08.082 UTC] ← From target: {"id":3,"result":{}}
[15:47:08.082 UTC] ← From target: {"id":4,"result":{}}
[15:47:08.082 UTC] ← From target: {"id":5,"result":{}}
[15:47:08.083 UTC] ← From target: {"error":{"code":-32601,"message":"'Runtime.run' wasn't found"},"id":6}
[15:47:08.083 UTC] ← From target: {"id":7,"result":{}}
[15:47:08.083 UTC] ← From target: {"id":8,"result":{}}
[15:47:08.084 UTC] → To target: "{\"id\":9,\"method\":\"Debugger.setBlackboxPatterns\",\"params\":{\"patterns\":[\"^chrome-extension:.*\"]}}"
[15:47:08.084 UTC] → To target: "{\"id\":10,\"method\":\"Schema.getDomains\"}"
[15:47:08.084 UTC] ← From target: {"method":"Page.frameResized","params":{}}
[15:47:08.085 UTC] ← From target: {"id":10,"result":{"domains":[{"name":"Inspector","version":"1.2"},{"name":"Memory","version":"1.2"},{"name":"Page","version":"1.2"},{"name":"Emulation","version":"1.2"},{"name":"Security","version":"1.2"},{"name":"Network","version":"1.2"},{"name":"Database","version":"1.2"},{"name":"IndexedDB","version":"1.2"},{"name":"CacheStorage","version":"1.2"},{"name":"DOMStorage","version":"1.2"},{"name":"CSS","version":"1.2"},{"name":"ApplicationCache","version":"1.2"},{"name":"DOM","version":"1.2"},{"name":"IO","version":"1.2"},{"name":"DOMDebugger","version":"1.2"},{"name":"DOMSnapshot","version":"1.2"},{"name":"ServiceWorker","version":"1.2"},{"name":"Input","version":"1.2"},{"name":"LayerTree","version":"1.2"},{"name":"DeviceOrientation","version":"1.2"},{"name":"Tracing","version":"1.2"},{"name":"Animation","version":"1.2"},{"name":"Accessibility","version":"1.2"},{"name":"Storage","version":"1.2"},{"name":"Log","version":"1.2"},{"name":"Runtime","version":"1.2"},{"name":"Debugger","version":"1.2"},{"name":"Profiler","version":"1.2"},{"name":"HeapProfiler","version":"1.2"},{"name":"Schema","version":"1.2"},{"name":"Target","version":"1.2"},{"name":"Overlay","version":"1.2"},{"name":"Performance","version":"1.2"},{"name":"Audits","version":"1.2"},{"name":"HeadlessExperimental","version":"1.2"}]}}
[15:47:08.085 UTC] → To target: "{\"id\":11,\"method\":\"Debugger.setAsyncCallStackDepth\",\"params\":{\"maxDepth\":4}}"
[15:47:08.086 UTC] ← From target: {"id":9,"result":{}}
[15:47:08.086 UTC] ← From target: {"id":11,"result":{}}
[15:47:08.087 UTC] → To target: "{\"id\":12,\"method\":\"Runtime.evaluate\",\"params\":{\"expression\":\"navigator.userAgent\",\"silent\":true}}"
[15:47:08.088 UTC] → To target: "{\"id\":13,\"method\":\"Browser.getVersion\"}"
[15:47:08.088 UTC] To client: {"seq":0,"type":"response","request_seq":2,"command":"launch","success":true}
[15:47:08.088 UTC] To client: {"seq":0,"type":"event","event":"output","body":{"category":"telemetry","output":"ClientRequest/launch","data":{"Versions.DebugAdapterCore":"6.8.9","Versions.DebugAdapter":"4.12.8","successful":"true","timeTakenInMilliseconds":"5678.570807","requestType":"request"}}}
[15:47:08.089 UTC] ← From target: {"id":13,"result":{"protocolVersion":"1.3","product":"Chrome/78.0.3882.0","revision":"@19d4547535ab5aba70b4730443f84e8153052174","userAgent":"Mozilla/5.0 (Macintosh; Intel Mac OS X 10_15_4) AppleWebKit/537.36 (KHTML, like Gecko) Chrome/78.0.3882.0 Safari/537.36","jsVersion":"7.8.89"}}
[15:47:08.089 UTC] To client: {"seq":0,"type":"event","event":"output","body":{"category":"telemetry","output":"target-version","data":{"Versions.DebugAdapterCore":"6.8.9","Versions.DebugAdapter":"4.12.8","Versions.Target.CRDPVersion":"1.3","Versions.Target.Revision":"@19d4547535ab5aba70b4730443f84e8153052174","Versions.Target.UserAgent":"Mozilla/5.0 (Macintosh; Intel Mac OS X 10_15_4) AppleWebKit/537.36 (KHTML, like Gecko) Chrome/78.0.3882.0 Safari/537.36","Versions.Target.V8":"7.8.89","Versions.Target.Project":"Chrome","Versions.Target.Version":"78.0.3882.0"}}}
[15:47:08.090 UTC] ← From target: {"method":"Debugger.scriptParsed","params":{"scriptId":"13","url":"","startLine":0,"startColumn":0,"endLine":0,"endColumn":19,"executionContextId":1,"hash":"3a6f8cb8708878331cc2be2ec90de0ab25738855","executionContextAuxData":{"isDefault":true,"type":"default","frameId":"AEBE47201B8BE11BD4487BF9513A00FF"},"isLiveEdit":false,"sourceMapURL":"","hasSourceURL":false,"isModule":false,"length":19}}
[15:47:08.094 UTC] → To target: "{\"id\":14,\"method\":\"Debugger.getPossibleBreakpoints\",\"params\":{\"start\":{\"scriptId\":\"13\",\"lineNumber\":0,\"columnNumber\":0},\"end\":{\"scriptId\":\"13\",\"lineNumber\":1,\"columnNumber\":0},\"restrictToFunction\":false}}"
[15:47:08.095 UTC] ← From target: {"id":12,"result":{"result":{"type":"string","value":"Mozilla/5.0 (Macintosh; Intel Mac OS X 10_15_4) AppleWebKit/537.36 (KHTML, like Gecko) Chrome/78.0.3882.0 Safari/537.36"}}}
[15:47:08.095 UTC] Target userAgent: Mozilla/5.0 (Macintosh; Intel Mac OS X 10_15_4) AppleWebKit/537.36 (KHTML, like Gecko) Chrome/78.0.3882.0 Safari/537.36
[15:47:08.096 UTC] → To target: "{\"id\":15,\"method\":\"Network.setCacheDisabled\",\"params\":{\"cacheDisabled\":true}}"
[15:47:08.097 UTC] ← From target: {"id":14,"result":{"locations":[{"scriptId":"13","lineNumber":0,"columnNumber":0}]}}
[15:47:08.097 UTC] To client: {"seq":0,"type":"event","event":"initialized"}
[15:47:08.098 UTC] From client: setBreakpoints({"lines":[3],"breakpoints":[{"line":3,"column":1}],"source":{"path":"/Users/roblou/code/vscode-chrome-debug/testdata/breakOnLoad_webpack/src/script.js"}})
[15:47:08.099 UTC] To client: {"seq":0,"type":"event","event":"output","body":{"category":"telemetry","output":"setBreakpointsRequest","data":{"Versions.DebugAdapterCore":"6.8.9","Versions.DebugAdapter":"4.12.8","Versions.Target.CRDPVersion":"1.3","Versions.Target.Revision":"@19d4547535ab5aba70b4730443f84e8153052174","Versions.Target.UserAgent":"Mozilla/5.0 (Macintosh; Intel Mac OS X 10_15_4) AppleWebKit/537.36 (KHTML, like Gecko) Chrome/78.0.3882.0 Safari/537.36","Versions.Target.V8":"7.8.89","Versions.Target.Project":"Chrome","Versions.Target.Version":"78.0.3882.0","fileExt":".js"}}}
[15:47:08.100 UTC] SourceMaps.setBP: /Users/roblou/code/vscode-chrome-debug/testdata/breakOnLoad_webpack/src/script.js can't be resolved to a loaded script. It may just not be loaded yet.
[15:47:08.100 UTC] Paths.setBP: No target url cached yet for client path: /Users/roblou/code/vscode-chrome-debug/testdata/breakOnLoad_webpack/src/script.js.
[15:47:08.100 UTC] → To target: "{\"id\":16,\"method\":\"DOMDebugger.setInstrumentationBreakpoint\",\"params\":{\"eventName\":\"scriptFirstStatement\"}}"
[15:47:08.101 UTC] To client: {"seq":0,"type":"event","event":"loadedSource","body":{"reason":"new","source":{"name":"VM13","path":"<eval>/VM13","sourceReference":1000}}}
[15:47:08.101 UTC] ← From target: {"id":15,"result":{}}
[15:47:08.101 UTC] ← From target: {"id":16,"result":{}}
[15:47:08.102 UTC] To client: {"seq":0,"type":"response","request_seq":3,"command":"setBreakpoints","success":true,"body":{"breakpoints":[{"id":1000,"verified":false,"message":"Breakpoint set but not yet bound"}]}}
[15:47:08.102 UTC] To client: {"seq":0,"type":"event","event":"output","body":{"category":"telemetry","output":"ClientRequest/setBreakpoints","data":{"Versions.DebugAdapterCore":"6.8.9","Versions.DebugAdapter":"4.12.8","Versions.Target.CRDPVersion":"1.3","Versions.Target.Revision":"@19d4547535ab5aba70b4730443f84e8153052174","Versions.Target.UserAgent":"Mozilla/5.0 (Macintosh; Intel Mac OS X 10_15_4) AppleWebKit/537.36 (KHTML, like Gecko) Chrome/78.0.3882.0 Safari/537.36","Versions.Target.V8":"7.8.89","Versions.Target.Project":"Chrome","Versions.Target.Version":"78.0.3882.0","successful":"true","timeTakenInMilliseconds":"3.327382","requestType":"request"}}}
[15:47:08.102 UTC] From client: configurationDone(undefined)
[15:47:08.103 UTC] → To target: "{\"id\":17,\"method\":\"Page.navigate\",\"params\":{\"url\":\"http://localhost:7890/dist/index.html\"}}"
[15:47:08.103 UTC] To client: {"seq":0,"type":"response","request_seq":4,"command":"configurationDone","success":true}
[15:47:08.103 UTC] To client: {"seq":0,"type":"event","event":"output","body":{"category":"telemetry","output":"ClientRequest/configurationDone","data":{"Versions.DebugAdapterCore":"6.8.9","Versions.DebugAdapter":"4.12.8","Versions.Target.CRDPVersion":"1.3","Versions.Target.Revision":"@19d4547535ab5aba70b4730443f84e8153052174","Versions.Target.UserAgent":"Mozilla/5.0 (Macintosh; Intel Mac OS X 10_15_4) AppleWebKit/537.36 (KHTML, like Gecko) Chrome/78.0.3882.0 Safari/537.36","Versions.Target.V8":"7.8.89","Versions.Target.Project":"Chrome","Versions.Target.Version":"78.0.3882.0","successful":"true","timeTakenInMilliseconds":"0.475115","requestType":"request"}}}
[15:47:08.111 UTC] ← From target: {"id":17,"result":{"frameId":"AEBE47201B8BE11BD4487BF9513A00FF","loaderId":"9DC70237C5D85052121AEE1CAD993DCE"}}
[15:47:08.123 UTC] ← From target: {"method":"Page.frameStartedLoading","params":{"frameId":"AEBE47201B8BE11BD4487BF9513A00FF"}}
[15:47:08.124 UTC] ← From target: {"method":"Runtime.executionContextDestroyed","params":{"executionContextId":1}}
[15:47:08.125 UTC] ← From target: {"method":"Runtime.executionContextsCleared","params":{}}
[15:47:08.126 UTC] To client: {"seq":0,"type":"event","event":"loadedSource","body":{"reason":"removed","source":{"name":"VM13","path":"<eval>/VM13","sourceReference":1000}}}
[15:47:08.126 UTC] ← From target: {"method":"Page.frameNavigated","params":{"frame":{"id":"AEBE47201B8BE11BD4487BF9513A00FF","loaderId":"9DC70237C5D85052121AEE1CAD993DCE","url":"http://localhost:7890/dist/index.html","securityOrigin":"http://localhost:7890","mimeType":"text/html"}}}
[15:47:08.127 UTC] To client: {"seq":0,"type":"event","event":"output","body":{"category":"telemetry","output":"report-start-up-timings","data":{"Versions.DebugAdapterCore":"6.8.9","Versions.DebugAdapter":"4.12.8","Versions.Target.CRDPVersion":"1.3","Versions.Target.Revision":"@19d4547535ab5aba70b4730443f84e8153052174","Versions.Target.UserAgent":"Mozilla/5.0 (Macintosh; Intel Mac OS X 10_15_4) AppleWebKit/537.36 (KHTML, like Gecko) Chrome/78.0.3882.0 Safari/537.36","Versions.Target.V8":"7.8.89","Versions.Target.Project":"Chrome","Versions.Target.Version":"78.0.3882.0","RequestedContentWasDetected":"true","Steps":"[\"BeforeFirstStep\",\"ClientRequest/initialize\",\"ClientRequest/launch\",\"LaunchTarget.LaunchExe\",\"Attach\",\"Attach.RequestDebuggerTargetsInformation\",\"Attach.RequestDebuggerTargetsInformation\",\"Attach.RequestDebuggerTargetsInformation\",\"Attach.ProcessDebuggerTargetsInformation\",\"Attach.AttachToTargetDebuggerWebsocket\",\"Attach.ConfigureDebuggingSession.Internal\",\"Attach.ConfigureDebuggingSession.Target\",\"Attach.ConfigureDebuggingSession.End\"]","All":"5731.424989","Request.ClientRequest/setBreakpoints.startTime":"[1590076028098]","Request.ClientRequest/setBreakpoints.timeTakenInMilliseconds":"[3.327382]","Request.ClientRequest/configurationDone.startTime":"[1590076028102]","Request.ClientRequest/configurationDone.timeTakenInMilliseconds":"[0.475115]","BeforeFirstStep":"[11.314366]","WaitingAfter.ClientRequest/initialize":"[13.705068]","ClientRequest/initialize":"[3.054791]","ClientRequest/launch":"[4.07043]","LaunchTarget.LaunchExe":"[12.95157]","Attach":"[6.103147]","Attach.RequestDebuggerTargetsInformation":"[214.69664,205.007884,5175.691859]","Attach.ProcessDebuggerTargetsInformation":"[1.486272]","Attach.AttachToTargetDebuggerWebsocket":"[2.382392]","Attach.ConfigureDebuggingSession.Internal":"[0.40573]","Attach.ConfigureDebuggingSession.Target":"[54.392]","WaitingAfter.ClientRequest/launch":"[5692.983343]","WaitingAfter.NotifyInitialized":"[5702.640481]","RequestedNavigateToUserPage":"[5716.32692]","Attach.ConfigureDebuggingSession.End":"[39.499748]"}}}
[15:47:08.127 UTC] ← From target: {"method":"Runtime.executionContextCreated","params":{"context":{"id":2,"origin":"http://localhost:7890","name":"","auxData":{"isDefault":true,"type":"default","frameId":"AEBE47201B8BE11BD4487BF9513A00FF"}}}}
[15:47:08.133 UTC] ← From target: {"method":"Debugger.scriptParsed","params":{"scriptId":"14","url":"http://localhost:7890/dist/bundle.js","startLine":0,"startColumn":0,"endLine":81,"endColumn":34,"executionContextId":2,"hash":"0472a1b410b66b00290d868d06b358d83d015f59","executionContextAuxData":{"isDefault":true,"type":"default","frameId":"AEBE47201B8BE11BD4487BF9513A00FF"},"isLiveEdit":false,"sourceMapURL":"bundle.js.map","hasSourceURL":false,"isModule":false,"length":2634}}
[15:47:08.133 UTC] Paths.scriptParsed: resolved http://localhost:7890/dist/bundle.js to /Users/roblou/code/vscode-chrome-debug/testdata/breakOnLoad_webpack/dist/bundle.js. pathMapping/webroot: {"/":"/Users/roblou/code/vscode-chrome-debug/testdata/breakOnLoad_webpack"}
[15:47:08.133 UTC] SourceMaps.getMapForGeneratedPath: Finding SourceMap for /Users/roblou/code/vscode-chrome-debug/testdata/breakOnLoad_webpack/dist/bundle.js by URI: bundle.js.map and webRoot/pathMapping: {"/":"/Users/roblou/code/vscode-chrome-debug/testdata/breakOnLoad_webpack"}
[15:47:08.134 UTC] SourceMaps.loadSourceMapContents: Reading local sourcemap file from /Users/roblou/code/vscode-chrome-debug/testdata/breakOnLoad_webpack/dist/bundle.js.map
[15:47:08.134 UTC] To client: {"seq":0,"type":"event","event":"loadedSource","body":{"reason":"new","source":{"name":"bundle.js","path":"http://localhost:7890/dist/bundle.js","sourceReference":1001}}}
[15:47:08.135 UTC] ← From target: {"method":"Debugger.paused","params":{"callFrames":[{"callFrameId":"{\"ordinal\":0,\"injectedScriptId\":2}","functionName":"","functionLocation":{"scriptId":"14","lineNumber":0,"columnNumber":0},"location":{"scriptId":"14","lineNumber":0,"columnNumber":9},"url":"http://localhost:7890/dist/bundle.js","scopeChain":[{"type":"global","object":{"type":"object","className":"Window","description":"Window","objectId":"{\"injectedScriptId\":2,\"id\":1}"}}],"this":{"type":"object","className":"Window","description":"Window","objectId":"{\"injectedScriptId\":2,\"id\":2}"}}],"reason":"EventListener","data":{"eventName":"instrumentation:scriptFirstStatement"},"hitBreakpoints":[]}}
[15:47:08.137 UTC] SourceMap: creating for /Users/roblou/code/vscode-chrome-debug/testdata/breakOnLoad_webpack/dist/bundle.js
[15:47:08.137 UTC] SourceMap: sourceRoot: 
[15:47:08.137 UTC] SourceMap: sources: ["webpack:///webpack/bootstrap 110f404fad45858d5cd9","webpack:///./src/script.js"]
[15:47:08.137 UTC] SourceMap: pathMapping: {"/":"/Users/roblou/code/vscode-chrome-debug/testdata/breakOnLoad_webpack"}
[15:47:08.137 UTC] SourceMap: no sourceRoot specified, using script dirname: /Users/roblou/code/vscode-chrome-debug/testdata/breakOnLoad_webpack/dist
[15:47:08.138 UTC] SourceMap: mapping webpack:///webpack/bootstrap 110f404fad45858d5cd9 => webpack/bootstrap 110f404fad45858d5cd9, via sourceMapPathOverrides entry - "webpack:///*": "*"
[15:47:08.138 UTC] SourceMap: mapping webpack:///./src/script.js => /Users/roblou/code/vscode-chrome-debug/testdata/breakOnLoad_webpack/src/script.js, via sourceMapPathOverrides entry - "webpack:///./*": "/Users/roblou/code/vscode-chrome-debug/testdata/breakOnLoad_webpack/*"
[15:47:08.139 UTC] SourceMaps.scriptParsed: /Users/roblou/code/vscode-chrome-debug/testdata/breakOnLoad_webpack/dist/bundle.js was just loaded and has mapped sources: ["webpack/bootstrap 110f404fad45858d5cd9","/Users/roblou/code/vscode-chrome-debug/testdata/breakOnLoad_webpack/src/script.js"]
[15:47:08.139 UTC] OnScriptParsed.resolvePendingBPs: Resolving pending breakpoints: {"args":{"lines":[3],"breakpoints":[{"line":3,"column":1}],"source":{"path":"/Users/roblou/code/vscode-chrome-debug/testdata/breakOnLoad_webpack/src/script.js"}},"ids":[1000],"requestSeq":3,"setWithPath":""}
[15:47:08.139 UTC] SourceMaps.setBP: Mapped /Users/roblou/code/vscode-chrome-debug/testdata/breakOnLoad_webpack/src/script.js to /Users/roblou/code/vscode-chrome-debug/testdata/breakOnLoad_webpack/dist/bundle.js
[15:47:08.141 UTC] SourceMaps.setBP: Mapped /Users/roblou/code/vscode-chrome-debug/testdata/breakOnLoad_webpack/src/script.js:3:1 to /Users/roblou/code/vscode-chrome-debug/testdata/breakOnLoad_webpack/dist/bundle.js:72:1
[15:47:08.141 UTC] Paths.setBP: Resolved /Users/roblou/code/vscode-chrome-debug/testdata/breakOnLoad_webpack/dist/bundle.js to http://localhost:7890/dist/bundle.js
[15:47:08.142 UTC] → To target: "{\"id\":18,\"method\":\"Debugger.getPossibleBreakpoints\",\"params\":{\"start\":{\"scriptId\":\"14\",\"lineNumber\":71,\"columnNumber\":0},\"end\":{\"scriptId\":\"14\",\"lineNumber\":72,\"columnNumber\":0},\"restrictToFunction\":false}}"
[15:47:08.146 UTC] ← From target: {"id":18,"result":{"locations":[{"scriptId":"14","lineNumber":71,"columnNumber":8}]}}
[15:47:08.146 UTC] → To target: "{\"id\":19,\"method\":\"Debugger.setBreakpointByUrl\",\"params\":{\"urlRegex\":\"http:\\\\/\\\\/localhost:7890\\\\/dist\\\\/bundle\\\\.js\",\"lineNumber\":71,\"columnNumber\":8}}"
[15:47:08.150 UTC] ← From target: {"id":19,"result":{"breakpointId":"2:71:8:http:\\/\\/localhost:7890\\/dist\\/bundle\\.js","locations":[{"scriptId":"14","lineNumber":71,"columnNumber":8}]}}
[15:47:08.150 UTC] SourceMaps.setBP: Mapped /Users/roblou/code/vscode-chrome-debug/testdata/breakOnLoad_webpack/dist/bundle.js:72:9 to /Users/roblou/code/vscode-chrome-debug/testdata/breakOnLoad_webpack/src/script.js:3
[15:47:08.151 UTC] To client: {"seq":0,"type":"event","event":"breakpoint","body":{"reason":"changed","breakpoint":{"id":1000,"verified":true,"line":3,"column":1}}}
[15:47:08.151 UTC] BreakOnLoadHelper: Finished waiting for breakpoints to get resolved.
[15:47:08.151 UTC] Paths.scriptParsed: resolved http://localhost:7890/dist/bundle.js to /Users/roblou/code/vscode-chrome-debug/testdata/breakOnLoad_webpack/dist/bundle.js. pathMapping/webroot: {"/":"/Users/roblou/code/vscode-chrome-debug/testdata/breakOnLoad_webpack"}
[15:47:08.152 UTC] → To target: "{\"id\":20,\"method\":\"Debugger.resume\"}"
[15:47:08.153 UTC] ← From target: {"id":20,"result":{}}
[15:47:08.154 UTC] ← From target: {"method":"Debugger.resumed","params":{}}
[15:47:08.154 UTC] To client: {"seq":0,"type":"event","event":"continued","body":{"threadId":1}}
[15:47:08.154 UTC] ← From target: {"method":"Console.messageAdded","params":{"message":{"source":"console-api","level":"log","text":"Hi","url":"http://localhost:7890/dist/bundle.js","line":71,"column":9}}}
[15:47:08.155 UTC] ← From target: {"method":"Runtime.consoleAPICalled","params":{"type":"log","args":[{"type":"string","value":"Hi"}],"executionContextId":2,"timestamp":1590076028153.281,"stackTrace":{"callFrames":[{"functionName":"","scriptId":"14","url":"http://localhost:7890/dist/bundle.js","lineNumber":70,"columnNumber":8},{"functionName":"__webpack_require__","scriptId":"14","url":"http://localhost:7890/dist/bundle.js","lineNumber":19,"columnNumber":29},{"functionName":"","scriptId":"14","url":"http://localhost:7890/dist/bundle.js","lineNumber":62,"columnNumber":17},{"functionName":"","scriptId":"14","url":"http://localhost:7890/dist/bundle.js","lineNumber":65,"columnNumber":9}]}}}
[15:47:08.156 UTC] To client: {"seq":0,"type":"event","event":"output","body":{"category":"stdout","output":"Hi\n","source":{"name":"script.js","path":"/Users/roblou/code/vscode-chrome-debug/testdata/breakOnLoad_webpack/src/script.js"},"line":2,"column":1}}
[15:47:08.157 UTC] ← From target: {"method":"Debugger.paused","params":{"callFrames":[{"callFrameId":"{\"ordinal\":0,\"injectedScriptId\":2}","functionName":"","functionLocation":{"scriptId":"14","lineNumber":67,"columnNumber":15},"location":{"scriptId":"14","lineNumber":71,"columnNumber":8},"url":"http://localhost:7890/dist/bundle.js","scopeChain":[{"type":"local","object":{"type":"object","className":"Object","description":"Object","objectId":"{\"injectedScriptId\":2,\"id\":3}"},"startLocation":{"scriptId":"14","lineNumber":67,"columnNumber":15},"endLocation":{"scriptId":"14","lineNumber":79,"columnNumber":7}},{"type":"global","object":{"type":"object","className":"Window","description":"Window","objectId":"{\"injectedScriptId\":2,\"id\":4}"}}],"this":{"type":"object","className":"Object","description":"Object","objectId":"{\"injectedScriptId\":2,\"id\":5}"}},{"callFrameId":"{\"ordinal\":1,\"injectedScriptId\":2}","functionName":"__webpack_require__","functionLocation":{"scriptId":"14","lineNumber":5,"columnNumber":38},"location":{"scriptId":"14","lineNumber":19,"columnNumber":29},"url":"http://localhost:7890/dist/bundle.js","scopeChain":[{"type":"local","object":{"type":"object","className":"Object","description":"Object","objectId":"{\"injectedScriptId\":2,\"id\":6}"},"name":"__webpack_require__","startLocation":{"scriptId":"14","lineNumber":5,"columnNumber":38},"endLocation":{"scriptId":"14","lineNumber":26,"columnNumber":11}},{"type":"closure","object":{"type":"object","className":"Object","description":"Object","objectId":"{\"injectedScriptId\":2,\"id\":7}"},"startLocation":{"scriptId":"14","lineNumber":0,"columnNumber":18},"endLocation":{"scriptId":"14","lineNumber":63,"columnNumber":10}},{"type":"global","object":{"type":"object","className":"Window","description":"Window","objectId":"{\"injectedScriptId\":2,\"id\":8}"}}],"this":{"type":"object","className":"Window","description":"Window","objectId":"{\"injectedScriptId\":2,\"id\":9}"}},{"callFrameId":"{\"ordinal\":2,\"injectedScriptId\":2}","functionName":"","functionLocation":{"scriptId":"14","lineNumber":0,"columnNumber":18},"location":{"scriptId":"14","lineNumber":62,"columnNumber":17},"url":"http://localhost:7890/dist/bundle.js","scopeChain":[{"type":"local","object":{"type":"object","className":"Object","description":"Object","objectId":"{\"injectedScriptId\":2,\"id\":10}"},"startLocation":{"scriptId":"14","lineNumber":0,"columnNumber":18},"endLocation":{"scriptId":"14","lineNumber":63,"columnNumber":10}},{"type":"global","object":{"type":"object","className":"Window","description":"Window","objectId":"{\"injectedScriptId\":2,\"id\":11}"}}],"this":{"type":"object","className":"Window","description":"Window","objectId":"{\"injectedScriptId\":2,\"id\":12}"}},{"callFrameId":"{\"ordinal\":3,\"injectedScriptId\":2}","functionName":"","functionLocation":{"scriptId":"14","lineNumber":0,"columnNumber":0},"location":{"scriptId":"14","lineNumber":65,"columnNumber":9},"url":"http://localhost:7890/dist/bundle.js","scopeChain":[{"type":"global","object":{"type":"object","className":"Window","description":"Window","objectId":"{\"injectedScriptId\":2,\"id\":13}"}}],"this":{"type":"object","className":"Window","description":"Window","objectId":"{\"injectedScriptId\":2,\"id\":14}"}}],"reason":"other","hitBreakpoints":["2:71:8:http:\\/\\/localhost:7890\\/dist\\/bundle\\.js"]}}
[15:47:08.157 UTC] To client: {"seq":0,"type":"event","event":"stopped","body":{"reason":"breakpoint","threadId":1,"description":"Paused on breakpoint"}}
[15:47:08.158 UTC] → To target: "{\"id\":21,\"method\":\"Overlay.setPausedInDebuggerMessage\",\"params\":{\"message\":\"Paused in Visual Studio Code\"}}"
[15:47:08.158 UTC] From client: stackTrace({"threadId":1})
[15:47:08.160 UTC] To client: {"seq":0,"type":"response","request_seq":5,"command":"stackTrace","success":true,"body":{"stackFrames":[{"id":1000,"name":"(anonymous function)","source":{"name":"script.js","path":"/Users/roblou/code/vscode-chrome-debug/testdata/breakOnLoad_webpack/src/script.js"},"line":3,"column":1},{"id":1001,"name":"__webpack_require__","source":{"name":"bundle.js","path":"/Users/roblou/code/vscode-chrome-debug/testdata/breakOnLoad_webpack/dist/bundle.js"},"line":20,"column":30},{"id":1002,"name":"(anonymous function)","source":{"name":"bundle.js","path":"/Users/roblou/code/vscode-chrome-debug/testdata/breakOnLoad_webpack/dist/bundle.js"},"line":63,"column":18},{"id":1003,"name":"(anonymous function)","source":{"name":"bundle.js","path":"/Users/roblou/code/vscode-chrome-debug/testdata/breakOnLoad_webpack/dist/bundle.js","origin":"(skipped by 'smartStep')"},"line":66,"column":10,"presentationHint":"deemphasize"}],"totalFrames":4}}
[15:47:08.160 UTC] To client: {"seq":0,"type":"event","event":"output","body":{"category":"telemetry","output":"ClientRequest/stackTrace","data":{"Versions.DebugAdapterCore":"6.8.9","Versions.DebugAdapter":"4.12.8","Versions.Target.CRDPVersion":"1.3","Versions.Target.Revision":"@19d4547535ab5aba70b4730443f84e8153052174","Versions.Target.UserAgent":"Mozilla/5.0 (Macintosh; Intel Mac OS X 10_15_4) AppleWebKit/537.36 (KHTML, like Gecko) Chrome/78.0.3882.0 Safari/537.36","Versions.Target.V8":"7.8.89","Versions.Target.Project":"Chrome","Versions.Target.Version":"78.0.3882.0","successful":"true","timeTakenInMilliseconds":"2.319373","requestType":"request"}}}
[15:47:08.161 UTC] From client: setBreakpoints({"source":{"path":"/Users/roblou/code/vscode-chrome-debug/testdata/breakOnLoad_webpack/src/script.js"},"breakpoints":[{"line":5,"column":1}]})
[15:47:08.161 UTC] To client: {"seq":0,"type":"event","event":"output","body":{"category":"telemetry","output":"setBreakpointsRequest","data":{"Versions.DebugAdapterCore":"6.8.9","Versions.DebugAdapter":"4.12.8","Versions.Target.CRDPVersion":"1.3","Versions.Target.Revision":"@19d4547535ab5aba70b4730443f84e8153052174","Versions.Target.UserAgent":"Mozilla/5.0 (Macintosh; Intel Mac OS X 10_15_4) AppleWebKit/537.36 (KHTML, like Gecko) Chrome/78.0.3882.0 Safari/537.36","Versions.Target.V8":"7.8.89","Versions.Target.Project":"Chrome","Versions.Target.Version":"78.0.3882.0","fileExt":".js"}}}
[15:47:08.161 UTC] SourceMaps.setBP: Mapped /Users/roblou/code/vscode-chrome-debug/testdata/breakOnLoad_webpack/src/script.js to /Users/roblou/code/vscode-chrome-debug/testdata/breakOnLoad_webpack/dist/bundle.js
[15:47:08.161 UTC] SourceMaps.setBP: Mapped /Users/roblou/code/vscode-chrome-debug/testdata/breakOnLoad_webpack/src/script.js:5:1 to /Users/roblou/code/vscode-chrome-debug/testdata/breakOnLoad_webpack/dist/bundle.js:74:1
[15:47:08.161 UTC] Paths.setBP: Resolved /Users/roblou/code/vscode-chrome-debug/testdata/breakOnLoad_webpack/dist/bundle.js to http://localhost:7890/dist/bundle.js
[15:47:08.161 UTC] → To target: "{\"id\":22,\"method\":\"Debugger.removeBreakpoint\",\"params\":{\"breakpointId\":\"2:71:8:http:\\\\/\\\\/localhost:7890\\\\/dist\\\\/bundle\\\\.js\"}}"
[15:47:08.164 UTC] ← From target: {"id":21,"result":{}}
[15:47:08.164 UTC] ← From target: {"id":22,"result":{}}
[15:47:08.164 UTC] → To target: "{\"id\":23,\"method\":\"Debugger.getPossibleBreakpoints\",\"params\":{\"start\":{\"scriptId\":\"14\",\"lineNumber\":73,\"columnNumber\":0},\"end\":{\"scriptId\":\"14\",\"lineNumber\":74,\"columnNumber\":0},\"restrictToFunction\":false}}"
[15:47:08.168 UTC] ← From target: {"id":23,"result":{"locations":[{"scriptId":"14","lineNumber":73,"columnNumber":0,"type":"call"}]}}
[15:47:08.169 UTC] → To target: "{\"id\":24,\"method\":\"Debugger.setBreakpointByUrl\",\"params\":{\"urlRegex\":\"http:\\\\/\\\\/localhost:7890\\\\/dist\\\\/bundle\\\\.js\",\"lineNumber\":73,\"columnNumber\":0}}"
[15:47:08.170 UTC] ← From target: {"id":24,"result":{"breakpointId":"2:73:0:http:\\/\\/localhost:7890\\/dist\\/bundle\\.js","locations":[{"scriptId":"14","lineNumber":73,"columnNumber":0}]}}
[15:47:08.170 UTC] SourceMaps.setBP: Mapped /Users/roblou/code/vscode-chrome-debug/testdata/breakOnLoad_webpack/dist/bundle.js:74:1 to /Users/roblou/code/vscode-chrome-debug/testdata/breakOnLoad_webpack/src/script.js:5
[15:47:08.170 UTC] To client: {"seq":0,"type":"response","request_seq":6,"command":"setBreakpoints","success":true,"body":{"breakpoints":[{"id":1001,"verified":true,"line":5,"column":1}]}}
[15:47:08.170 UTC] To client: {"seq":0,"type":"event","event":"output","body":{"category":"telemetry","output":"ClientRequest/setBreakpoints","data":{"Versions.DebugAdapterCore":"6.8.9","Versions.DebugAdapter":"4.12.8","Versions.Target.CRDPVersion":"1.3","Versions.Target.Revision":"@19d4547535ab5aba70b4730443f84e8153052174","Versions.Target.UserAgent":"Mozilla/5.0 (Macintosh; Intel Mac OS X 10_15_4) AppleWebKit/537.36 (KHTML, like Gecko) Chrome/78.0.3882.0 Safari/537.36","Versions.Target.V8":"7.8.89","Versions.Target.Project":"Chrome","Versions.Target.Version":"78.0.3882.0","successful":"true","timeTakenInMilliseconds":"9.308175","requestType":"request"}}}
[15:47:08.170 UTC] From client: continue({"threadId":1})
[15:47:08.170 UTC] → To target: "{\"id\":25,\"method\":\"Debugger.resume\"}"
[15:47:08.171 UTC] ← From target: {"id":25,"result":{}}
[15:47:08.171 UTC] To client: {"seq":0,"type":"response","request_seq":7,"command":"continue","success":true}
[15:47:08.171 UTC] To client: {"seq":0,"type":"event","event":"output","body":{"category":"telemetry","output":"ClientRequest/continue","data":{"Versions.DebugAdapterCore":"6.8.9","Versions.DebugAdapter":"4.12.8","Versions.Target.CRDPVersion":"1.3","Versions.Target.Revision":"@19d4547535ab5aba70b4730443f84e8153052174","Versions.Target.UserAgent":"Mozilla/5.0 (Macintosh; Intel Mac OS X 10_15_4) AppleWebKit/537.36 (KHTML, like Gecko) Chrome/78.0.3882.0 Safari/537.36","Versions.Target.V8":"7.8.89","Versions.Target.Project":"Chrome","Versions.Target.Version":"78.0.3882.0","successful":"true","timeTakenInMilliseconds":"1.34497","requestType":"request"}}}
[15:47:08.172 UTC] ← From target: {"method":"Debugger.resumed","params":{}}
[15:47:08.173 UTC] ← From target: {"method":"Debugger.paused","params":{"callFrames":[{"callFrameId":"{\"ordinal\":0,\"injectedScriptId\":2}","functionName":"","functionLocation":{"scriptId":"14","lineNumber":67,"columnNumber":15},"location":{"scriptId":"14","lineNumber":73,"columnNumber":0},"url":"http://localhost:7890/dist/bundle.js","scopeChain":[{"type":"local","object":{"type":"object","className":"Object","description":"Object","objectId":"{\"injectedScriptId\":2,\"id\":15}"},"startLocation":{"scriptId":"14","lineNumber":67,"columnNumber":15},"endLocation":{"scriptId":"14","lineNumber":79,"columnNumber":7}},{"type":"global","object":{"type":"object","className":"Window","description":"Window","objectId":"{\"injectedScriptId\":2,\"id\":16}"}}],"this":{"type":"object","className":"Object","description":"Object","objectId":"{\"injectedScriptId\":2,\"id\":17}"}},{"callFrameId":"{\"ordinal\":1,\"injectedScriptId\":2}","functionName":"__webpack_require__","functionLocation":{"scriptId":"14","lineNumber":5,"columnNumber":38},"location":{"scriptId":"14","lineNumber":19,"columnNumber":29},"url":"http://localhost:7890/dist/bundle.js","scopeChain":[{"type":"local","object":{"type":"object","className":"Object","description":"Object","objectId":"{\"injectedScriptId\":2,\"id\":18}"},"name":"__webpack_require__","startLocation":{"scriptId":"14","lineNumber":5,"columnNumber":38},"endLocation":{"scriptId":"14","lineNumber":26,"columnNumber":11}},{"type":"closure","object":{"type":"object","className":"Object","description":"Object","objectId":"{\"injectedScriptId\":2,\"id\":19}"},"startLocation":{"scriptId":"14","lineNumber":0,"columnNumber":18},"endLocation":{"scriptId":"14","lineNumber":63,"columnNumber":10}},{"type":"global","object":{"type":"object","className":"Window","description":"Window","objectId":"{\"injectedScriptId\":2,\"id\":20}"}}],"this":{"type":"object","className":"Window","description":"Window","objectId":"{\"injectedScriptId\":2,\"id\":21}"}},{"callFrameId":"{\"ordinal\":2,\"injectedScriptId\":2}","functionName":"","functionLocation":{"scriptId":"14","lineNumber":0,"columnNumber":18},"location":{"scriptId":"14","lineNumber":62,"columnNumber":17},"url":"http://localhost:7890/dist/bundle.js","scopeChain":[{"type":"local","object":{"type":"object","className":"Object","description":"Object","objectId":"{\"injectedScriptId\":2,\"id\":22}"},"startLocation":{"scriptId":"14","lineNumber":0,"columnNumber":18},"endLocation":{"scriptId":"14","lineNumber":63,"columnNumber":10}},{"type":"global","object":{"type":"object","className":"Window","description":"Window","objectId":"{\"injectedScriptId\":2,\"id\":23}"}}],"this":{"type":"object","className":"Window","description":"Window","objectId":"{\"injectedScriptId\":2,\"id\":24}"}},{"callFrameId":"{\"ordinal\":3,\"injectedScriptId\":2}","functionName":"","functionLocation":{"scriptId":"14","lineNumber":0,"columnNumber":0},"location":{"scriptId":"14","lineNumber":65,"columnNumber":9},"url":"http://localhost:7890/dist/bundle.js","scopeChain":[{"type":"global","object":{"type":"object","className":"Window","description":"Window","objectId":"{\"injectedScriptId\":2,\"id\":25}"}}],"this":{"type":"object","className":"Window","description":"Window","objectId":"{\"injectedScriptId\":2,\"id\":26}"}}],"reason":"other","hitBreakpoints":["2:73:0:http:\\/\\/localhost:7890\\/dist\\/bundle\\.js"]}}
[15:47:08.173 UTC] To client: {"seq":0,"type":"event","event":"stopped","body":{"reason":"breakpoint","threadId":1,"description":"Paused on breakpoint"}}
[15:47:08.173 UTC] → To target: "{\"id\":26,\"method\":\"Overlay.setPausedInDebuggerMessage\",\"params\":{\"message\":\"Paused in Visual Studio Code\"}}"
[15:47:08.174 UTC] From client: stackTrace({"threadId":1})
[15:47:08.175 UTC] To client: {"seq":0,"type":"response","request_seq":8,"command":"stackTrace","success":true,"body":{"stackFrames":[{"id":1000,"name":"(anonymous function)","source":{"name":"script.js","path":"/Users/roblou/code/vscode-chrome-debug/testdata/breakOnLoad_webpack/src/script.js"},"line":5,"column":1},{"id":1001,"name":"__webpack_require__","source":{"name":"bundle.js","path":"/Users/roblou/code/vscode-chrome-debug/testdata/breakOnLoad_webpack/dist/bundle.js"},"line":20,"column":30},{"id":1002,"name":"(anonymous function)","source":{"name":"bundle.js","path":"/Users/roblou/code/vscode-chrome-debug/testdata/breakOnLoad_webpack/dist/bundle.js"},"line":63,"column":18},{"id":1003,"name":"(anonymous function)","source":{"name":"bundle.js","path":"/Users/roblou/code/vscode-chrome-debug/testdata/breakOnLoad_webpack/dist/bundle.js","origin":"(skipped by 'smartStep')"},"line":66,"column":10,"presentationHint":"deemphasize"}],"totalFrames":4}}
[15:47:08.175 UTC] To client: {"seq":0,"type":"event","event":"output","body":{"category":"telemetry","output":"ClientRequest/stackTrace","data":{"Versions.DebugAdapterCore":"6.8.9","Versions.DebugAdapter":"4.12.8","Versions.Target.CRDPVersion":"1.3","Versions.Target.Revision":"@19d4547535ab5aba70b4730443f84e8153052174","Versions.Target.UserAgent":"Mozilla/5.0 (Macintosh; Intel Mac OS X 10_15_4) AppleWebKit/537.36 (KHTML, like Gecko) Chrome/78.0.3882.0 Safari/537.36","Versions.Target.V8":"7.8.89","Versions.Target.Project":"Chrome","Versions.Target.Version":"78.0.3882.0","successful":"true","timeTakenInMilliseconds":"1.181082","requestType":"request"}}}
[15:47:08.175 UTC] ← From target: {"id":26,"result":{}}
[15:47:08.176 UTC] From client: disconnect(undefined)
[15:47:08.176 UTC] To client: {"seq":0,"type":"event","event":"output","body":{"category":"telemetry","output":"FullSessionStatistics/SourceMaps/Overrides","data":{"Versions.DebugAdapterCore":"6.8.9","Versions.DebugAdapter":"4.12.8","Versions.Target.CRDPVersion":"1.3","Versions.Target.Revision":"@19d4547535ab5aba70b4730443f84e8153052174","Versions.Target.UserAgent":"Mozilla/5.0 (Macintosh; Intel Mac OS X 10_15_4) AppleWebKit/537.36 (KHTML, like Gecko) Chrome/78.0.3882.0 Safari/537.36","Versions.Target.V8":"7.8.89","Versions.Target.Project":"Chrome","Versions.Target.Version":"78.0.3882.0","aspNetClientAppFallbackCount":0}}}
[15:47:08.176 UTC] To client: {"seq":0,"type":"event","event":"output","body":{"category":"telemetry","output":"target/notification/onScriptParsed","data":{"Versions.DebugAdapterCore":"6.8.9","Versions.DebugAdapter":"4.12.8","Versions.Target.CRDPVersion":"1.3","Versions.Target.Revision":"@19d4547535ab5aba70b4730443f84e8153052174","Versions.Target.UserAgent":"Mozilla/5.0 (Macintosh; Intel Mac OS X 10_15_4) AppleWebKit/537.36 (KHTML, like Gecko) Chrome/78.0.3882.0 Safari/537.36","Versions.Target.V8":"7.8.89","Versions.Target.Project":"Chrome","Versions.Target.Version":"78.0.3882.0","aggregated.startTime":"[\"1590076028090\",\"1590076028133\"]","aggregated.successful":"[\"true\",\"true\"]","aggregated.timeTakenInMilliseconds":"[\"4.48993\",\"18.381084\"]"}}}
[15:47:08.176 UTC] To client: {"seq":0,"type":"event","event":"output","body":{"category":"telemetry","output":"target/notification/onPaused","data":{"Versions.DebugAdapterCore":"6.8.9","Versions.DebugAdapter":"4.12.8","Versions.Target.CRDPVersion":"1.3","Versions.Target.Revision":"@19d4547535ab5aba70b4730443f84e8153052174","Versions.Target.UserAgent":"Mozilla/5.0 (Macintosh; Intel Mac OS X 10_15_4) AppleWebKit/537.36 (KHTML, like Gecko) Chrome/78.0.3882.0 Safari/537.36","Versions.Target.V8":"7.8.89","Versions.Target.Project":"Chrome","Versions.Target.Version":"78.0.3882.0","aggregated.startTime":"[\"1590076028135\",\"1590076028157\",\"1590076028173\"]","aggregated.successful":"[\"true\",\"true\",\"true\"]","aggregated.timeTakenInMilliseconds":"[\"17.02033\",\"0.771728\",\"0.359048\"]"}}}
[15:47:08.177 UTC] Terminated: Got disconnect request
[15:47:08.177 UTC] Waiting for any pending steps or log messages.
[15:47:08.177 UTC] Killing Chrome process
[15:47:08.177 UTC] To client: {"seq":0,"type":"response","request_seq":9,"command":"disconnect","success":true}
[15:47:08.177 UTC] To client: {"seq":0,"type":"event","event":"output","body":{"category":"telemetry","output":"ClientRequest/disconnect","data":{"Versions.DebugAdapterCore":"6.8.9","Versions.DebugAdapter":"4.12.8","Versions.Target.CRDPVersion":"1.3","Versions.Target.Revision":"@19d4547535ab5aba70b4730443f84e8153052174","Versions.Target.UserAgent":"Mozilla/5.0 (Macintosh; Intel Mac OS X 10_15_4) AppleWebKit/537.36 (KHTML, like Gecko) Chrome/78.0.3882.0 Safari/537.36","Versions.Target.V8":"7.8.89","Versions.Target.Project":"Chrome","Versions.Target.Version":"78.0.3882.0","successful":"true","timeTakenInMilliseconds":"1.58371","requestType":"request"}}}
[15:47:08.177 UTC] Current step and log messages complete
[15:47:08.177 UTC] To client: {"seq":0,"type":"event","event":"output","body":{"category":"telemetry","output":"debugStopped","data":{"Versions.DebugAdapterCore":"6.8.9","Versions.DebugAdapter":"4.12.8","Versions.Target.CRDPVersion":"1.3","Versions.Target.Revision":"@19d4547535ab5aba70b4730443f84e8153052174","Versions.Target.UserAgent":"Mozilla/5.0 (Macintosh; Intel Mac OS X 10_15_4) AppleWebKit/537.36 (KHTML, like Gecko) Chrome/78.0.3882.0 Safari/537.36","Versions.Target.V8":"7.8.89","Versions.Target.Project":"Chrome","Versions.Target.Version":"78.0.3882.0","reason":"Got disconnect request"}}}
[15:47:08.177 UTC] To client: {"seq":0,"type":"event","event":"terminated"}
