2020-5-21, 15:45:01.861 UTC
[15:45:01.861 UTC] OS: darwin x64
[15:45:01.862 UTC] Adapter node: v12.16.1 x64
[15:45:01.862 UTC] vscode-chrome-debug-core: 6.8.9
[15:45:01.862 UTC] debugger-for-chrome: 4.12.8
[15:45:01.862 UTC] From client: initialize({"adapterID":"chrome","linesStartAt1":true,"columnsStartAt1":true,"pathFormat":"path"})
[15:45:01.862 UTC] To client: {"seq":0,"type":"response","request_seq":1,"command":"initialize","success":true,"body":{"exceptionBreakpointFilters":[{"label":"All Exceptions","filter":"all","default":false},{"label":"Uncaught Exceptions","filter":"uncaught","default":false}],"supportsConfigurationDoneRequest":true,"supportsSetVariable":true,"supportsConditionalBreakpoints":true,"supportsCompletionsRequest":true,"supportsHitConditionalBreakpoints":true,"supportsRestartFrame":true,"supportsExceptionInfoRequest":true,"supportsDelayedStackTraceLoading":true,"supportsValueFormattingOptions":true,"supportsEvaluateForHovers":true,"supportsLoadedSourcesRequest":true,"supportsBreakpointLocationsRequest":true,"supportsRestartRequest":true,"supportsSetExpression":true,"supportsLogPoints":true}}
[15:45:01.862 UTC] To client: {"seq":0,"type":"event","event":"output","body":{"category":"telemetry","output":"ClientRequest/initialize","data":{"Versions.DebugAdapterCore":"6.8.9","Versions.DebugAdapter":"4.12.8","successful":"true","timeTakenInMilliseconds":"1.797177","requestType":"request"}}}
[15:45:01.862 UTC] From client: launch({"url":"http://localhost:7890","timeout":5000,"webRoot":"/Users/roblou/code/vscode-chrome-debug/testdata/intervalDebugger","port":0,"userDataDir":"/Users/roblou/code/vscode-chrome-debug/out/test/int/testDataDir","trace":"verbose","logTimestamps":true,"disableNetworkCache":true,"logFilePath":"/Users/roblou/code/vscode-chrome-debug/logs/darwin-Chrome Debug Adapter etc launch Should launch successfully on port 0, even when a browser instance is already running-DA.log","runtimeExecutable":"/Users/roblou/code/vscode-chrome-debug/node_modules/puppeteer/.local-chromium/mac-686378/chrome-mac/Chromium.app/Contents/MacOS/Chromium"})
[15:45:01.862 UTC] To client: {"seq":0,"type":"event","event":"output","body":{"category":"telemetry","output":"debugStarted","data":{"Versions.DebugAdapterCore":"6.8.9","Versions.DebugAdapter":"4.12.8","request":"launch","args":["url","timeout","webRoot","port","userDataDir","trace","logTimestamps","disableNetworkCache","logFilePath","runtimeExecutable","breakOnLoadStrategy","pathMapping","sourceMaps","sourceMapPathOverrides","skipFileRegExps","targetFilter","smartStep","showAsyncStacks"]}}}
[15:45:01.862 UTC] spawn('/Users/roblou/code/vscode-chrome-debug/node_modules/puppeteer/.local-chromium/mac-686378/chrome-mac/Chromium.app/Contents/MacOS/Chromium', ["--remote-debugging-port=0","--no-first-run","--no-default-browser-check","--user-data-dir=/Users/roblou/code/vscode-chrome-debug/out/test/int/testDataDir","about:blank"])
[15:45:01.862 UTC] Looking for DevToolsActivePort file...
[15:45:01.863 UTC] Got the port, checking if its ready...
[15:45:01.866 UTC] Getting browser and debug protocol version via http://127.0.0.1:50137/json/version
[15:45:01.870 UTC] Discovering targets via http://127.0.0.1:50137/json/list
[15:45:01.874 UTC] Got browser version: Chrome/78.0.3882.0
[15:45:01.874 UTC] Got debug protocol version: 1.3
[15:45:01.874 UTC] To client: {"seq":0,"type":"event","event":"output","body":{"category":"telemetry","output":"targetDebugProtocolVersion","data":{"Versions.DebugAdapterCore":"6.8.9","Versions.DebugAdapter":"4.12.8"}}}
[15:45:01.875 UTC] To client: {"seq":0,"type":"event","event":"output","body":{"category":"telemetry","output":"targetCount","data":{"Versions.DebugAdapterCore":"6.8.9","Versions.DebugAdapter":"4.12.8","numTargets":1}}}
[15:45:02.077 UTC] Getting browser and debug protocol version via http://127.0.0.1:50137/json/version
[15:45:02.078 UTC] Discovering targets via http://127.0.0.1:50137/json/list
[15:45:02.081 UTC] Got browser version: Chrome/78.0.3882.0
[15:45:02.081 UTC] Got debug protocol version: 1.3
[15:45:02.081 UTC] To client: {"seq":0,"type":"event","event":"output","body":{"category":"telemetry","output":"targetDebugProtocolVersion","data":{"Versions.DebugAdapterCore":"6.8.9","Versions.DebugAdapter":"4.12.8"}}}
[15:45:02.082 UTC] To client: {"seq":0,"type":"event","event":"output","body":{"category":"telemetry","output":"targetCount","data":{"Versions.DebugAdapterCore":"6.8.9","Versions.DebugAdapter":"4.12.8","numTargets":1}}}
[15:45:02.285 UTC] Getting browser and debug protocol version via http://127.0.0.1:50137/json/version
[15:45:02.286 UTC] Discovering targets via http://127.0.0.1:50137/json/list
[15:45:07.136 UTC] Got browser version: Chrome/78.0.3882.0
[15:45:07.136 UTC] Got debug protocol version: 1.3
[15:45:07.136 UTC] To client: {"seq":0,"type":"event","event":"output","body":{"category":"telemetry","output":"targetDebugProtocolVersion","data":{"Versions.DebugAdapterCore":"6.8.9","Versions.DebugAdapter":"4.12.8"}}}
[15:45:07.136 UTC] To client: {"seq":0,"type":"event","event":"output","body":{"category":"telemetry","output":"targetCount","data":{"Versions.DebugAdapterCore":"6.8.9","Versions.DebugAdapter":"4.12.8","numTargets":2}}}
[15:45:07.137 UTC] Attaching to target: {"description":"","devtoolsFrontendUrl":"/devtools/inspector.html?ws=localhost/devtools/page/BDAF3D1BFE52F67C96E503C504513BB2","id":"BDAF3D1BFE52F67C96E503C504513BB2","title":"about:blank","type":"page","url":"about:blank","webSocketDebuggerUrl":"ws://127.0.0.1:50137/devtools/page/BDAF3D1BFE52F67C96E503C504513BB2","version":{}}
[15:45:07.137 UTC] WebSocket Url: ws://127.0.0.1:50137/devtools/page/BDAF3D1BFE52F67C96E503C504513BB2
[15:45:07.147 UTC] → To target: "{\"id\":1,\"method\":\"Console.enable\"}"
[15:45:07.147 UTC] → To target: "{\"id\":2,\"method\":\"Debugger.enable\"}"
[15:45:07.147 UTC] → To target: "{\"id\":3,\"method\":\"Runtime.enable\"}"
[15:45:07.147 UTC] → To target: "{\"id\":4,\"method\":\"Log.enable\"}"
[15:45:07.147 UTC] → To target: "{\"id\":5,\"method\":\"Runtime.runIfWaitingForDebugger\"}"
[15:45:07.147 UTC] → To target: "{\"id\":6,\"method\":\"Runtime.run\"}"
[15:45:07.147 UTC] → To target: "{\"id\":7,\"method\":\"Page.enable\"}"
[15:45:07.148 UTC] → To target: "{\"id\":8,\"method\":\"Network.enable\",\"params\":{}}"
[15:45:07.152 UTC] ← From target: {"id":1,"result":{}}
[15:45:07.154 UTC] ← From target: {"id":2,"result":{"debuggerId":"(C9C0ED60AA09EDCC7CB6F9BDEC7557BE)"}}
[15:45:07.154 UTC] ← From target: {"method":"Runtime.executionContextCreated","params":{"context":{"id":1,"origin":"://","name":"","auxData":{"isDefault":true,"type":"default","frameId":"BDAF3D1BFE52F67C96E503C504513BB2"}}}}
[15:45:07.155 UTC] ← From target: {"id":3,"result":{}}
[15:45:07.155 UTC] ← From target: {"id":4,"result":{}}
[15:45:07.156 UTC] ← From target: {"id":5,"result":{}}
[15:45:07.156 UTC] ← From target: {"error":{"code":-32601,"message":"'Runtime.run' wasn't found"},"id":6}
[15:45:07.156 UTC] ← From target: {"id":7,"result":{}}
[15:45:07.157 UTC] ← From target: {"id":8,"result":{}}
[15:45:07.158 UTC] → To target: "{\"id\":9,\"method\":\"Debugger.setBlackboxPatterns\",\"params\":{\"patterns\":[\"^chrome-extension:.*\"]}}"
[15:45:07.159 UTC] → To target: "{\"id\":10,\"method\":\"Schema.getDomains\"}"
[15:45:07.160 UTC] ← From target: {"id":10,"result":{"domains":[{"name":"Inspector","version":"1.2"},{"name":"Memory","version":"1.2"},{"name":"Page","version":"1.2"},{"name":"Emulation","version":"1.2"},{"name":"Security","version":"1.2"},{"name":"Network","version":"1.2"},{"name":"Database","version":"1.2"},{"name":"IndexedDB","version":"1.2"},{"name":"CacheStorage","version":"1.2"},{"name":"DOMStorage","version":"1.2"},{"name":"CSS","version":"1.2"},{"name":"ApplicationCache","version":"1.2"},{"name":"DOM","version":"1.2"},{"name":"IO","version":"1.2"},{"name":"DOMDebugger","version":"1.2"},{"name":"DOMSnapshot","version":"1.2"},{"name":"ServiceWorker","version":"1.2"},{"name":"Input","version":"1.2"},{"name":"LayerTree","version":"1.2"},{"name":"DeviceOrientation","version":"1.2"},{"name":"Tracing","version":"1.2"},{"name":"Animation","version":"1.2"},{"name":"Accessibility","version":"1.2"},{"name":"Storage","version":"1.2"},{"name":"Log","version":"1.2"},{"name":"Runtime","version":"1.2"},{"name":"Debugger","version":"1.2"},{"name":"Profiler","version":"1.2"},{"name":"HeapProfiler","version":"1.2"},{"name":"Schema","version":"1.2"},{"name":"Target","version":"1.2"},{"name":"Overlay","version":"1.2"},{"name":"Performance","version":"1.2"},{"name":"Audits","version":"1.2"},{"name":"HeadlessExperimental","version":"1.2"}]}}
[15:45:07.160 UTC] → To target: "{\"id\":11,\"method\":\"Debugger.setAsyncCallStackDepth\",\"params\":{\"maxDepth\":4}}"
[15:45:07.161 UTC] ← From target: {"id":9,"result":{}}
[15:45:07.162 UTC] ← From target: {"id":11,"result":{}}
[15:45:07.163 UTC] → To target: "{\"id\":12,\"method\":\"Runtime.evaluate\",\"params\":{\"expression\":\"navigator.userAgent\",\"silent\":true}}"
[15:45:07.163 UTC] → To target: "{\"id\":13,\"method\":\"Browser.getVersion\"}"
[15:45:07.163 UTC] To client: {"seq":0,"type":"response","request_seq":2,"command":"launch","success":true}
[15:45:07.163 UTC] To client: {"seq":0,"type":"event","event":"output","body":{"category":"telemetry","output":"ClientRequest/launch","data":{"Versions.DebugAdapterCore":"6.8.9","Versions.DebugAdapter":"4.12.8","successful":"true","timeTakenInMilliseconds":"5319.646854","requestType":"request"}}}
[15:45:07.164 UTC] ← From target: {"id":13,"result":{"protocolVersion":"1.3","product":"Chrome/78.0.3882.0","revision":"@19d4547535ab5aba70b4730443f84e8153052174","userAgent":"Mozilla/5.0 (Macintosh; Intel Mac OS X 10_15_4) AppleWebKit/537.36 (KHTML, like Gecko) Chrome/78.0.3882.0 Safari/537.36","jsVersion":"7.8.89"}}
[15:45:07.164 UTC] To client: {"seq":0,"type":"event","event":"output","body":{"category":"telemetry","output":"target-version","data":{"Versions.DebugAdapterCore":"6.8.9","Versions.DebugAdapter":"4.12.8","Versions.Target.CRDPVersion":"1.3","Versions.Target.Revision":"@19d4547535ab5aba70b4730443f84e8153052174","Versions.Target.UserAgent":"Mozilla/5.0 (Macintosh; Intel Mac OS X 10_15_4) AppleWebKit/537.36 (KHTML, like Gecko) Chrome/78.0.3882.0 Safari/537.36","Versions.Target.V8":"7.8.89","Versions.Target.Project":"Chrome","Versions.Target.Version":"78.0.3882.0"}}}
[15:45:07.165 UTC] ← From target: {"method":"Debugger.scriptParsed","params":{"scriptId":"13","url":"","startLine":0,"startColumn":0,"endLine":0,"endColumn":19,"executionContextId":1,"hash":"3a6f8cb8708878331cc2be2ec90de0ab25738855","executionContextAuxData":{"isDefault":true,"type":"default","frameId":"BDAF3D1BFE52F67C96E503C504513BB2"},"isLiveEdit":false,"sourceMapURL":"","hasSourceURL":false,"isModule":false,"length":19}}
[15:45:07.167 UTC] → To target: "{\"id\":14,\"method\":\"Debugger.getPossibleBreakpoints\",\"params\":{\"start\":{\"scriptId\":\"13\",\"lineNumber\":0,\"columnNumber\":0},\"end\":{\"scriptId\":\"13\",\"lineNumber\":1,\"columnNumber\":0},\"restrictToFunction\":false}}"
[15:45:07.170 UTC] ← From target: {"id":12,"result":{"result":{"type":"string","value":"Mozilla/5.0 (Macintosh; Intel Mac OS X 10_15_4) AppleWebKit/537.36 (KHTML, like Gecko) Chrome/78.0.3882.0 Safari/537.36"}}}
[15:45:07.170 UTC] Target userAgent: Mozilla/5.0 (Macintosh; Intel Mac OS X 10_15_4) AppleWebKit/537.36 (KHTML, like Gecko) Chrome/78.0.3882.0 Safari/537.36
[15:45:07.170 UTC] → To target: "{\"id\":15,\"method\":\"Network.setCacheDisabled\",\"params\":{\"cacheDisabled\":true}}"
[15:45:07.172 UTC] ← From target: {"id":14,"result":{"locations":[{"scriptId":"13","lineNumber":0,"columnNumber":0}]}}
[15:45:07.173 UTC] To client: {"seq":0,"type":"event","event":"initialized"}
[15:45:07.174 UTC] To client: {"seq":0,"type":"event","event":"loadedSource","body":{"reason":"new","source":{"name":"VM13","path":"<eval>/VM13","sourceReference":1000}}}
[15:45:07.174 UTC] From client: configurationDone(undefined)
[15:45:07.174 UTC] → To target: "{\"id\":16,\"method\":\"Page.navigate\",\"params\":{\"url\":\"http://localhost:7890\"}}"
[15:45:07.174 UTC] To client: {"seq":0,"type":"response","request_seq":3,"command":"configurationDone","success":true}
[15:45:07.175 UTC] To client: {"seq":0,"type":"event","event":"output","body":{"category":"telemetry","output":"ClientRequest/configurationDone","data":{"Versions.DebugAdapterCore":"6.8.9","Versions.DebugAdapter":"4.12.8","Versions.Target.CRDPVersion":"1.3","Versions.Target.Revision":"@19d4547535ab5aba70b4730443f84e8153052174","Versions.Target.UserAgent":"Mozilla/5.0 (Macintosh; Intel Mac OS X 10_15_4) AppleWebKit/537.36 (KHTML, like Gecko) Chrome/78.0.3882.0 Safari/537.36","Versions.Target.V8":"7.8.89","Versions.Target.Project":"Chrome","Versions.Target.Version":"78.0.3882.0","successful":"true","timeTakenInMilliseconds":"0.572889","requestType":"request"}}}
[15:45:07.176 UTC] From client: evaluate({"context":"repl","expression":"window.location.href"})
[15:45:07.176 UTC] → To target: "{\"id\":17,\"method\":\"Runtime.evaluate\",\"params\":{\"expression\":\"window.location.href\",\"silent\":true,\"includeCommandLineAPI\":true,\"objectGroup\":\"console\",\"userGesture\":true,\"generatePreview\":true}}"
[15:45:07.176 UTC] ← From target: {"id":15,"result":{}}
[15:45:07.178 UTC] ← From target: {"method":"Debugger.scriptParsed","params":{"scriptId":"14","url":"","startLine":0,"startColumn":0,"endLine":0,"endColumn":41,"executionContextId":1,"hash":"12d0c06911f98aa723b5ea2b0bab5ec95ac09838","executionContextAuxData":{"isDefault":true,"type":"default","frameId":"BDAF3D1BFE52F67C96E503C504513BB2"},"isLiveEdit":false,"sourceMapURL":"","hasSourceURL":false,"isModule":false,"length":41}}
[15:45:07.179 UTC] To client: {"seq":0,"type":"event","event":"loadedSource","body":{"reason":"new","source":{"name":"VM14","path":"<eval>/VM14","sourceReference":1001}}}
[15:45:07.179 UTC] ← From target: {"method":"Debugger.scriptParsed","params":{"scriptId":"15","url":"","startLine":0,"startColumn":0,"endLine":0,"endColumn":20,"executionContextId":1,"hash":"3be2413a0896b9b96e88e8bd255e5112184617d8","executionContextAuxData":{"isDefault":true,"type":"default","frameId":"BDAF3D1BFE52F67C96E503C504513BB2"},"isLiveEdit":false,"sourceMapURL":"","hasSourceURL":false,"isModule":false,"length":20}}
[15:45:07.180 UTC] To client: {"seq":0,"type":"event","event":"loadedSource","body":{"reason":"new","source":{"name":"VM15","path":"<eval>/VM15","sourceReference":1002}}}
[15:45:07.180 UTC] ← From target: {"id":17,"result":{"result":{"type":"string","value":"about:blank"}}}
[15:45:07.181 UTC] To client: {"seq":0,"type":"response","request_seq":4,"command":"evaluate","success":true,"body":{"result":"\"about:blank\"","variablesReference":0,"type":"string"}}
[15:45:07.181 UTC] To client: {"seq":0,"type":"event","event":"output","body":{"category":"telemetry","output":"ClientRequest/evaluate","data":{"Versions.DebugAdapterCore":"6.8.9","Versions.DebugAdapter":"4.12.8","Versions.Target.CRDPVersion":"1.3","Versions.Target.Revision":"@19d4547535ab5aba70b4730443f84e8153052174","Versions.Target.UserAgent":"Mozilla/5.0 (Macintosh; Intel Mac OS X 10_15_4) AppleWebKit/537.36 (KHTML, like Gecko) Chrome/78.0.3882.0 Safari/537.36","Versions.Target.V8":"7.8.89","Versions.Target.Project":"Chrome","Versions.Target.Version":"78.0.3882.0","successful":"true","timeTakenInMilliseconds":"5.427593","requestType":"request"}}}
[15:45:07.188 UTC] ← From target: {"id":16,"result":{"frameId":"BDAF3D1BFE52F67C96E503C504513BB2","loaderId":"269E86C86D85001E28FB48CDDF9EF9FE"}}
[15:45:07.204 UTC] ← From target: {"method":"Page.frameStartedLoading","params":{"frameId":"BDAF3D1BFE52F67C96E503C504513BB2"}}
[15:45:07.205 UTC] ← From target: {"method":"Runtime.executionContextDestroyed","params":{"executionContextId":1}}
[15:45:07.206 UTC] ← From target: {"method":"Runtime.executionContextsCleared","params":{}}
[15:45:07.206 UTC] To client: {"seq":0,"type":"event","event":"loadedSource","body":{"reason":"removed","source":{"name":"VM14","path":"<eval>/VM14","sourceReference":1001}}}
[15:45:07.206 UTC] To client: {"seq":0,"type":"event","event":"loadedSource","body":{"reason":"removed","source":{"name":"VM13","path":"<eval>/VM13","sourceReference":1000}}}
[15:45:07.206 UTC] To client: {"seq":0,"type":"event","event":"loadedSource","body":{"reason":"removed","source":{"name":"VM15","path":"<eval>/VM15","sourceReference":1002}}}
[15:45:07.207 UTC] ← From target: {"method":"Page.frameNavigated","params":{"frame":{"id":"BDAF3D1BFE52F67C96E503C504513BB2","loaderId":"269E86C86D85001E28FB48CDDF9EF9FE","url":"http://localhost:7890/","securityOrigin":"http://localhost:7890","mimeType":"text/html"}}}
[15:45:07.207 UTC] ← From target: {"method":"Runtime.executionContextCreated","params":{"context":{"id":2,"origin":"http://localhost:7890","name":"","auxData":{"isDefault":true,"type":"default","frameId":"BDAF3D1BFE52F67C96E503C504513BB2"}}}}
[15:45:07.235 UTC] From client: evaluate({"context":"repl","expression":"window.location.href"})
[15:45:07.235 UTC] → To target: "{\"id\":18,\"method\":\"Runtime.evaluate\",\"params\":{\"expression\":\"window.location.href\",\"silent\":true,\"includeCommandLineAPI\":true,\"objectGroup\":\"console\",\"userGesture\":true,\"generatePreview\":true}}"
[15:45:07.294 UTC] ← From target: {"method":"Debugger.scriptParsed","params":{"scriptId":"16","url":"http://localhost:7890/out/app.js","startLine":0,"startColumn":0,"endLine":4,"endColumn":31,"executionContextId":2,"hash":"317239527e2f91835e5e28114ab7fc0350aa5a36","executionContextAuxData":{"isDefault":true,"type":"default","frameId":"BDAF3D1BFE52F67C96E503C504513BB2"},"isLiveEdit":false,"sourceMapURL":"app.js.map","hasSourceURL":false,"isModule":false,"length":115}}
[15:45:07.295 UTC] Paths.scriptParsed: resolved http://localhost:7890/out/app.js to /Users/roblou/code/vscode-chrome-debug/testdata/intervalDebugger/out/app.js. pathMapping/webroot: {"/":"/Users/roblou/code/vscode-chrome-debug/testdata/intervalDebugger"}
[15:45:07.295 UTC] SourceMaps.getMapForGeneratedPath: Finding SourceMap for /Users/roblou/code/vscode-chrome-debug/testdata/intervalDebugger/out/app.js by URI: app.js.map and webRoot/pathMapping: {"/":"/Users/roblou/code/vscode-chrome-debug/testdata/intervalDebugger"}
[15:45:07.297 UTC] SourceMaps.loadSourceMapContents: Reading local sourcemap file from /Users/roblou/code/vscode-chrome-debug/testdata/intervalDebugger/out/app.js.map
[15:45:07.297 UTC] To client: {"seq":0,"type":"event","event":"loadedSource","body":{"reason":"new","source":{"name":"app.js","path":"http://localhost:7890/out/app.js","sourceReference":1003}}}
[15:45:07.297 UTC] ← From target: {"method":"Page.loadEventFired","params":{"timestamp":1398100.405929}}
[15:45:07.298 UTC] SourceMap: creating for /Users/roblou/code/vscode-chrome-debug/testdata/intervalDebugger/out/app.js
[15:45:07.298 UTC] SourceMap: sourceRoot: 
[15:45:07.298 UTC] SourceMap: sources: ["../src/app.ts"]
[15:45:07.298 UTC] SourceMap: pathMapping: {"/":"/Users/roblou/code/vscode-chrome-debug/testdata/intervalDebugger"}
[15:45:07.298 UTC] SourceMap: no sourceRoot specified, using script dirname: /Users/roblou/code/vscode-chrome-debug/testdata/intervalDebugger/out
[15:45:07.300 UTC] SourceMaps.scriptParsed: /Users/roblou/code/vscode-chrome-debug/testdata/intervalDebugger/out/app.js was just loaded and has mapped sources: ["/Users/roblou/code/vscode-chrome-debug/testdata/intervalDebugger/src/app.ts"]
[15:45:07.301 UTC] ← From target: {"method":"Page.frameStoppedLoading","params":{"frameId":"BDAF3D1BFE52F67C96E503C504513BB2"}}
[15:45:07.301 UTC] ← From target: {"method":"Page.domContentEventFired","params":{"timestamp":1398100.476569}}
[15:45:07.301 UTC] ← From target: {"method":"Debugger.scriptParsed","params":{"scriptId":"17","url":"","startLine":0,"startColumn":0,"endLine":0,"endColumn":41,"executionContextId":2,"hash":"12d0c06911f98aa723b5ea2b0bab5ec95ac09838","executionContextAuxData":{"isDefault":true,"type":"default","frameId":"BDAF3D1BFE52F67C96E503C504513BB2"},"isLiveEdit":false,"sourceMapURL":"","hasSourceURL":false,"isModule":false,"length":41}}
[15:45:07.302 UTC] To client: {"seq":0,"type":"event","event":"loadedSource","body":{"reason":"new","source":{"name":"VM17","path":"<eval>/VM17","sourceReference":1004}}}
[15:45:07.302 UTC] ← From target: {"method":"Debugger.scriptParsed","params":{"scriptId":"18","url":"","startLine":0,"startColumn":0,"endLine":0,"endColumn":20,"executionContextId":2,"hash":"3be2413a0896b9b96e88e8bd255e5112184617d8","executionContextAuxData":{"isDefault":true,"type":"default","frameId":"BDAF3D1BFE52F67C96E503C504513BB2"},"isLiveEdit":false,"sourceMapURL":"","hasSourceURL":false,"isModule":false,"length":20}}
[15:45:07.303 UTC] To client: {"seq":0,"type":"event","event":"loadedSource","body":{"reason":"new","source":{"name":"VM18","path":"<eval>/VM18","sourceReference":1005}}}
[15:45:07.303 UTC] ← From target: {"id":18,"result":{"result":{"type":"string","value":"http://localhost:7890/"}}}
[15:45:07.303 UTC] To client: {"seq":0,"type":"response","request_seq":5,"command":"evaluate","success":true,"body":{"result":"\"http://localhost:7890/\"","variablesReference":0,"type":"string"}}
[15:45:07.303 UTC] To client: {"seq":0,"type":"event","event":"output","body":{"category":"telemetry","output":"ClientRequest/evaluate","data":{"Versions.DebugAdapterCore":"6.8.9","Versions.DebugAdapter":"4.12.8","Versions.Target.CRDPVersion":"1.3","Versions.Target.Revision":"@19d4547535ab5aba70b4730443f84e8153052174","Versions.Target.UserAgent":"Mozilla/5.0 (Macintosh; Intel Mac OS X 10_15_4) AppleWebKit/537.36 (KHTML, like Gecko) Chrome/78.0.3882.0 Safari/537.36","Versions.Target.V8":"7.8.89","Versions.Target.Project":"Chrome","Versions.Target.Version":"78.0.3882.0","successful":"true","timeTakenInMilliseconds":"68.448016","requestType":"request"}}}
[15:45:07.304 UTC] ← From target: {"method":"Log.entryAdded","params":{"entry":{"source":"network","level":"error","text":"Failed to load resource: the server responded with a status of 404 (Not Found)","timestamp":1590075907300.741,"url":"http://localhost:7890/favicon.ico","networkRequestId":"1000003759.4"}}}
[15:45:07.305 UTC] To client: {"seq":0,"type":"event","event":"output","body":{"category":"stderr","output":"Failed to load resource: the server responded with a status of 404 (Not Found) [http://localhost:7890/favicon.ico]\n"}}
[15:45:07.308 UTC] ← From target: {"method":"Inspector.detached","params":{"reason":"Render process gone."}}
[15:45:07.317 UTC] ← From target: { "method": "Inspector.detached", "params": { "reason": "target_closed"} }
[15:45:07.317 UTC] Websocket closed
[15:45:07.317 UTC] Terminated: websocket closed
[15:45:07.317 UTC] Waiting for any pending steps or log messages.
[15:45:07.318 UTC] Current step and log messages complete
[15:45:07.318 UTC] To client: {"seq":0,"type":"event","event":"output","body":{"category":"telemetry","output":"debugStopped","data":{"Versions.DebugAdapterCore":"6.8.9","Versions.DebugAdapter":"4.12.8","Versions.Target.CRDPVersion":"1.3","Versions.Target.Revision":"@19d4547535ab5aba70b4730443f84e8153052174","Versions.Target.UserAgent":"Mozilla/5.0 (Macintosh; Intel Mac OS X 10_15_4) AppleWebKit/537.36 (KHTML, like Gecko) Chrome/78.0.3882.0 Safari/537.36","Versions.Target.V8":"7.8.89","Versions.Target.Project":"Chrome","Versions.Target.Version":"78.0.3882.0","reason":"websocket closed"}}}
[15:45:07.318 UTC] To client: {"seq":0,"type":"event","event":"terminated"}
[15:45:07.644 UTC] From client: disconnect(undefined)
[15:45:07.644 UTC] To client: {"seq":0,"type":"event","event":"output","body":{"category":"telemetry","output":"FullSessionStatistics/SourceMaps/Overrides","data":{"Versions.DebugAdapterCore":"6.8.9","Versions.DebugAdapter":"4.12.8","Versions.Target.CRDPVersion":"1.3","Versions.Target.Revision":"@19d4547535ab5aba70b4730443f84e8153052174","Versions.Target.UserAgent":"Mozilla/5.0 (Macintosh; Intel Mac OS X 10_15_4) AppleWebKit/537.36 (KHTML, like Gecko) Chrome/78.0.3882.0 Safari/537.36","Versions.Target.V8":"7.8.89","Versions.Target.Project":"Chrome","Versions.Target.Version":"78.0.3882.0","aspNetClientAppFallbackCount":0}}}
[15:45:07.645 UTC] To client: {"seq":0,"type":"event","event":"output","body":{"category":"telemetry","output":"target/notification/onScriptParsed","data":{"Versions.DebugAdapterCore":"6.8.9","Versions.DebugAdapter":"4.12.8","Versions.Target.CRDPVersion":"1.3","Versions.Target.Revision":"@19d4547535ab5aba70b4730443f84e8153052174","Versions.Target.UserAgent":"Mozilla/5.0 (Macintosh; Intel Mac OS X 10_15_4) AppleWebKit/537.36 (KHTML, like Gecko) Chrome/78.0.3882.0 Safari/537.36","Versions.Target.V8":"7.8.89","Versions.Target.Project":"Chrome","Versions.Target.Version":"78.0.3882.0","aggregated.startTime":"[\"1590075907165\",\"1590075907178\",\"1590075907179\",\"1590075907294\",\"1590075907301\",\"1590075907302\"]","aggregated.successful":"[\"true\",\"true\",\"true\",\"true\",\"true\",\"true\"]","aggregated.timeTakenInMilliseconds":"[\"3.356526\",\"0.446642\",\"0.504923\",\"6.457389\",\"0.430123\",\"0.403739\"]"}}}
[15:45:07.646 UTC] To client: {"seq":0,"type":"event","event":"output","body":{"category":"telemetry","output":"report-start-up-timings","data":{"Versions.DebugAdapterCore":"6.8.9","Versions.DebugAdapter":"4.12.8","Versions.Target.CRDPVersion":"1.3","Versions.Target.Revision":"@19d4547535ab5aba70b4730443f84e8153052174","Versions.Target.UserAgent":"Mozilla/5.0 (Macintosh; Intel Mac OS X 10_15_4) AppleWebKit/537.36 (KHTML, like Gecko) Chrome/78.0.3882.0 Safari/537.36","Versions.Target.V8":"7.8.89","Versions.Target.Project":"Chrome","Versions.Target.Version":"78.0.3882.0","RequestedContentWasDetected":"false","Steps":"[\"BeforeFirstStep\",\"ClientRequest/initialize\",\"ClientRequest/launch\",\"LaunchTarget.LaunchExe\",\"Attach\",\"Attach.RequestDebuggerTargetsInformation\",\"Attach.ProcessDebuggerTargetsInformation\",\"Attach.RequestDebuggerTargetsInformation\",\"Attach.ProcessDebuggerTargetsInformation\",\"Attach.RequestDebuggerTargetsInformation\",\"Attach.ProcessDebuggerTargetsInformation\",\"Attach.AttachToTargetDebuggerWebsocket\",\"Attach.ConfigureDebuggingSession.Internal\",\"Attach.ConfigureDebuggingSession.Target\",\"Attach.ConfigureDebuggingSession.End\"]","All":"11354.764082","Request.ClientRequest/configurationDone.startTime":"[1590075907174]","Request.ClientRequest/configurationDone.timeTakenInMilliseconds":"[0.572889]","Request.ClientRequest/evaluate.startTime":"[1590075907176,1590075907235]","Request.ClientRequest/evaluate.timeTakenInMilliseconds":"[5.427593,68.448016]","BeforeFirstStep":"[5550.46921]","WaitingAfter.ClientRequest/initialize":"[5552.297372]","ClientRequest/initialize":"[2.441065]","ClientRequest/launch":"[2.852382]","LaunchTarget.LaunchExe":"[11.475507]","Attach":"[12.485848]","Attach.RequestDebuggerTargetsInformation":"[4.433465,3.686475,4850.470713]","Attach.ProcessDebuggerTargetsInformation":"[203.131018,204.157313,0.922539]","Attach.AttachToTargetDebuggerWebsocket":"[3.606288]","Attach.ConfigureDebuggingSession.Internal":"[0.569272]","Attach.ConfigureDebuggingSession.Target":"[20.988176]","WaitingAfter.ClientRequest/launch":"[10872.682108]","WaitingAfter.NotifyInitialized":"[10882.504834]","RequestedNavigateToUserPage":"[10898.024557]","Attach.ConfigureDebuggingSession.End":"[482.740148]","RequestedContentWasNotDetectedReason":"shutdown"}}}
[15:45:07.646 UTC] Terminated: Got disconnect request
[15:45:07.646 UTC] To client: {"seq":0,"type":"response","request_seq":6,"command":"disconnect","success":true}
[15:45:07.646 UTC] To client: {"seq":0,"type":"event","event":"output","body":{"category":"telemetry","output":"ClientRequest/disconnect","data":{"Versions.DebugAdapterCore":"6.8.9","Versions.DebugAdapter":"4.12.8","Versions.Target.CRDPVersion":"1.3","Versions.Target.Revision":"@19d4547535ab5aba70b4730443f84e8153052174","Versions.Target.UserAgent":"Mozilla/5.0 (Macintosh; Intel Mac OS X 10_15_4) AppleWebKit/537.36 (KHTML, like Gecko) Chrome/78.0.3882.0 Safari/537.36","Versions.Target.V8":"7.8.89","Versions.Target.Project":"Chrome","Versions.Target.Version":"78.0.3882.0","successful":"true","timeTakenInMilliseconds":"2.61985","requestType":"request"}}}
