2020-5-21, 15:47:26.296 UTC
[15:47:26.297 UTC] OS: darwin x64
[15:47:26.297 UTC] Adapter node: v12.16.1 x64
[15:47:26.297 UTC] vscode-chrome-debug-core: 6.8.9
[15:47:26.297 UTC] debugger-for-chrome: 4.12.8
[15:47:26.297 UTC] From client: initialize({"adapterID":"chrome","linesStartAt1":true,"columnsStartAt1":true,"pathFormat":"path"})
[15:47:26.297 UTC] To client: {"seq":0,"type":"response","request_seq":1,"command":"initialize","success":true,"body":{"exceptionBreakpointFilters":[{"label":"All Exceptions","filter":"all","default":false},{"label":"Uncaught Exceptions","filter":"uncaught","default":false}],"supportsConfigurationDoneRequest":true,"supportsSetVariable":true,"supportsConditionalBreakpoints":true,"supportsCompletionsRequest":true,"supportsHitConditionalBreakpoints":true,"supportsRestartFrame":true,"supportsExceptionInfoRequest":true,"supportsDelayedStackTraceLoading":true,"supportsValueFormattingOptions":true,"supportsEvaluateForHovers":true,"supportsLoadedSourcesRequest":true,"supportsBreakpointLocationsRequest":true,"supportsRestartRequest":true,"supportsSetExpression":true,"supportsLogPoints":true}}
[15:47:26.297 UTC] To client: {"seq":0,"type":"event","event":"output","body":{"category":"telemetry","output":"ClientRequest/initialize","data":{"Versions.DebugAdapterCore":"6.8.9","Versions.DebugAdapter":"4.12.8","successful":"true","timeTakenInMilliseconds":"2.391966","requestType":"request"}}}
[15:47:26.297 UTC] From client: launch({"url":"http://localhost:7890/index.html","webRoot":"/Users/roblou/code/vscode-chrome-debug/testdata/columns","trace":"verbose","logTimestamps":true,"disableNetworkCache":true,"logFilePath":"/Users/roblou/code/vscode-chrome-debug/logs/darwin-Breakpoints Column BPs Multiple column BPs are hit on correct columns-DA.log","runtimeExecutable":"/Users/roblou/code/vscode-chrome-debug/node_modules/puppeteer/.local-chromium/mac-686378/chrome-mac/Chromium.app/Contents/MacOS/Chromium","userDataDir":"/var/folders/tx/p0ycbfpj37786p760wwdg6y80000gn/T/chrome2-3540Hi7Ins4lpNK3"})
[15:47:26.297 UTC] To client: {"seq":0,"type":"event","event":"output","body":{"category":"telemetry","output":"debugStarted","data":{"Versions.DebugAdapterCore":"6.8.9","Versions.DebugAdapter":"4.12.8","request":"launch","args":["url","webRoot","trace","logTimestamps","disableNetworkCache","logFilePath","runtimeExecutable","userDataDir","breakOnLoadStrategy","pathMapping","sourceMaps","sourceMapPathOverrides","skipFileRegExps","targetFilter","smartStep","showAsyncStacks"]}}}
[15:47:26.297 UTC] spawn('/Users/roblou/code/vscode-chrome-debug/node_modules/puppeteer/.local-chromium/mac-686378/chrome-mac/Chromium.app/Contents/MacOS/Chromium', ["--remote-debugging-port=9222","--no-first-run","--no-default-browser-check","--user-data-dir=/var/folders/tx/p0ycbfpj37786p760wwdg6y80000gn/T/chrome2-3540Hi7Ins4lpNK3","about:blank"])
[15:47:26.297 UTC] Getting browser and debug protocol version via http://127.0.0.1:9222/json/version
[15:47:26.297 UTC] Discovering targets via http://127.0.0.1:9222/json/list
[15:47:26.297 UTC] HTTP GET failed: Error: connect ECONNREFUSED 127.0.0.1:9222
[15:47:26.297 UTC] There was an error connecting to http://127.0.0.1:9222/json/version : connect ECONNREFUSED 127.0.0.1:9222
[15:47:26.297 UTC] HTTP GET failed: Error: connect ECONNREFUSED 127.0.0.1:9222
[15:47:26.297 UTC] Discovering targets via http://127.0.0.1:9222/json
[15:47:26.297 UTC] HTTP GET failed: Error: connect ECONNREFUSED 127.0.0.1:9222
[15:47:26.499 UTC] Getting browser and debug protocol version via http://127.0.0.1:9222/json/version
[15:47:26.500 UTC] Discovering targets via http://127.0.0.1:9222/json/list
[15:47:26.501 UTC] HTTP GET failed: Error: connect ECONNREFUSED 127.0.0.1:9222
[15:47:26.501 UTC] There was an error connecting to http://127.0.0.1:9222/json/version : connect ECONNREFUSED 127.0.0.1:9222
[15:47:26.501 UTC] HTTP GET failed: Error: connect ECONNREFUSED 127.0.0.1:9222
[15:47:26.501 UTC] Discovering targets via http://127.0.0.1:9222/json
[15:47:26.502 UTC] HTTP GET failed: Error: connect ECONNREFUSED 127.0.0.1:9222
[15:47:26.704 UTC] Getting browser and debug protocol version via http://127.0.0.1:9222/json/version
[15:47:26.708 UTC] Discovering targets via http://127.0.0.1:9222/json/list
[15:47:31.931 UTC] Got browser version: Chrome/78.0.3882.0
[15:47:31.932 UTC] Got debug protocol version: 1.3
[15:47:31.932 UTC] To client: {"seq":0,"type":"event","event":"output","body":{"category":"telemetry","output":"targetDebugProtocolVersion","data":{"Versions.DebugAdapterCore":"6.8.9","Versions.DebugAdapter":"4.12.8"}}}
[15:47:31.932 UTC] To client: {"seq":0,"type":"event","event":"output","body":{"category":"telemetry","output":"targetCount","data":{"Versions.DebugAdapterCore":"6.8.9","Versions.DebugAdapter":"4.12.8","numTargets":1}}}
[15:47:31.933 UTC] Attaching to target: {"description":"","devtoolsFrontendUrl":"/devtools/inspector.html?ws=localhost/devtools/page/5C912B9C0F45677C2C6106F14A25DD9F","id":"5C912B9C0F45677C2C6106F14A25DD9F","title":"","type":"page","url":"about:blank","webSocketDebuggerUrl":"ws://127.0.0.1:9222/devtools/page/5C912B9C0F45677C2C6106F14A25DD9F","version":{}}
[15:47:31.933 UTC] WebSocket Url: ws://127.0.0.1:9222/devtools/page/5C912B9C0F45677C2C6106F14A25DD9F
[15:47:31.955 UTC] → To target: "{\"id\":1,\"method\":\"Console.enable\"}"
[15:47:31.955 UTC] → To target: "{\"id\":2,\"method\":\"Debugger.enable\"}"
[15:47:31.955 UTC] → To target: "{\"id\":3,\"method\":\"Runtime.enable\"}"
[15:47:31.955 UTC] → To target: "{\"id\":4,\"method\":\"Log.enable\"}"
[15:47:31.955 UTC] → To target: "{\"id\":5,\"method\":\"Runtime.runIfWaitingForDebugger\"}"
[15:47:31.956 UTC] → To target: "{\"id\":6,\"method\":\"Runtime.run\"}"
[15:47:31.956 UTC] → To target: "{\"id\":7,\"method\":\"Page.enable\"}"
[15:47:31.956 UTC] → To target: "{\"id\":8,\"method\":\"Network.enable\",\"params\":{}}"
[15:47:31.976 UTC] ← From target: {"id":1,"result":{}}
[15:47:31.976 UTC] ← From target: {"id":2,"result":{"debuggerId":"(634196FCDBE4D5637F265F033B2A07E)"}}
[15:47:31.977 UTC] ← From target: {"method":"Runtime.executionContextCreated","params":{"context":{"id":1,"origin":"://","name":"","auxData":{"isDefault":true,"type":"default","frameId":"5C912B9C0F45677C2C6106F14A25DD9F"}}}}
[15:47:31.977 UTC] ← From target: {"id":3,"result":{}}
[15:47:31.977 UTC] ← From target: {"id":4,"result":{}}
[15:47:31.978 UTC] ← From target: {"id":5,"result":{}}
[15:47:31.978 UTC] ← From target: {"error":{"code":-32601,"message":"'Runtime.run' wasn't found"},"id":6}
[15:47:31.978 UTC] ← From target: {"id":7,"result":{}}
[15:47:31.978 UTC] ← From target: {"id":8,"result":{}}
[15:47:31.979 UTC] → To target: "{\"id\":9,\"method\":\"Debugger.setBlackboxPatterns\",\"params\":{\"patterns\":[\"^chrome-extension:.*\"]}}"
[15:47:31.979 UTC] → To target: "{\"id\":10,\"method\":\"Schema.getDomains\"}"
[15:47:31.979 UTC] ← From target: {"method":"Page.frameResized","params":{}}
[15:47:31.980 UTC] ← From target: {"id":10,"result":{"domains":[{"name":"Inspector","version":"1.2"},{"name":"Memory","version":"1.2"},{"name":"Page","version":"1.2"},{"name":"Emulation","version":"1.2"},{"name":"Security","version":"1.2"},{"name":"Network","version":"1.2"},{"name":"Database","version":"1.2"},{"name":"IndexedDB","version":"1.2"},{"name":"CacheStorage","version":"1.2"},{"name":"DOMStorage","version":"1.2"},{"name":"CSS","version":"1.2"},{"name":"ApplicationCache","version":"1.2"},{"name":"DOM","version":"1.2"},{"name":"IO","version":"1.2"},{"name":"DOMDebugger","version":"1.2"},{"name":"DOMSnapshot","version":"1.2"},{"name":"ServiceWorker","version":"1.2"},{"name":"Input","version":"1.2"},{"name":"LayerTree","version":"1.2"},{"name":"DeviceOrientation","version":"1.2"},{"name":"Tracing","version":"1.2"},{"name":"Animation","version":"1.2"},{"name":"Accessibility","version":"1.2"},{"name":"Storage","version":"1.2"},{"name":"Log","version":"1.2"},{"name":"Runtime","version":"1.2"},{"name":"Debugger","version":"1.2"},{"name":"Profiler","version":"1.2"},{"name":"HeapProfiler","version":"1.2"},{"name":"Schema","version":"1.2"},{"name":"Target","version":"1.2"},{"name":"Overlay","version":"1.2"},{"name":"Performance","version":"1.2"},{"name":"Audits","version":"1.2"},{"name":"HeadlessExperimental","version":"1.2"}]}}
[15:47:31.980 UTC] → To target: "{\"id\":11,\"method\":\"Debugger.setAsyncCallStackDepth\",\"params\":{\"maxDepth\":4}}"
[15:47:31.982 UTC] ← From target: {"id":9,"result":{}}
[15:47:31.982 UTC] ← From target: {"id":11,"result":{}}
[15:47:31.982 UTC] → To target: "{\"id\":12,\"method\":\"Runtime.evaluate\",\"params\":{\"expression\":\"navigator.userAgent\",\"silent\":true}}"
[15:47:31.983 UTC] → To target: "{\"id\":13,\"method\":\"Browser.getVersion\"}"
[15:47:31.983 UTC] To client: {"seq":0,"type":"response","request_seq":2,"command":"launch","success":true}
[15:47:31.983 UTC] To client: {"seq":0,"type":"event","event":"output","body":{"category":"telemetry","output":"ClientRequest/launch","data":{"Versions.DebugAdapterCore":"6.8.9","Versions.DebugAdapter":"4.12.8","successful":"true","timeTakenInMilliseconds":"5719.473775","requestType":"request"}}}
[15:47:31.983 UTC] ← From target: {"id":13,"result":{"protocolVersion":"1.3","product":"Chrome/78.0.3882.0","revision":"@19d4547535ab5aba70b4730443f84e8153052174","userAgent":"Mozilla/5.0 (Macintosh; Intel Mac OS X 10_15_4) AppleWebKit/537.36 (KHTML, like Gecko) Chrome/78.0.3882.0 Safari/537.36","jsVersion":"7.8.89"}}
[15:47:31.983 UTC] To client: {"seq":0,"type":"event","event":"output","body":{"category":"telemetry","output":"target-version","data":{"Versions.DebugAdapterCore":"6.8.9","Versions.DebugAdapter":"4.12.8","Versions.Target.CRDPVersion":"1.3","Versions.Target.Revision":"@19d4547535ab5aba70b4730443f84e8153052174","Versions.Target.UserAgent":"Mozilla/5.0 (Macintosh; Intel Mac OS X 10_15_4) AppleWebKit/537.36 (KHTML, like Gecko) Chrome/78.0.3882.0 Safari/537.36","Versions.Target.V8":"7.8.89","Versions.Target.Project":"Chrome","Versions.Target.Version":"78.0.3882.0"}}}
[15:47:31.984 UTC] ← From target: {"method":"Debugger.scriptParsed","params":{"scriptId":"13","url":"","startLine":0,"startColumn":0,"endLine":0,"endColumn":19,"executionContextId":1,"hash":"3a6f8cb8708878331cc2be2ec90de0ab25738855","executionContextAuxData":{"isDefault":true,"type":"default","frameId":"5C912B9C0F45677C2C6106F14A25DD9F"},"isLiveEdit":false,"sourceMapURL":"","hasSourceURL":false,"isModule":false,"length":19}}
[15:47:31.987 UTC] → To target: "{\"id\":14,\"method\":\"Debugger.getPossibleBreakpoints\",\"params\":{\"start\":{\"scriptId\":\"13\",\"lineNumber\":0,\"columnNumber\":0},\"end\":{\"scriptId\":\"13\",\"lineNumber\":1,\"columnNumber\":0},\"restrictToFunction\":false}}"
[15:47:31.988 UTC] ← From target: {"id":12,"result":{"result":{"type":"string","value":"Mozilla/5.0 (Macintosh; Intel Mac OS X 10_15_4) AppleWebKit/537.36 (KHTML, like Gecko) Chrome/78.0.3882.0 Safari/537.36"}}}
[15:47:31.988 UTC] Target userAgent: Mozilla/5.0 (Macintosh; Intel Mac OS X 10_15_4) AppleWebKit/537.36 (KHTML, like Gecko) Chrome/78.0.3882.0 Safari/537.36
[15:47:31.988 UTC] → To target: "{\"id\":15,\"method\":\"Network.setCacheDisabled\",\"params\":{\"cacheDisabled\":true}}"
[15:47:31.991 UTC] ← From target: {"id":14,"result":{"locations":[{"scriptId":"13","lineNumber":0,"columnNumber":0}]}}
[15:47:31.991 UTC] To client: {"seq":0,"type":"event","event":"initialized"}
[15:47:31.992 UTC] To client: {"seq":0,"type":"event","event":"loadedSource","body":{"reason":"new","source":{"name":"VM13","path":"<eval>/VM13","sourceReference":1000}}}
[15:47:31.992 UTC] From client: setBreakpoints({"lines":[4],"breakpoints":[{"line":4,"column":16}],"source":{"path":"/Users/roblou/code/vscode-chrome-debug/testdata/columns/src/script.ts"}})
[15:47:31.992 UTC] To client: {"seq":0,"type":"event","event":"output","body":{"category":"telemetry","output":"setBreakpointsRequest","data":{"Versions.DebugAdapterCore":"6.8.9","Versions.DebugAdapter":"4.12.8","Versions.Target.CRDPVersion":"1.3","Versions.Target.Revision":"@19d4547535ab5aba70b4730443f84e8153052174","Versions.Target.UserAgent":"Mozilla/5.0 (Macintosh; Intel Mac OS X 10_15_4) AppleWebKit/537.36 (KHTML, like Gecko) Chrome/78.0.3882.0 Safari/537.36","Versions.Target.V8":"7.8.89","Versions.Target.Project":"Chrome","Versions.Target.Version":"78.0.3882.0","fileExt":".ts"}}}
[15:47:31.993 UTC] SourceMaps.setBP: /Users/roblou/code/vscode-chrome-debug/testdata/columns/src/script.ts can't be resolved to a loaded script. It may just not be loaded yet.
[15:47:31.993 UTC] Paths.setBP: No target url cached yet for client path: /Users/roblou/code/vscode-chrome-debug/testdata/columns/src/script.ts.
[15:47:31.994 UTC] → To target: "{\"id\":16,\"method\":\"DOMDebugger.setInstrumentationBreakpoint\",\"params\":{\"eventName\":\"scriptFirstStatement\"}}"
[15:47:31.994 UTC] ← From target: {"id":15,"result":{}}
[15:47:31.995 UTC] ← From target: {"id":16,"result":{}}
[15:47:31.995 UTC] To client: {"seq":0,"type":"response","request_seq":3,"command":"setBreakpoints","success":true,"body":{"breakpoints":[{"id":1000,"verified":false,"message":"Breakpoint set but not yet bound"}]}}
[15:47:31.995 UTC] To client: {"seq":0,"type":"event","event":"output","body":{"category":"telemetry","output":"ClientRequest/setBreakpoints","data":{"Versions.DebugAdapterCore":"6.8.9","Versions.DebugAdapter":"4.12.8","Versions.Target.CRDPVersion":"1.3","Versions.Target.Revision":"@19d4547535ab5aba70b4730443f84e8153052174","Versions.Target.UserAgent":"Mozilla/5.0 (Macintosh; Intel Mac OS X 10_15_4) AppleWebKit/537.36 (KHTML, like Gecko) Chrome/78.0.3882.0 Safari/537.36","Versions.Target.V8":"7.8.89","Versions.Target.Project":"Chrome","Versions.Target.Version":"78.0.3882.0","successful":"true","timeTakenInMilliseconds":"3.179733","requestType":"request"}}}
[15:47:31.996 UTC] From client: configurationDone(undefined)
[15:47:31.996 UTC] → To target: "{\"id\":17,\"method\":\"Page.navigate\",\"params\":{\"url\":\"http://localhost:7890/index.html\"}}"
[15:47:31.996 UTC] To client: {"seq":0,"type":"response","request_seq":4,"command":"configurationDone","success":true}
[15:47:31.997 UTC] To client: {"seq":0,"type":"event","event":"output","body":{"category":"telemetry","output":"ClientRequest/configurationDone","data":{"Versions.DebugAdapterCore":"6.8.9","Versions.DebugAdapter":"4.12.8","Versions.Target.CRDPVersion":"1.3","Versions.Target.Revision":"@19d4547535ab5aba70b4730443f84e8153052174","Versions.Target.UserAgent":"Mozilla/5.0 (Macintosh; Intel Mac OS X 10_15_4) AppleWebKit/537.36 (KHTML, like Gecko) Chrome/78.0.3882.0 Safari/537.36","Versions.Target.V8":"7.8.89","Versions.Target.Project":"Chrome","Versions.Target.Version":"78.0.3882.0","successful":"true","timeTakenInMilliseconds":"0.470395","requestType":"request"}}}
[15:47:32.003 UTC] ← From target: {"id":17,"result":{"frameId":"5C912B9C0F45677C2C6106F14A25DD9F","loaderId":"54032D09B4ED1584809675EB3AFF4C73"}}
[15:47:32.015 UTC] ← From target: {"method":"Page.frameStartedLoading","params":{"frameId":"5C912B9C0F45677C2C6106F14A25DD9F"}}
[15:47:32.016 UTC] ← From target: {"method":"Runtime.executionContextDestroyed","params":{"executionContextId":1}}
[15:47:32.016 UTC] ← From target: {"method":"Runtime.executionContextsCleared","params":{}}
[15:47:32.017 UTC] To client: {"seq":0,"type":"event","event":"loadedSource","body":{"reason":"removed","source":{"name":"VM13","path":"<eval>/VM13","sourceReference":1000}}}
[15:47:32.017 UTC] ← From target: {"method":"Page.frameNavigated","params":{"frame":{"id":"5C912B9C0F45677C2C6106F14A25DD9F","loaderId":"54032D09B4ED1584809675EB3AFF4C73","url":"http://localhost:7890/index.html","securityOrigin":"http://localhost:7890","mimeType":"text/html"}}}
[15:47:32.018 UTC] To client: {"seq":0,"type":"event","event":"output","body":{"category":"telemetry","output":"report-start-up-timings","data":{"Versions.DebugAdapterCore":"6.8.9","Versions.DebugAdapter":"4.12.8","Versions.Target.CRDPVersion":"1.3","Versions.Target.Revision":"@19d4547535ab5aba70b4730443f84e8153052174","Versions.Target.UserAgent":"Mozilla/5.0 (Macintosh; Intel Mac OS X 10_15_4) AppleWebKit/537.36 (KHTML, like Gecko) Chrome/78.0.3882.0 Safari/537.36","Versions.Target.V8":"7.8.89","Versions.Target.Project":"Chrome","Versions.Target.Version":"78.0.3882.0","RequestedContentWasDetected":"true","Steps":"[\"BeforeFirstStep\",\"ClientRequest/initialize\",\"ClientRequest/launch\",\"LaunchTarget.LaunchExe\",\"Attach\",\"Attach.RequestDebuggerTargetsInformation\",\"Attach.RequestDebuggerTargetsInformation\",\"Attach.RequestDebuggerTargetsInformation\",\"Attach.ProcessDebuggerTargetsInformation\",\"Attach.AttachToTargetDebuggerWebsocket\",\"Attach.ConfigureDebuggingSession.Internal\",\"Attach.ConfigureDebuggingSession.Target\",\"Attach.ConfigureDebuggingSession.End\"]","All":"5770.657801","Request.ClientRequest/setBreakpoints.startTime":"[1590076051992]","Request.ClientRequest/setBreakpoints.timeTakenInMilliseconds":"[3.179733]","Request.ClientRequest/configurationDone.startTime":"[1590076051996]","Request.ClientRequest/configurationDone.timeTakenInMilliseconds":"[0.470395]","BeforeFirstStep":"[13.093196]","WaitingAfter.ClientRequest/initialize":"[15.420771]","ClientRequest/initialize":"[3.510167]","ClientRequest/launch":"[3.521303]","LaunchTarget.LaunchExe":"[10.225207]","Attach":"[6.302645]","Attach.RequestDebuggerTargetsInformation":"[216.296281,205.523915,5226.648474]","Attach.ProcessDebuggerTargetsInformation":"[1.513508]","Attach.AttachToTargetDebuggerWebsocket":"[6.298977]","Attach.ConfigureDebuggingSession.Internal":"[0.590211]","Attach.ConfigureDebuggingSession.Target":"[41.678515]","WaitingAfter.ClientRequest/launch":"[5736.114215]","WaitingAfter.NotifyInitialized":"[5744.392238]","RequestedNavigateToUserPage":"[5756.765459]","Attach.ConfigureDebuggingSession.End":"[35.142082]"}}}
[15:47:32.018 UTC] ← From target: {"method":"Runtime.executionContextCreated","params":{"context":{"id":2,"origin":"http://localhost:7890","name":"","auxData":{"isDefault":true,"type":"default","frameId":"5C912B9C0F45677C2C6106F14A25DD9F"}}}}
[15:47:32.027 UTC] ← From target: {"method":"Debugger.scriptParsed","params":{"scriptId":"14","url":"http://localhost:7890/out/script.js","startLine":0,"startColumn":0,"endLine":8,"endColumn":34,"executionContextId":2,"hash":"3f3bc1145385fb5f78864bab02b2cb0530814c35","executionContextAuxData":{"isDefault":true,"type":"default","frameId":"5C912B9C0F45677C2C6106F14A25DD9F"},"isLiveEdit":false,"sourceMapURL":"script.js.map","hasSourceURL":false,"isModule":false,"length":161}}
[15:47:32.027 UTC] Paths.scriptParsed: resolved http://localhost:7890/out/script.js to /Users/roblou/code/vscode-chrome-debug/testdata/columns/out/script.js. pathMapping/webroot: {"/":"/Users/roblou/code/vscode-chrome-debug/testdata/columns"}
[15:47:32.028 UTC] SourceMaps.getMapForGeneratedPath: Finding SourceMap for /Users/roblou/code/vscode-chrome-debug/testdata/columns/out/script.js by URI: script.js.map and webRoot/pathMapping: {"/":"/Users/roblou/code/vscode-chrome-debug/testdata/columns"}
[15:47:32.028 UTC] SourceMaps.loadSourceMapContents: Reading local sourcemap file from /Users/roblou/code/vscode-chrome-debug/testdata/columns/out/script.js.map
[15:47:32.029 UTC] To client: {"seq":0,"type":"event","event":"loadedSource","body":{"reason":"new","source":{"name":"script.js","path":"http://localhost:7890/out/script.js","sourceReference":1001}}}
[15:47:32.029 UTC] ← From target: {"method":"Debugger.paused","params":{"callFrames":[{"callFrameId":"{\"ordinal\":0,\"injectedScriptId\":2}","functionName":"","functionLocation":{"scriptId":"14","lineNumber":0,"columnNumber":0},"location":{"scriptId":"14","lineNumber":0,"columnNumber":0},"url":"http://localhost:7890/out/script.js","scopeChain":[{"type":"global","object":{"type":"object","className":"Window","description":"Window","objectId":"{\"injectedScriptId\":2,\"id\":1}"}}],"this":{"type":"object","className":"Window","description":"Window","objectId":"{\"injectedScriptId\":2,\"id\":2}"}}],"reason":"EventListener","data":{"eventName":"instrumentation:scriptFirstStatement"},"hitBreakpoints":[]}}
[15:47:32.030 UTC] SourceMap: creating for /Users/roblou/code/vscode-chrome-debug/testdata/columns/out/script.js
[15:47:32.030 UTC] SourceMap: sourceRoot: 
[15:47:32.030 UTC] SourceMap: sources: ["../src/script.ts"]
[15:47:32.030 UTC] SourceMap: pathMapping: {"/":"/Users/roblou/code/vscode-chrome-debug/testdata/columns"}
[15:47:32.031 UTC] SourceMap: no sourceRoot specified, using script dirname: /Users/roblou/code/vscode-chrome-debug/testdata/columns/out
[15:47:32.032 UTC] SourceMaps.scriptParsed: /Users/roblou/code/vscode-chrome-debug/testdata/columns/out/script.js was just loaded and has mapped sources: ["/Users/roblou/code/vscode-chrome-debug/testdata/columns/src/script.ts"]
[15:47:32.032 UTC] OnScriptParsed.resolvePendingBPs: Resolving pending breakpoints: {"args":{"lines":[4],"breakpoints":[{"line":4,"column":16}],"source":{"path":"/Users/roblou/code/vscode-chrome-debug/testdata/columns/src/script.ts"}},"ids":[1000],"requestSeq":3,"setWithPath":""}
[15:47:32.033 UTC] SourceMaps.setBP: Mapped /Users/roblou/code/vscode-chrome-debug/testdata/columns/src/script.ts to /Users/roblou/code/vscode-chrome-debug/testdata/columns/out/script.js
[15:47:32.034 UTC] SourceMaps.setBP: Mapped /Users/roblou/code/vscode-chrome-debug/testdata/columns/src/script.ts:4:16 to /Users/roblou/code/vscode-chrome-debug/testdata/columns/out/script.js:5:9
[15:47:32.034 UTC] Paths.setBP: Resolved /Users/roblou/code/vscode-chrome-debug/testdata/columns/out/script.js to http://localhost:7890/out/script.js
[15:47:32.035 UTC] → To target: "{\"id\":18,\"method\":\"Debugger.getPossibleBreakpoints\",\"params\":{\"start\":{\"scriptId\":\"14\",\"lineNumber\":4,\"columnNumber\":0},\"end\":{\"scriptId\":\"14\",\"lineNumber\":5,\"columnNumber\":0},\"restrictToFunction\":false}}"
[15:47:32.039 UTC] ← From target: {"id":18,"result":{"locations":[{"scriptId":"14","lineNumber":4,"columnNumber":8}]}}
[15:47:32.039 UTC] → To target: "{\"id\":19,\"method\":\"Debugger.setBreakpointByUrl\",\"params\":{\"urlRegex\":\"http:\\\\/\\\\/localhost:7890\\\\/out\\\\/script\\\\.js\",\"lineNumber\":4,\"columnNumber\":8}}"
[15:47:32.040 UTC] ← From target: {"id":19,"result":{"breakpointId":"2:4:8:http:\\/\\/localhost:7890\\/out\\/script\\.js","locations":[{"scriptId":"14","lineNumber":4,"columnNumber":8}]}}
[15:47:32.040 UTC] SourceMaps.setBP: Mapped /Users/roblou/code/vscode-chrome-debug/testdata/columns/out/script.js:5:9 to /Users/roblou/code/vscode-chrome-debug/testdata/columns/src/script.ts:4
[15:47:32.041 UTC] To client: {"seq":0,"type":"event","event":"breakpoint","body":{"reason":"changed","breakpoint":{"id":1000,"verified":true,"line":4,"column":16}}}
[15:47:32.041 UTC] BreakOnLoadHelper: Finished waiting for breakpoints to get resolved.
[15:47:32.041 UTC] Paths.scriptParsed: resolved http://localhost:7890/out/script.js to /Users/roblou/code/vscode-chrome-debug/testdata/columns/out/script.js. pathMapping/webroot: {"/":"/Users/roblou/code/vscode-chrome-debug/testdata/columns"}
[15:47:32.042 UTC] → To target: "{\"id\":20,\"method\":\"Debugger.resume\"}"
[15:47:32.043 UTC] ← From target: {"id":20,"result":{}}
[15:47:32.123 UTC] ← From target: {"method":"Debugger.resumed","params":{}}
[15:47:32.123 UTC] To client: {"seq":0,"type":"event","event":"continued","body":{"threadId":1}}
[15:47:32.123 UTC] ← From target: {"method":"Page.loadEventFired","params":{"timestamp":1398245.234899}}
[15:47:32.124 UTC] ← From target: {"method":"Page.frameStoppedLoading","params":{"frameId":"5C912B9C0F45677C2C6106F14A25DD9F"}}
[15:47:32.124 UTC] ← From target: {"method":"Page.domContentEventFired","params":{"timestamp":1398245.312157}}
[15:47:32.124 UTC] ← From target: {"method":"Debugger.paused","params":{"callFrames":[{"callFrameId":"{\"ordinal\":0,\"injectedScriptId\":2}","functionName":"","functionLocation":{"scriptId":"14","lineNumber":0,"columnNumber":21},"location":{"scriptId":"14","lineNumber":4,"columnNumber":8},"url":"http://localhost:7890/out/script.js","scopeChain":[{"type":"local","object":{"type":"object","className":"Object","description":"Object","objectId":"{\"injectedScriptId\":2,\"id\":3}"},"startLocation":{"scriptId":"14","lineNumber":0,"columnNumber":21},"endLocation":{"scriptId":"14","lineNumber":7,"columnNumber":1}},{"type":"global","object":{"type":"object","className":"Window","description":"Window","objectId":"{\"injectedScriptId\":2,\"id\":4}"}}],"this":{"type":"object","className":"Window","description":"Window","objectId":"{\"injectedScriptId\":2,\"id\":5}"}}],"reason":"other","hitBreakpoints":["2:4:8:http:\\/\\/localhost:7890\\/out\\/script\\.js"],"asyncStackTrace":{"description":"setInterval","callFrames":[{"functionName":"","scriptId":"14","url":"http://localhost:7890/out/script.js","lineNumber":0,"columnNumber":0}]}}}
[15:47:32.125 UTC] To client: {"seq":0,"type":"event","event":"stopped","body":{"reason":"breakpoint","threadId":1,"description":"Paused on breakpoint"}}
[15:47:32.125 UTC] → To target: "{\"id\":21,\"method\":\"Overlay.setPausedInDebuggerMessage\",\"params\":{\"message\":\"Paused in Visual Studio Code\"}}"
[15:47:32.126 UTC] From client: stackTrace({"threadId":1})
[15:47:32.128 UTC] To client: {"seq":0,"type":"response","request_seq":5,"command":"stackTrace","success":true,"body":{"stackFrames":[{"id":1000,"name":"(anonymous function)","source":{"name":"script.ts","path":"/Users/roblou/code/vscode-chrome-debug/testdata/columns/src/script.ts"},"line":4,"column":16},{"id":1002,"name":"[ setInterval ]","presentationHint":"label"},{"id":1001,"name":"(anonymous function)","source":{"name":"script.ts","path":"/Users/roblou/code/vscode-chrome-debug/testdata/columns/src/script.ts"},"line":1,"column":1}],"totalFrames":3}}
[15:47:32.128 UTC] To client: {"seq":0,"type":"event","event":"output","body":{"category":"telemetry","output":"ClientRequest/stackTrace","data":{"Versions.DebugAdapterCore":"6.8.9","Versions.DebugAdapter":"4.12.8","Versions.Target.CRDPVersion":"1.3","Versions.Target.Revision":"@19d4547535ab5aba70b4730443f84e8153052174","Versions.Target.UserAgent":"Mozilla/5.0 (Macintosh; Intel Mac OS X 10_15_4) AppleWebKit/537.36 (KHTML, like Gecko) Chrome/78.0.3882.0 Safari/537.36","Versions.Target.V8":"7.8.89","Versions.Target.Project":"Chrome","Versions.Target.Version":"78.0.3882.0","successful":"true","timeTakenInMilliseconds":"2.189575","requestType":"request"}}}
[15:47:32.128 UTC] From client: setBreakpoints({"source":{"path":"/Users/roblou/code/vscode-chrome-debug/testdata/columns/src/script.ts"},"breakpoints":[{"line":4,"column":24}]})
[15:47:32.128 UTC] To client: {"seq":0,"type":"event","event":"output","body":{"category":"telemetry","output":"setBreakpointsRequest","data":{"Versions.DebugAdapterCore":"6.8.9","Versions.DebugAdapter":"4.12.8","Versions.Target.CRDPVersion":"1.3","Versions.Target.Revision":"@19d4547535ab5aba70b4730443f84e8153052174","Versions.Target.UserAgent":"Mozilla/5.0 (Macintosh; Intel Mac OS X 10_15_4) AppleWebKit/537.36 (KHTML, like Gecko) Chrome/78.0.3882.0 Safari/537.36","Versions.Target.V8":"7.8.89","Versions.Target.Project":"Chrome","Versions.Target.Version":"78.0.3882.0","fileExt":".ts"}}}
[15:47:32.129 UTC] SourceMaps.setBP: Mapped /Users/roblou/code/vscode-chrome-debug/testdata/columns/src/script.ts to /Users/roblou/code/vscode-chrome-debug/testdata/columns/out/script.js
[15:47:32.129 UTC] SourceMaps.setBP: Mapped /Users/roblou/code/vscode-chrome-debug/testdata/columns/src/script.ts:4:24 to /Users/roblou/code/vscode-chrome-debug/testdata/columns/out/script.js:6:9
[15:47:32.129 UTC] Paths.setBP: Resolved /Users/roblou/code/vscode-chrome-debug/testdata/columns/out/script.js to http://localhost:7890/out/script.js
[15:47:32.129 UTC] → To target: "{\"id\":22,\"method\":\"Debugger.removeBreakpoint\",\"params\":{\"breakpointId\":\"2:4:8:http:\\\\/\\\\/localhost:7890\\\\/out\\\\/script\\\\.js\"}}"
[15:47:32.131 UTC] ← From target: {"id":21,"result":{}}
[15:47:32.131 UTC] ← From target: {"id":22,"result":{}}
[15:47:32.132 UTC] → To target: "{\"id\":23,\"method\":\"Debugger.getPossibleBreakpoints\",\"params\":{\"start\":{\"scriptId\":\"14\",\"lineNumber\":5,\"columnNumber\":0},\"end\":{\"scriptId\":\"14\",\"lineNumber\":6,\"columnNumber\":0},\"restrictToFunction\":false}}"
[15:47:32.135 UTC] ← From target: {"id":23,"result":{"locations":[{"scriptId":"14","lineNumber":5,"columnNumber":8}]}}
[15:47:32.136 UTC] → To target: "{\"id\":24,\"method\":\"Debugger.setBreakpointByUrl\",\"params\":{\"urlRegex\":\"http:\\\\/\\\\/localhost:7890\\\\/out\\\\/script\\\\.js\",\"lineNumber\":5,\"columnNumber\":8}}"
[15:47:32.137 UTC] ← From target: {"id":24,"result":{"breakpointId":"2:5:8:http:\\/\\/localhost:7890\\/out\\/script\\.js","locations":[{"scriptId":"14","lineNumber":5,"columnNumber":8}]}}
[15:47:32.137 UTC] SourceMaps.setBP: Mapped /Users/roblou/code/vscode-chrome-debug/testdata/columns/out/script.js:6:9 to /Users/roblou/code/vscode-chrome-debug/testdata/columns/src/script.ts:4
[15:47:32.137 UTC] To client: {"seq":0,"type":"response","request_seq":6,"command":"setBreakpoints","success":true,"body":{"breakpoints":[{"id":1001,"verified":true,"line":4,"column":24}]}}
[15:47:32.137 UTC] To client: {"seq":0,"type":"event","event":"output","body":{"category":"telemetry","output":"ClientRequest/setBreakpoints","data":{"Versions.DebugAdapterCore":"6.8.9","Versions.DebugAdapter":"4.12.8","Versions.Target.CRDPVersion":"1.3","Versions.Target.Revision":"@19d4547535ab5aba70b4730443f84e8153052174","Versions.Target.UserAgent":"Mozilla/5.0 (Macintosh; Intel Mac OS X 10_15_4) AppleWebKit/537.36 (KHTML, like Gecko) Chrome/78.0.3882.0 Safari/537.36","Versions.Target.V8":"7.8.89","Versions.Target.Project":"Chrome","Versions.Target.Version":"78.0.3882.0","successful":"true","timeTakenInMilliseconds":"8.666152","requestType":"request"}}}
[15:47:32.137 UTC] From client: continue({"threadId":1})
[15:47:32.137 UTC] → To target: "{\"id\":25,\"method\":\"Debugger.resume\"}"
[15:47:32.138 UTC] ← From target: {"id":25,"result":{}}
[15:47:32.138 UTC] To client: {"seq":0,"type":"response","request_seq":7,"command":"continue","success":true}
[15:47:32.138 UTC] To client: {"seq":0,"type":"event","event":"output","body":{"category":"telemetry","output":"ClientRequest/continue","data":{"Versions.DebugAdapterCore":"6.8.9","Versions.DebugAdapter":"4.12.8","Versions.Target.CRDPVersion":"1.3","Versions.Target.Revision":"@19d4547535ab5aba70b4730443f84e8153052174","Versions.Target.UserAgent":"Mozilla/5.0 (Macintosh; Intel Mac OS X 10_15_4) AppleWebKit/537.36 (KHTML, like Gecko) Chrome/78.0.3882.0 Safari/537.36","Versions.Target.V8":"7.8.89","Versions.Target.Project":"Chrome","Versions.Target.Version":"78.0.3882.0","successful":"true","timeTakenInMilliseconds":"1.142084","requestType":"request"}}}
[15:47:32.139 UTC] ← From target: {"method":"Debugger.resumed","params":{}}
[15:47:32.139 UTC] ← From target: {"method":"Debugger.paused","params":{"callFrames":[{"callFrameId":"{\"ordinal\":0,\"injectedScriptId\":2}","functionName":"","functionLocation":{"scriptId":"14","lineNumber":0,"columnNumber":21},"location":{"scriptId":"14","lineNumber":5,"columnNumber":8},"url":"http://localhost:7890/out/script.js","scopeChain":[{"type":"local","object":{"type":"object","className":"Object","description":"Object","objectId":"{\"injectedScriptId\":2,\"id\":6}"},"startLocation":{"scriptId":"14","lineNumber":0,"columnNumber":21},"endLocation":{"scriptId":"14","lineNumber":7,"columnNumber":1}},{"type":"global","object":{"type":"object","className":"Window","description":"Window","objectId":"{\"injectedScriptId\":2,\"id\":7}"}}],"this":{"type":"object","className":"Window","description":"Window","objectId":"{\"injectedScriptId\":2,\"id\":8}"}}],"reason":"other","hitBreakpoints":["2:5:8:http:\\/\\/localhost:7890\\/out\\/script\\.js"],"asyncStackTrace":{"description":"setInterval","callFrames":[{"functionName":"","scriptId":"14","url":"http://localhost:7890/out/script.js","lineNumber":0,"columnNumber":0}]}}}
[15:47:32.139 UTC] To client: {"seq":0,"type":"event","event":"stopped","body":{"reason":"breakpoint","threadId":1,"description":"Paused on breakpoint"}}
[15:47:32.139 UTC] → To target: "{\"id\":26,\"method\":\"Overlay.setPausedInDebuggerMessage\",\"params\":{\"message\":\"Paused in Visual Studio Code\"}}"
[15:47:32.140 UTC] From client: stackTrace({"threadId":1})
[15:47:32.141 UTC] To client: {"seq":0,"type":"response","request_seq":8,"command":"stackTrace","success":true,"body":{"stackFrames":[{"id":1000,"name":"(anonymous function)","source":{"name":"script.ts","path":"/Users/roblou/code/vscode-chrome-debug/testdata/columns/src/script.ts"},"line":4,"column":24},{"id":1002,"name":"[ setInterval ]","presentationHint":"label"},{"id":1001,"name":"(anonymous function)","source":{"name":"script.ts","path":"/Users/roblou/code/vscode-chrome-debug/testdata/columns/src/script.ts"},"line":1,"column":1}],"totalFrames":3}}
[15:47:32.141 UTC] To client: {"seq":0,"type":"event","event":"output","body":{"category":"telemetry","output":"ClientRequest/stackTrace","data":{"Versions.DebugAdapterCore":"6.8.9","Versions.DebugAdapter":"4.12.8","Versions.Target.CRDPVersion":"1.3","Versions.Target.Revision":"@19d4547535ab5aba70b4730443f84e8153052174","Versions.Target.UserAgent":"Mozilla/5.0 (Macintosh; Intel Mac OS X 10_15_4) AppleWebKit/537.36 (KHTML, like Gecko) Chrome/78.0.3882.0 Safari/537.36","Versions.Target.V8":"7.8.89","Versions.Target.Project":"Chrome","Versions.Target.Version":"78.0.3882.0","successful":"true","timeTakenInMilliseconds":"0.686208","requestType":"request"}}}
[15:47:32.142 UTC] ← From target: {"id":26,"result":{}}
[15:47:32.142 UTC] From client: disconnect(undefined)
[15:47:32.142 UTC] To client: {"seq":0,"type":"event","event":"output","body":{"category":"telemetry","output":"FullSessionStatistics/SourceMaps/Overrides","data":{"Versions.DebugAdapterCore":"6.8.9","Versions.DebugAdapter":"4.12.8","Versions.Target.CRDPVersion":"1.3","Versions.Target.Revision":"@19d4547535ab5aba70b4730443f84e8153052174","Versions.Target.UserAgent":"Mozilla/5.0 (Macintosh; Intel Mac OS X 10_15_4) AppleWebKit/537.36 (KHTML, like Gecko) Chrome/78.0.3882.0 Safari/537.36","Versions.Target.V8":"7.8.89","Versions.Target.Project":"Chrome","Versions.Target.Version":"78.0.3882.0","aspNetClientAppFallbackCount":0}}}
[15:47:32.142 UTC] To client: {"seq":0,"type":"event","event":"output","body":{"category":"telemetry","output":"target/notification/onScriptParsed","data":{"Versions.DebugAdapterCore":"6.8.9","Versions.DebugAdapter":"4.12.8","Versions.Target.CRDPVersion":"1.3","Versions.Target.Revision":"@19d4547535ab5aba70b4730443f84e8153052174","Versions.Target.UserAgent":"Mozilla/5.0 (Macintosh; Intel Mac OS X 10_15_4) AppleWebKit/537.36 (KHTML, like Gecko) Chrome/78.0.3882.0 Safari/537.36","Versions.Target.V8":"7.8.89","Versions.Target.Project":"Chrome","Versions.Target.Version":"78.0.3882.0","aggregated.startTime":"[\"1590076051984\",\"1590076052027\"]","aggregated.successful":"[\"true\",\"true\"]","aggregated.timeTakenInMilliseconds":"[\"3.550054\",\"14.214008\"]"}}}
[15:47:32.142 UTC] To client: {"seq":0,"type":"event","event":"output","body":{"category":"telemetry","output":"target/notification/onPaused","data":{"Versions.DebugAdapterCore":"6.8.9","Versions.DebugAdapter":"4.12.8","Versions.Target.CRDPVersion":"1.3","Versions.Target.Revision":"@19d4547535ab5aba70b4730443f84e8153052174","Versions.Target.UserAgent":"Mozilla/5.0 (Macintosh; Intel Mac OS X 10_15_4) AppleWebKit/537.36 (KHTML, like Gecko) Chrome/78.0.3882.0 Safari/537.36","Versions.Target.V8":"7.8.89","Versions.Target.Project":"Chrome","Versions.Target.Version":"78.0.3882.0","aggregated.startTime":"[\"1590076052029\",\"1590076052124\",\"1590076052139\"]","aggregated.successful":"[\"true\",\"true\",\"true\"]","aggregated.timeTakenInMilliseconds":"[\"12.486517\",\"1.454218\",\"0.353057\"]"}}}
[15:47:32.143 UTC] Terminated: Got disconnect request
[15:47:32.143 UTC] Waiting for any pending steps or log messages.
[15:47:32.143 UTC] Killing Chrome process
[15:47:32.144 UTC] To client: {"seq":0,"type":"response","request_seq":9,"command":"disconnect","success":true}
[15:47:32.144 UTC] To client: {"seq":0,"type":"event","event":"output","body":{"category":"telemetry","output":"ClientRequest/disconnect","data":{"Versions.DebugAdapterCore":"6.8.9","Versions.DebugAdapter":"4.12.8","Versions.Target.CRDPVersion":"1.3","Versions.Target.Revision":"@19d4547535ab5aba70b4730443f84e8153052174","Versions.Target.UserAgent":"Mozilla/5.0 (Macintosh; Intel Mac OS X 10_15_4) AppleWebKit/537.36 (KHTML, like Gecko) Chrome/78.0.3882.0 Safari/537.36","Versions.Target.V8":"7.8.89","Versions.Target.Project":"Chrome","Versions.Target.Version":"78.0.3882.0","successful":"true","timeTakenInMilliseconds":"2.100123","requestType":"request"}}}
[15:47:32.144 UTC] Current step and log messages complete
[15:47:32.144 UTC] To client: {"seq":0,"type":"event","event":"output","body":{"category":"telemetry","output":"debugStopped","data":{"Versions.DebugAdapterCore":"6.8.9","Versions.DebugAdapter":"4.12.8","Versions.Target.CRDPVersion":"1.3","Versions.Target.Revision":"@19d4547535ab5aba70b4730443f84e8153052174","Versions.Target.UserAgent":"Mozilla/5.0 (Macintosh; Intel Mac OS X 10_15_4) AppleWebKit/537.36 (KHTML, like Gecko) Chrome/78.0.3882.0 Safari/537.36","Versions.Target.V8":"7.8.89","Versions.Target.Project":"Chrome","Versions.Target.Version":"78.0.3882.0","reason":"Got disconnect request"}}}
[15:47:32.144 UTC] To client: {"seq":0,"type":"event","event":"terminated"}
