2020-5-21, 15:47:14.325 UTC
[15:47:14.326 UTC] OS: darwin x64
[15:47:14.326 UTC] Adapter node: v12.16.1 x64
[15:47:14.326 UTC] vscode-chrome-debug-core: 6.8.9
[15:47:14.326 UTC] debugger-for-chrome: 4.12.8
[15:47:14.326 UTC] From client: initialize({"adapterID":"chrome","linesStartAt1":true,"columnsStartAt1":true,"pathFormat":"path"})
[15:47:14.326 UTC] To client: {"seq":0,"type":"response","request_seq":1,"command":"initialize","success":true,"body":{"exceptionBreakpointFilters":[{"label":"All Exceptions","filter":"all","default":false},{"label":"Uncaught Exceptions","filter":"uncaught","default":false}],"supportsConfigurationDoneRequest":true,"supportsSetVariable":true,"supportsConditionalBreakpoints":true,"supportsCompletionsRequest":true,"supportsHitConditionalBreakpoints":true,"supportsRestartFrame":true,"supportsExceptionInfoRequest":true,"supportsDelayedStackTraceLoading":true,"supportsValueFormattingOptions":true,"supportsEvaluateForHovers":true,"supportsLoadedSourcesRequest":true,"supportsBreakpointLocationsRequest":true,"supportsRestartRequest":true,"supportsSetExpression":true,"supportsLogPoints":true}}
[15:47:14.326 UTC] To client: {"seq":0,"type":"event","event":"output","body":{"category":"telemetry","output":"ClientRequest/initialize","data":{"Versions.DebugAdapterCore":"6.8.9","Versions.DebugAdapter":"4.12.8","successful":"true","timeTakenInMilliseconds":"1.81522","requestType":"request"}}}
[15:47:14.326 UTC] From client: launch({"url":"http://localhost:7890/index.html","webRoot":"/Users/roblou/code/vscode-chrome-debug/testdata/breakOnLoad_sourceMaps","trace":"verbose","logTimestamps":true,"disableNetworkCache":true,"logFilePath":"/Users/roblou/code/vscode-chrome-debug/logs/darwin-BreakOnLoad BreakOnLoad Disabled (strategy- off) Does not hit a breakpoint in a file on load-DA.log","runtimeExecutable":"/Users/roblou/code/vscode-chrome-debug/node_modules/puppeteer/.local-chromium/mac-686378/chrome-mac/Chromium.app/Contents/MacOS/Chromium","userDataDir":"/var/folders/tx/p0ycbfpj37786p760wwdg6y80000gn/T/chrome2-3540PXCdqi7Gc7DF","breakOnLoadStrategy":"off"})
[15:47:14.326 UTC] To client: {"seq":0,"type":"event","event":"output","body":{"category":"telemetry","output":"debugStarted","data":{"Versions.DebugAdapterCore":"6.8.9","Versions.DebugAdapter":"4.12.8","request":"launch","args":["url","webRoot","trace","logTimestamps","disableNetworkCache","logFilePath","runtimeExecutable","userDataDir","breakOnLoadStrategy","pathMapping","sourceMaps","sourceMapPathOverrides","skipFileRegExps","targetFilter","smartStep","showAsyncStacks"]}}}
[15:47:14.326 UTC] spawn('/Users/roblou/code/vscode-chrome-debug/node_modules/puppeteer/.local-chromium/mac-686378/chrome-mac/Chromium.app/Contents/MacOS/Chromium', ["--remote-debugging-port=9222","--no-first-run","--no-default-browser-check","--user-data-dir=/var/folders/tx/p0ycbfpj37786p760wwdg6y80000gn/T/chrome2-3540PXCdqi7Gc7DF","about:blank"])
[15:47:14.326 UTC] Getting browser and debug protocol version via http://127.0.0.1:9222/json/version
[15:47:14.326 UTC] Discovering targets via http://127.0.0.1:9222/json/list
[15:47:14.327 UTC] HTTP GET failed: Error: connect ECONNREFUSED 127.0.0.1:9222
[15:47:14.327 UTC] There was an error connecting to http://127.0.0.1:9222/json/version : connect ECONNREFUSED 127.0.0.1:9222
[15:47:14.327 UTC] HTTP GET failed: Error: connect ECONNREFUSED 127.0.0.1:9222
[15:47:14.327 UTC] Discovering targets via http://127.0.0.1:9222/json
[15:47:14.327 UTC] HTTP GET failed: Error: connect ECONNREFUSED 127.0.0.1:9222
[15:47:14.529 UTC] Getting browser and debug protocol version via http://127.0.0.1:9222/json/version
[15:47:14.530 UTC] Discovering targets via http://127.0.0.1:9222/json/list
[15:47:14.531 UTC] HTTP GET failed: Error: connect ECONNREFUSED 127.0.0.1:9222
[15:47:14.531 UTC] There was an error connecting to http://127.0.0.1:9222/json/version : connect ECONNREFUSED 127.0.0.1:9222
[15:47:14.531 UTC] HTTP GET failed: Error: connect ECONNREFUSED 127.0.0.1:9222
[15:47:14.531 UTC] Discovering targets via http://127.0.0.1:9222/json
[15:47:14.532 UTC] HTTP GET failed: Error: connect ECONNREFUSED 127.0.0.1:9222
[15:47:14.733 UTC] Getting browser and debug protocol version via http://127.0.0.1:9222/json/version
[15:47:14.734 UTC] Discovering targets via http://127.0.0.1:9222/json/list
[15:47:19.913 UTC] Got browser version: Chrome/78.0.3882.0
[15:47:19.913 UTC] Got debug protocol version: 1.3
[15:47:19.918 UTC] To client: {"seq":0,"type":"event","event":"output","body":{"category":"telemetry","output":"targetDebugProtocolVersion","data":{"Versions.DebugAdapterCore":"6.8.9","Versions.DebugAdapter":"4.12.8"}}}
[15:47:19.918 UTC] To client: {"seq":0,"type":"event","event":"output","body":{"category":"telemetry","output":"targetCount","data":{"Versions.DebugAdapterCore":"6.8.9","Versions.DebugAdapter":"4.12.8","numTargets":1}}}
[15:47:19.919 UTC] Attaching to target: {"description":"","devtoolsFrontendUrl":"/devtools/inspector.html?ws=localhost/devtools/page/94B6D5BD53AAB8C8F47D1D76E0A4C550","id":"94B6D5BD53AAB8C8F47D1D76E0A4C550","title":"","type":"page","url":"about:blank","webSocketDebuggerUrl":"ws://127.0.0.1:9222/devtools/page/94B6D5BD53AAB8C8F47D1D76E0A4C550","version":{}}
[15:47:19.919 UTC] WebSocket Url: ws://127.0.0.1:9222/devtools/page/94B6D5BD53AAB8C8F47D1D76E0A4C550
[15:47:19.936 UTC] → To target: "{\"id\":1,\"method\":\"Console.enable\"}"
[15:47:19.936 UTC] → To target: "{\"id\":2,\"method\":\"Debugger.enable\"}"
[15:47:19.936 UTC] → To target: "{\"id\":3,\"method\":\"Runtime.enable\"}"
[15:47:19.937 UTC] → To target: "{\"id\":4,\"method\":\"Log.enable\"}"
[15:47:19.937 UTC] → To target: "{\"id\":5,\"method\":\"Runtime.runIfWaitingForDebugger\"}"
[15:47:19.937 UTC] → To target: "{\"id\":6,\"method\":\"Runtime.run\"}"
[15:47:19.937 UTC] → To target: "{\"id\":7,\"method\":\"Page.enable\"}"
[15:47:19.937 UTC] → To target: "{\"id\":8,\"method\":\"Network.enable\",\"params\":{}}"
[15:47:19.959 UTC] ← From target: {"id":1,"result":{}}
[15:47:19.960 UTC] ← From target: {"id":2,"result":{"debuggerId":"(13774A2E63F889745FA592B02CEFBE4E)"}}
[15:47:19.960 UTC] ← From target: {"method":"Runtime.executionContextCreated","params":{"context":{"id":1,"origin":"://","name":"","auxData":{"isDefault":true,"type":"default","frameId":"94B6D5BD53AAB8C8F47D1D76E0A4C550"}}}}
[15:47:19.961 UTC] ← From target: {"id":3,"result":{}}
[15:47:19.961 UTC] ← From target: {"id":4,"result":{}}
[15:47:19.961 UTC] ← From target: {"id":5,"result":{}}
[15:47:19.962 UTC] ← From target: {"error":{"code":-32601,"message":"'Runtime.run' wasn't found"},"id":6}
[15:47:19.962 UTC] ← From target: {"id":7,"result":{}}
[15:47:19.962 UTC] ← From target: {"id":8,"result":{}}
[15:47:19.963 UTC] → To target: "{\"id\":9,\"method\":\"Debugger.setBlackboxPatterns\",\"params\":{\"patterns\":[\"^chrome-extension:.*\"]}}"
[15:47:19.963 UTC] → To target: "{\"id\":10,\"method\":\"Schema.getDomains\"}"
[15:47:19.963 UTC] ← From target: {"method":"Page.frameResized","params":{}}
[15:47:19.964 UTC] ← From target: {"id":10,"result":{"domains":[{"name":"Inspector","version":"1.2"},{"name":"Memory","version":"1.2"},{"name":"Page","version":"1.2"},{"name":"Emulation","version":"1.2"},{"name":"Security","version":"1.2"},{"name":"Network","version":"1.2"},{"name":"Database","version":"1.2"},{"name":"IndexedDB","version":"1.2"},{"name":"CacheStorage","version":"1.2"},{"name":"DOMStorage","version":"1.2"},{"name":"CSS","version":"1.2"},{"name":"ApplicationCache","version":"1.2"},{"name":"DOM","version":"1.2"},{"name":"IO","version":"1.2"},{"name":"DOMDebugger","version":"1.2"},{"name":"DOMSnapshot","version":"1.2"},{"name":"ServiceWorker","version":"1.2"},{"name":"Input","version":"1.2"},{"name":"LayerTree","version":"1.2"},{"name":"DeviceOrientation","version":"1.2"},{"name":"Tracing","version":"1.2"},{"name":"Animation","version":"1.2"},{"name":"Accessibility","version":"1.2"},{"name":"Storage","version":"1.2"},{"name":"Log","version":"1.2"},{"name":"Runtime","version":"1.2"},{"name":"Debugger","version":"1.2"},{"name":"Profiler","version":"1.2"},{"name":"HeapProfiler","version":"1.2"},{"name":"Schema","version":"1.2"},{"name":"Target","version":"1.2"},{"name":"Overlay","version":"1.2"},{"name":"Performance","version":"1.2"},{"name":"Audits","version":"1.2"},{"name":"HeadlessExperimental","version":"1.2"}]}}
[15:47:19.964 UTC] → To target: "{\"id\":11,\"method\":\"Debugger.setAsyncCallStackDepth\",\"params\":{\"maxDepth\":4}}"
[15:47:19.964 UTC] ← From target: {"id":9,"result":{}}
[15:47:19.965 UTC] ← From target: {"id":11,"result":{}}
[15:47:19.965 UTC] → To target: "{\"id\":12,\"method\":\"Runtime.evaluate\",\"params\":{\"expression\":\"navigator.userAgent\",\"silent\":true}}"
[15:47:19.965 UTC] → To target: "{\"id\":13,\"method\":\"Browser.getVersion\"}"
[15:47:19.965 UTC] To client: {"seq":0,"type":"response","request_seq":2,"command":"launch","success":true}
[15:47:19.965 UTC] To client: {"seq":0,"type":"event","event":"output","body":{"category":"telemetry","output":"ClientRequest/launch","data":{"Versions.DebugAdapterCore":"6.8.9","Versions.DebugAdapter":"4.12.8","successful":"true","timeTakenInMilliseconds":"5664.748864","requestType":"request"}}}
[15:47:19.966 UTC] ← From target: {"id":13,"result":{"protocolVersion":"1.3","product":"Chrome/78.0.3882.0","revision":"@19d4547535ab5aba70b4730443f84e8153052174","userAgent":"Mozilla/5.0 (Macintosh; Intel Mac OS X 10_15_4) AppleWebKit/537.36 (KHTML, like Gecko) Chrome/78.0.3882.0 Safari/537.36","jsVersion":"7.8.89"}}
[15:47:19.966 UTC] To client: {"seq":0,"type":"event","event":"output","body":{"category":"telemetry","output":"target-version","data":{"Versions.DebugAdapterCore":"6.8.9","Versions.DebugAdapter":"4.12.8","Versions.Target.CRDPVersion":"1.3","Versions.Target.Revision":"@19d4547535ab5aba70b4730443f84e8153052174","Versions.Target.UserAgent":"Mozilla/5.0 (Macintosh; Intel Mac OS X 10_15_4) AppleWebKit/537.36 (KHTML, like Gecko) Chrome/78.0.3882.0 Safari/537.36","Versions.Target.V8":"7.8.89","Versions.Target.Project":"Chrome","Versions.Target.Version":"78.0.3882.0"}}}
[15:47:19.967 UTC] ← From target: {"method":"Debugger.scriptParsed","params":{"scriptId":"13","url":"","startLine":0,"startColumn":0,"endLine":0,"endColumn":19,"executionContextId":1,"hash":"3a6f8cb8708878331cc2be2ec90de0ab25738855","executionContextAuxData":{"isDefault":true,"type":"default","frameId":"94B6D5BD53AAB8C8F47D1D76E0A4C550"},"isLiveEdit":false,"sourceMapURL":"","hasSourceURL":false,"isModule":false,"length":19}}
[15:47:19.969 UTC] → To target: "{\"id\":14,\"method\":\"Debugger.getPossibleBreakpoints\",\"params\":{\"start\":{\"scriptId\":\"13\",\"lineNumber\":0,\"columnNumber\":0},\"end\":{\"scriptId\":\"13\",\"lineNumber\":1,\"columnNumber\":0},\"restrictToFunction\":false}}"
[15:47:19.971 UTC] ← From target: {"id":12,"result":{"result":{"type":"string","value":"Mozilla/5.0 (Macintosh; Intel Mac OS X 10_15_4) AppleWebKit/537.36 (KHTML, like Gecko) Chrome/78.0.3882.0 Safari/537.36"}}}
[15:47:19.971 UTC] Target userAgent: Mozilla/5.0 (Macintosh; Intel Mac OS X 10_15_4) AppleWebKit/537.36 (KHTML, like Gecko) Chrome/78.0.3882.0 Safari/537.36
[15:47:19.972 UTC] → To target: "{\"id\":15,\"method\":\"Network.setCacheDisabled\",\"params\":{\"cacheDisabled\":true}}"
[15:47:19.973 UTC] ← From target: {"id":14,"result":{"locations":[{"scriptId":"13","lineNumber":0,"columnNumber":0}]}}
[15:47:19.973 UTC] To client: {"seq":0,"type":"event","event":"initialized"}
[15:47:19.974 UTC] To client: {"seq":0,"type":"event","event":"loadedSource","body":{"reason":"new","source":{"name":"VM13","path":"<eval>/VM13","sourceReference":1000}}}
[15:47:19.975 UTC] From client: setBreakpoints({"lines":[1],"breakpoints":[{"line":1,"column":1}],"source":{"path":"/Users/roblou/code/vscode-chrome-debug/testdata/breakOnLoad_sourceMaps/src/script.ts"}})
[15:47:19.975 UTC] To client: {"seq":0,"type":"event","event":"output","body":{"category":"telemetry","output":"setBreakpointsRequest","data":{"Versions.DebugAdapterCore":"6.8.9","Versions.DebugAdapter":"4.12.8","Versions.Target.CRDPVersion":"1.3","Versions.Target.Revision":"@19d4547535ab5aba70b4730443f84e8153052174","Versions.Target.UserAgent":"Mozilla/5.0 (Macintosh; Intel Mac OS X 10_15_4) AppleWebKit/537.36 (KHTML, like Gecko) Chrome/78.0.3882.0 Safari/537.36","Versions.Target.V8":"7.8.89","Versions.Target.Project":"Chrome","Versions.Target.Version":"78.0.3882.0","fileExt":".ts"}}}
[15:47:19.976 UTC] To client: {"seq":0,"type":"response","request_seq":3,"command":"setBreakpoints","success":true,"body":{"breakpoints":[{"verified":false,"line":1,"column":1,"message":"Breakpoint ignored because generated code not found (source map problem?).","id":1000}]}}
[15:47:19.976 UTC] To client: {"seq":0,"type":"event","event":"output","body":{"category":"telemetry","output":"ClientRequest/setBreakpoints","data":{"Versions.DebugAdapterCore":"6.8.9","Versions.DebugAdapter":"4.12.8","Versions.Target.CRDPVersion":"1.3","Versions.Target.Revision":"@19d4547535ab5aba70b4730443f84e8153052174","Versions.Target.UserAgent":"Mozilla/5.0 (Macintosh; Intel Mac OS X 10_15_4) AppleWebKit/537.36 (KHTML, like Gecko) Chrome/78.0.3882.0 Safari/537.36","Versions.Target.V8":"7.8.89","Versions.Target.Project":"Chrome","Versions.Target.Version":"78.0.3882.0","successful":"true","timeTakenInMilliseconds":"1.118048","requestType":"request"}}}
[15:47:19.977 UTC] From client: configurationDone(undefined)
[15:47:19.977 UTC] → To target: "{\"id\":16,\"method\":\"Page.navigate\",\"params\":{\"url\":\"http://localhost:7890/index.html\"}}"
[15:47:19.977 UTC] To client: {"seq":0,"type":"response","request_seq":4,"command":"configurationDone","success":true}
[15:47:19.977 UTC] To client: {"seq":0,"type":"event","event":"output","body":{"category":"telemetry","output":"ClientRequest/configurationDone","data":{"Versions.DebugAdapterCore":"6.8.9","Versions.DebugAdapter":"4.12.8","Versions.Target.CRDPVersion":"1.3","Versions.Target.Revision":"@19d4547535ab5aba70b4730443f84e8153052174","Versions.Target.UserAgent":"Mozilla/5.0 (Macintosh; Intel Mac OS X 10_15_4) AppleWebKit/537.36 (KHTML, like Gecko) Chrome/78.0.3882.0 Safari/537.36","Versions.Target.V8":"7.8.89","Versions.Target.Project":"Chrome","Versions.Target.Version":"78.0.3882.0","successful":"true","timeTakenInMilliseconds":"0.495197","requestType":"request"}}}
[15:47:19.977 UTC] ← From target: {"id":15,"result":{}}
[15:47:19.984 UTC] ← From target: {"id":16,"result":{"frameId":"94B6D5BD53AAB8C8F47D1D76E0A4C550","loaderId":"3189AE0ADB3AFFDBF4B12CDE17AD448C"}}
[15:47:19.995 UTC] ← From target: {"method":"Page.frameStartedLoading","params":{"frameId":"94B6D5BD53AAB8C8F47D1D76E0A4C550"}}
[15:47:19.995 UTC] ← From target: {"method":"Runtime.executionContextDestroyed","params":{"executionContextId":1}}
[15:47:19.996 UTC] ← From target: {"method":"Runtime.executionContextsCleared","params":{}}
[15:47:19.996 UTC] To client: {"seq":0,"type":"event","event":"loadedSource","body":{"reason":"removed","source":{"name":"VM13","path":"<eval>/VM13","sourceReference":1000}}}
[15:47:19.996 UTC] ← From target: {"method":"Page.frameNavigated","params":{"frame":{"id":"94B6D5BD53AAB8C8F47D1D76E0A4C550","loaderId":"3189AE0ADB3AFFDBF4B12CDE17AD448C","url":"http://localhost:7890/index.html","securityOrigin":"http://localhost:7890","mimeType":"text/html"}}}
[15:47:19.997 UTC] To client: {"seq":0,"type":"event","event":"output","body":{"category":"telemetry","output":"report-start-up-timings","data":{"Versions.DebugAdapterCore":"6.8.9","Versions.DebugAdapter":"4.12.8","Versions.Target.CRDPVersion":"1.3","Versions.Target.Revision":"@19d4547535ab5aba70b4730443f84e8153052174","Versions.Target.UserAgent":"Mozilla/5.0 (Macintosh; Intel Mac OS X 10_15_4) AppleWebKit/537.36 (KHTML, like Gecko) Chrome/78.0.3882.0 Safari/537.36","Versions.Target.V8":"7.8.89","Versions.Target.Project":"Chrome","Versions.Target.Version":"78.0.3882.0","RequestedContentWasDetected":"true","Steps":"[\"BeforeFirstStep\",\"ClientRequest/initialize\",\"ClientRequest/launch\",\"LaunchTarget.LaunchExe\",\"Attach\",\"Attach.RequestDebuggerTargetsInformation\",\"Attach.RequestDebuggerTargetsInformation\",\"Attach.RequestDebuggerTargetsInformation\",\"Attach.ProcessDebuggerTargetsInformation\",\"Attach.AttachToTargetDebuggerWebsocket\",\"Attach.ConfigureDebuggingSession.Internal\",\"Attach.ConfigureDebuggingSession.Target\",\"Attach.ConfigureDebuggingSession.End\"]","All":"5709.761663","Request.ClientRequest/setBreakpoints.startTime":"[1590076039974]","Request.ClientRequest/setBreakpoints.timeTakenInMilliseconds":"[1.118048]","Request.ClientRequest/configurationDone.startTime":"[1590076039977]","Request.ClientRequest/configurationDone.timeTakenInMilliseconds":"[0.495197]","BeforeFirstStep":"[11.065106]","WaitingAfter.ClientRequest/initialize":"[12.829449]","ClientRequest/initialize":"[2.322009]","ClientRequest/launch":"[2.596383]","LaunchTarget.LaunchExe":"[9.563158]","Attach":"[5.772278]","Attach.RequestDebuggerTargetsInformation":"[210.920209,203.787882,5184.43707]","Attach.ProcessDebuggerTargetsInformation":"[1.271152]","Attach.AttachToTargetDebuggerWebsocket":"[3.73187]","Attach.ConfigureDebuggingSession.Internal":"[0.425291]","Attach.ConfigureDebuggingSession.Target":"[41.414117]","WaitingAfter.ClientRequest/launch":"[5678.17301]","WaitingAfter.NotifyInitialized":"[5686.175805]","RequestedNavigateToUserPage":"[5696.669027]","Attach.ConfigureDebuggingSession.End":"[32.105478]"}}}
[15:47:19.998 UTC] ← From target: {"method":"Runtime.executionContextCreated","params":{"context":{"id":2,"origin":"http://localhost:7890","name":"","auxData":{"isDefault":true,"type":"default","frameId":"94B6D5BD53AAB8C8F47D1D76E0A4C550"}}}}
[15:47:20.001 UTC] ← From target: {"method":"Debugger.scriptParsed","params":{"scriptId":"14","url":"http://localhost:7890/out/script.js","startLine":0,"startColumn":0,"endLine":8,"endColumn":34,"executionContextId":2,"hash":"2c7bb01d75770b9b64ad190f90d66dc325364a14","executionContextAuxData":{"isDefault":true,"type":"default","frameId":"94B6D5BD53AAB8C8F47D1D76E0A4C550"},"isLiveEdit":false,"sourceMapURL":"script.js.map","hasSourceURL":false,"isModule":false,"length":160}}
[15:47:20.002 UTC] Paths.scriptParsed: resolved http://localhost:7890/out/script.js to /Users/roblou/code/vscode-chrome-debug/testdata/breakOnLoad_sourceMaps/out/script.js. pathMapping/webroot: {"/":"/Users/roblou/code/vscode-chrome-debug/testdata/breakOnLoad_sourceMaps"}
[15:47:20.002 UTC] SourceMaps.getMapForGeneratedPath: Finding SourceMap for /Users/roblou/code/vscode-chrome-debug/testdata/breakOnLoad_sourceMaps/out/script.js by URI: script.js.map and webRoot/pathMapping: {"/":"/Users/roblou/code/vscode-chrome-debug/testdata/breakOnLoad_sourceMaps"}
[15:47:20.002 UTC] SourceMaps.loadSourceMapContents: Reading local sourcemap file from /Users/roblou/code/vscode-chrome-debug/testdata/breakOnLoad_sourceMaps/out/script.js.map
[15:47:20.003 UTC] To client: {"seq":0,"type":"event","event":"loadedSource","body":{"reason":"new","source":{"name":"script.js","path":"http://localhost:7890/out/script.js","sourceReference":1001}}}
[15:47:20.003 UTC] ← From target: {"method":"Console.messageAdded","params":{"message":{"source":"console-api","level":"log","text":"Hi","url":"http://localhost:7890/out/script.js","line":2,"column":9}}}
[15:47:20.004 UTC] SourceMap: creating for /Users/roblou/code/vscode-chrome-debug/testdata/breakOnLoad_sourceMaps/out/script.js
[15:47:20.004 UTC] SourceMap: sourceRoot: 
[15:47:20.004 UTC] SourceMap: sources: ["../src/script.ts"]
[15:47:20.004 UTC] SourceMap: pathMapping: {"/":"/Users/roblou/code/vscode-chrome-debug/testdata/breakOnLoad_sourceMaps"}
[15:47:20.004 UTC] SourceMap: no sourceRoot specified, using script dirname: /Users/roblou/code/vscode-chrome-debug/testdata/breakOnLoad_sourceMaps/out
[15:47:20.006 UTC] SourceMaps.scriptParsed: /Users/roblou/code/vscode-chrome-debug/testdata/breakOnLoad_sourceMaps/out/script.js was just loaded and has mapped sources: ["/Users/roblou/code/vscode-chrome-debug/testdata/breakOnLoad_sourceMaps/src/script.ts"]
[15:47:20.006 UTC] OnScriptParsed.resolvePendingBPs: Resolving pending breakpoints: {"args":{"lines":[1],"breakpoints":[{"line":1,"column":1}],"source":{"path":"/Users/roblou/code/vscode-chrome-debug/testdata/breakOnLoad_sourceMaps/src/script.ts"}},"ids":[1000],"requestSeq":3}
[15:47:20.006 UTC] SourceMaps.setBP: Mapped /Users/roblou/code/vscode-chrome-debug/testdata/breakOnLoad_sourceMaps/src/script.ts to /Users/roblou/code/vscode-chrome-debug/testdata/breakOnLoad_sourceMaps/out/script.js
[15:47:20.008 UTC] SourceMaps.setBP: Mapped /Users/roblou/code/vscode-chrome-debug/testdata/breakOnLoad_sourceMaps/src/script.ts:1:1 to /Users/roblou/code/vscode-chrome-debug/testdata/breakOnLoad_sourceMaps/out/script.js:1:1
[15:47:20.008 UTC] Paths.setBP: Resolved /Users/roblou/code/vscode-chrome-debug/testdata/breakOnLoad_sourceMaps/out/script.js to http://localhost:7890/out/script.js
[15:47:20.009 UTC] → To target: "{\"id\":17,\"method\":\"Debugger.getPossibleBreakpoints\",\"params\":{\"start\":{\"scriptId\":\"14\",\"lineNumber\":0,\"columnNumber\":0},\"end\":{\"scriptId\":\"14\",\"lineNumber\":1,\"columnNumber\":0},\"restrictToFunction\":false}}"
[15:47:20.009 UTC] ← From target: {"method":"Runtime.consoleAPICalled","params":{"type":"log","args":[{"type":"string","value":"Hi"}],"executionContextId":2,"timestamp":1590076040000.581,"stackTrace":{"callFrames":[{"functionName":"","scriptId":"14","url":"http://localhost:7890/out/script.js","lineNumber":1,"columnNumber":8}]}}}
[15:47:20.011 UTC] To client: {"seq":0,"type":"event","event":"output","body":{"category":"stdout","output":"Hi\n","source":{"name":"script.ts","path":"/Users/roblou/code/vscode-chrome-debug/testdata/breakOnLoad_sourceMaps/src/script.ts"},"line":1,"column":43}}
[15:47:20.012 UTC] From client: disconnect(undefined)
[15:47:20.012 UTC] To client: {"seq":0,"type":"event","event":"output","body":{"category":"telemetry","output":"FullSessionStatistics/SourceMaps/Overrides","data":{"Versions.DebugAdapterCore":"6.8.9","Versions.DebugAdapter":"4.12.8","Versions.Target.CRDPVersion":"1.3","Versions.Target.Revision":"@19d4547535ab5aba70b4730443f84e8153052174","Versions.Target.UserAgent":"Mozilla/5.0 (Macintosh; Intel Mac OS X 10_15_4) AppleWebKit/537.36 (KHTML, like Gecko) Chrome/78.0.3882.0 Safari/537.36","Versions.Target.V8":"7.8.89","Versions.Target.Project":"Chrome","Versions.Target.Version":"78.0.3882.0","aspNetClientAppFallbackCount":0}}}
[15:47:20.012 UTC] To client: {"seq":0,"type":"event","event":"output","body":{"category":"telemetry","output":"target/notification/onScriptParsed","data":{"Versions.DebugAdapterCore":"6.8.9","Versions.DebugAdapter":"4.12.8","Versions.Target.CRDPVersion":"1.3","Versions.Target.Revision":"@19d4547535ab5aba70b4730443f84e8153052174","Versions.Target.UserAgent":"Mozilla/5.0 (Macintosh; Intel Mac OS X 10_15_4) AppleWebKit/537.36 (KHTML, like Gecko) Chrome/78.0.3882.0 Safari/537.36","Versions.Target.V8":"7.8.89","Versions.Target.Project":"Chrome","Versions.Target.Version":"78.0.3882.0","aggregated.startTime":"[\"1590076039967\"]","aggregated.successful":"[\"true\"]","aggregated.timeTakenInMilliseconds":"[\"3.398365\"]"}}}
[15:47:20.014 UTC] Terminated: Got disconnect request
[15:47:20.014 UTC] Waiting for any pending steps or log messages.
[15:47:20.015 UTC] Killing Chrome process
[15:47:20.019 UTC] To client: {"seq":0,"type":"response","request_seq":5,"command":"disconnect","success":true}
[15:47:20.038 UTC] To client: {"seq":0,"type":"event","event":"output","body":{"category":"telemetry","output":"ClientRequest/disconnect","data":{"Versions.DebugAdapterCore":"6.8.9","Versions.DebugAdapter":"4.12.8","Versions.Target.CRDPVersion":"1.3","Versions.Target.Revision":"@19d4547535ab5aba70b4730443f84e8153052174","Versions.Target.UserAgent":"Mozilla/5.0 (Macintosh; Intel Mac OS X 10_15_4) AppleWebKit/537.36 (KHTML, like Gecko) Chrome/78.0.3882.0 Safari/537.36","Versions.Target.V8":"7.8.89","Versions.Target.Project":"Chrome","Versions.Target.Version":"78.0.3882.0","successful":"true","timeTakenInMilliseconds":"25.660754","requestType":"request"}}}
[15:47:20.038 UTC] Current step and log messages complete
[15:47:20.038 UTC] To client: {"seq":0,"type":"event","event":"output","body":{"category":"telemetry","output":"debugStopped","data":{"Versions.DebugAdapterCore":"6.8.9","Versions.DebugAdapter":"4.12.8","Versions.Target.CRDPVersion":"1.3","Versions.Target.Revision":"@19d4547535ab5aba70b4730443f84e8153052174","Versions.Target.UserAgent":"Mozilla/5.0 (Macintosh; Intel Mac OS X 10_15_4) AppleWebKit/537.36 (KHTML, like Gecko) Chrome/78.0.3882.0 Safari/537.36","Versions.Target.V8":"7.8.89","Versions.Target.Project":"Chrome","Versions.Target.Version":"78.0.3882.0","reason":"Got disconnect request"}}}
[15:47:20.038 UTC] To client: {"seq":0,"type":"event","event":"terminated"}
